{"D:\\Thuc_tap\\Software\\Code\\wms\\src\\app.controller.ts": {"path":"D:\\Thuc_tap\\Software\\Code\\wms\\src\\app.controller.ts","statementMap":{"0":{"start":{"line":1,"column":0},"end":{"line":1,"column":49}},"1":{"start":{"line":2,"column":0},"end":{"line":2,"column":43}},"2":{"start":{"line":5,"column":7},"end":{"line":12,"column":null}},"3":{"start":{"line":6,"column":31},"end":{"line":6,"column":43}},"4":{"start":{"line":10,"column":4},"end":{"line":10,"column":38}},"5":{"start":{"line":5,"column":13},"end":{"line":5,"column":26}},"6":{"start":{"line":9,"column":2},"end":{"line":11,"column":null}},"7":{"start":{"line":5,"column":13},"end":{"line":12,"column":null}}},"fnMap":{"0":{"name":"(anonymous_2)","decl":{"start":{"line":6,"column":2},"end":{"line":6,"column":31}},"loc":{"start":{"line":6,"column":53},"end":{"line":6,"column":57}}},"1":{"name":"(anonymous_3)","decl":{"start":{"line":9,"column":2},"end":{"line":9,"column":10}},"loc":{"start":{"line":9,"column":10},"end":{"line":11,"column":3}}}},"branchMap":{"0":{"loc":{"start":{"line":6,"column":43},"end":{"line":6,"column":56}},"type":"cond-expr","locations":[{"start":{"line":6,"column":53},"end":{"line":6,"column":56}},{"start":{"line":6,"column":53},"end":{"line":6,"column":56}}]},"1":{"loc":{"start":{"line":6,"column":43},"end":{"line":6,"column":53}},"type":"binary-expr","locations":[{"start":{"line":6,"column":43},"end":{"line":6,"column":56}},{"start":{"line":6,"column":43},"end":{"line":6,"column":53}}]}},"s":{"0":1,"1":1,"2":1,"3":1,"4":1,"5":1,"6":1,"7":1},"f":{"0":1,"1":1},"b":{"0":[1,0],"1":[1,1]}}
,"D:\\Thuc_tap\\Software\\Code\\wms\\src\\app.module.ts": {"path":"D:\\Thuc_tap\\Software\\Code\\wms\\src\\app.module.ts","statementMap":{"0":{"start":{"line":1,"column":0},"end":{"line":1,"column":40}},"1":{"start":{"line":2,"column":0},"end":{"line":2,"column":49}},"2":{"start":{"line":3,"column":0},"end":{"line":3,"column":43}},"3":{"start":{"line":4,"column":0},"end":{"line":4,"column":48}},"4":{"start":{"line":5,"column":0},"end":{"line":5,"column":68}},"5":{"start":{"line":6,"column":0},"end":{"line":6,"column":62}},"6":{"start":{"line":7,"column":0},"end":{"line":7,"column":82}},"7":{"start":{"line":8,"column":0},"end":{"line":8,"column":82}},"8":{"start":{"line":9,"column":0},"end":{"line":9,"column":100}},"9":{"start":{"line":10,"column":0},"end":{"line":10,"column":74}},"10":{"start":{"line":11,"column":0},"end":{"line":11,"column":59}},"11":{"start":{"line":12,"column":0},"end":{"line":12,"column":74}},"12":{"start":{"line":13,"column":0},"end":{"line":13,"column":62}},"13":{"start":{"line":14,"column":0},"end":{"line":14,"column":71}},"14":{"start":{"line":15,"column":0},"end":{"line":15,"column":74}},"15":{"start":{"line":16,"column":0},"end":{"line":16,"column":56}},"16":{"start":{"line":17,"column":0},"end":{"line":17,"column":52}},"17":{"start":{"line":18,"column":0},"end":{"line":18,"column":73}},"18":{"start":{"line":19,"column":0},"end":{"line":19,"column":41}},"19":{"start":{"line":20,"column":0},"end":{"line":20,"column":44}},"20":{"start":{"line":21,"column":0},"end":{"line":21,"column":46}},"21":{"start":{"line":22,"column":0},"end":{"line":22,"column":46}},"22":{"start":{"line":23,"column":0},"end":{"line":23,"column":48}},"23":{"start":{"line":24,"column":0},"end":{"line":24,"column":54}},"24":{"start":{"line":113,"column":7},"end":{"line":113,"column":null}},"25":{"start":{"line":113,"column":13},"end":{"line":113,"column":22}},"26":{"start":{"line":113,"column":13},"end":{"line":113,"column":null}},"27":{"start":{"line":47,"column":8},"end":{"line":52,"column":null}}},"fnMap":{"0":{"name":"(anonymous_10)","decl":{"start":{"line":46,"column":18},"end":{"line":46,"column":23}},"loc":{"start":{"line":46,"column":29},"end":{"line":53,"column":7}}}},"branchMap":{},"s":{"0":0,"1":0,"2":0,"3":0,"4":0,"5":0,"6":0,"7":0,"8":0,"9":0,"10":0,"11":0,"12":0,"13":0,"14":0,"15":0,"16":0,"17":0,"18":0,"19":0,"20":0,"21":0,"22":0,"23":0,"24":0,"25":0,"26":0,"27":0},"f":{"0":0},"b":{}}
,"D:\\Thuc_tap\\Software\\Code\\wms\\src\\app.service.ts": {"path":"D:\\Thuc_tap\\Software\\Code\\wms\\src\\app.service.ts","statementMap":{"0":{"start":{"line":1,"column":0},"end":{"line":1,"column":44}},"1":{"start":{"line":4,"column":7},"end":{"line":8,"column":null}},"2":{"start":{"line":6,"column":4},"end":{"line":6,"column":26}},"3":{"start":{"line":4,"column":13},"end":{"line":4,"column":23}},"4":{"start":{"line":4,"column":13},"end":{"line":8,"column":null}}},"fnMap":{"0":{"name":"(anonymous_1)","decl":{"start":{"line":5,"column":2},"end":{"line":5,"column":10}},"loc":{"start":{"line":5,"column":10},"end":{"line":7,"column":3}}}},"branchMap":{},"s":{"0":1,"1":1,"2":1,"3":1,"4":1},"f":{"0":1},"b":{}}
,"D:\\Thuc_tap\\Software\\Code\\wms\\src\\main.ts": {"path":"D:\\Thuc_tap\\Software\\Code\\wms\\src\\main.ts","statementMap":{"0":{"start":{"line":1,"column":0},"end":{"line":1,"column":54}},"1":{"start":{"line":2,"column":0},"end":{"line":2,"column":41}},"2":{"start":{"line":3,"column":0},"end":{"line":3,"column":65}},"3":{"start":{"line":4,"column":0},"end":{"line":4,"column":76}},"4":{"start":{"line":5,"column":0},"end":{"line":5,"column":90}},"5":{"start":{"line":6,"column":0},"end":{"line":6,"column":54}},"6":{"start":{"line":7,"column":0},"end":{"line":7,"column":41}},"7":{"start":{"line":8,"column":0},"end":{"line":8,"column":77}},"8":{"start":{"line":11,"column":14},"end":{"line":11,"column":49}},"9":{"start":{"line":14,"column":17},"end":{"line":33,"column":30}},"10":{"start":{"line":35,"column":26},"end":{"line":35,"column":73}},"11":{"start":{"line":35,"column":32},"end":{"line":35,"column":73}},"12":{"start":{"line":36,"column":2},"end":{"line":36,"column":51}},"13":{"start":{"line":37,"column":2},"end":{"line":40,"column":5}},"14":{"start":{"line":43,"column":2},"end":{"line":43,"column":80}},"15":{"start":{"line":46,"column":2},"end":{"line":46,"column":50}},"16":{"start":{"line":49,"column":2},"end":{"line":49,"column":72}},"17":{"start":{"line":57,"column":2},"end":{"line":60,"column":6}},"18":{"start":{"line":62,"column":2},"end":{"line":62,"column":45}},"19":{"start":{"line":65,"column":0},"end":{"line":65,"column":12}}},"fnMap":{"0":{"name":"bootstrap","decl":{"start":{"line":10,"column":15},"end":{"line":10,"column":24}},"loc":{"start":{"line":10,"column":24},"end":{"line":63,"column":1}}},"1":{"name":"(anonymous_1)","decl":{"start":{"line":35,"column":26},"end":{"line":35,"column":29}},"loc":{"start":{"line":35,"column":32},"end":{"line":35,"column":73}}}},"branchMap":{"0":{"loc":{"start":{"line":62,"column":19},"end":{"line":62,"column":43}},"type":"binary-expr","locations":[{"start":{"line":62,"column":19},"end":{"line":62,"column":35}},{"start":{"line":62,"column":39},"end":{"line":62,"column":43}}]}},"s":{"0":0,"1":0,"2":0,"3":0,"4":0,"5":0,"6":0,"7":0,"8":0,"9":0,"10":0,"11":0,"12":0,"13":0,"14":0,"15":0,"16":0,"17":0,"18":0,"19":0},"f":{"0":0,"1":0},"b":{"0":[0,0]}}
,"D:\\Thuc_tap\\Software\\Code\\wms\\src\\modules\\agents\\agents.controller.ts": {"path":"D:\\Thuc_tap\\Software\\Code\\wms\\src\\modules\\agents\\agents.controller.ts","statementMap":{"0":{"start":{"line":1,"column":0},"end":{"line":1,"column":112}},"1":{"start":{"line":2,"column":0},"end":{"line":2,"column":49}},"2":{"start":{"line":3,"column":0},"end":{"line":3,"column":56}},"3":{"start":{"line":4,"column":0},"end":{"line":4,"column":56}},"4":{"start":{"line":5,"column":0},"end":{"line":5,"column":115}},"5":{"start":{"line":6,"column":0},"end":{"line":6,"column":48}},"6":{"start":{"line":7,"column":0},"end":{"line":7,"column":57}},"7":{"start":{"line":8,"column":0},"end":{"line":8,"column":74}},"8":{"start":{"line":9,"column":0},"end":{"line":9,"column":81}},"9":{"start":{"line":17,"column":7},"end":{"line":108,"column":null}},"10":{"start":{"line":18,"column":31},"end":{"line":18,"column":46}},"11":{"start":{"line":26,"column":4},"end":{"line":26,"column":53}},"12":{"start":{"line":46,"column":4},"end":{"line":46,"column":50}},"13":{"start":{"line":62,"column":4},"end":{"line":62,"column":42}},"14":{"start":{"line":74,"column":4},"end":{"line":74,"column":85}},"15":{"start":{"line":86,"column":4},"end":{"line":86,"column":70}},"16":{"start":{"line":106,"column":4},"end":{"line":106,"column":57}},"17":{"start":{"line":17,"column":13},"end":{"line":17,"column":29}},"18":{"start":{"line":25,"column":2},"end":{"line":27,"column":null}},"19":{"start":{"line":42,"column":2},"end":{"line":47,"column":null}},"20":{"start":{"line":61,"column":2},"end":{"line":63,"column":null}},"21":{"start":{"line":69,"column":2},"end":{"line":75,"column":null}},"22":{"start":{"line":81,"column":2},"end":{"line":87,"column":null}},"23":{"start":{"line":102,"column":2},"end":{"line":107,"column":null}},"24":{"start":{"line":17,"column":13},"end":{"line":108,"column":null}}},"fnMap":{"0":{"name":"(anonymous_4)","decl":{"start":{"line":18,"column":2},"end":{"line":18,"column":31}},"loc":{"start":{"line":18,"column":59},"end":{"line":18,"column":63}}},"1":{"name":"(anonymous_5)","decl":{"start":{"line":25,"column":2},"end":{"line":25,"column":8}},"loc":{"start":{"line":25,"column":47},"end":{"line":27,"column":3}}},"2":{"name":"(anonymous_6)","decl":{"start":{"line":42,"column":2},"end":{"line":42,"column":6}},"loc":{"start":{"line":44,"column":49},"end":{"line":47,"column":3}}},"3":{"name":"(anonymous_7)","decl":{"start":{"line":61,"column":2},"end":{"line":61,"column":9}},"loc":{"start":{"line":61,"column":33},"end":{"line":63,"column":3}}},"4":{"name":"(anonymous_8)","decl":{"start":{"line":69,"column":2},"end":{"line":69,"column":28}},"loc":{"start":{"line":72,"column":49},"end":{"line":75,"column":3}}},"5":{"name":"(anonymous_9)","decl":{"start":{"line":81,"column":2},"end":{"line":81,"column":17}},"loc":{"start":{"line":84,"column":49},"end":{"line":87,"column":3}}},"6":{"name":"(anonymous_10)","decl":{"start":{"line":102,"column":2},"end":{"line":102,"column":8}},"loc":{"start":{"line":104,"column":42},"end":{"line":107,"column":3}}}},"branchMap":{"0":{"loc":{"start":{"line":25,"column":33},"end":{"line":25,"column":null}},"type":"cond-expr","locations":[{"start":{"line":25,"column":47},"end":{"line":25,"column":null}},{"start":{"line":25,"column":47},"end":{"line":25,"column":null}}]},"1":{"loc":{"start":{"line":25,"column":33},"end":{"line":25,"column":47}},"type":"binary-expr","locations":[{"start":{"line":25,"column":33},"end":{"line":25,"column":null}},{"start":{"line":25,"column":33},"end":{"line":25,"column":47}}]},"2":{"loc":{"start":{"line":104,"column":28},"end":{"line":104,"column":null}},"type":"cond-expr","locations":[{"start":{"line":104,"column":42},"end":{"line":104,"column":null}},{"start":{"line":104,"column":42},"end":{"line":104,"column":null}}]},"3":{"loc":{"start":{"line":104,"column":28},"end":{"line":104,"column":42}},"type":"binary-expr","locations":[{"start":{"line":104,"column":28},"end":{"line":104,"column":null}},{"start":{"line":104,"column":28},"end":{"line":104,"column":42}}]},"4":{"loc":{"start":{"line":18,"column":46},"end":{"line":18,"column":62}},"type":"cond-expr","locations":[{"start":{"line":18,"column":59},"end":{"line":18,"column":62}},{"start":{"line":18,"column":59},"end":{"line":18,"column":62}}]},"5":{"loc":{"start":{"line":18,"column":46},"end":{"line":18,"column":59}},"type":"binary-expr","locations":[{"start":{"line":18,"column":46},"end":{"line":18,"column":62}},{"start":{"line":18,"column":46},"end":{"line":18,"column":59}}]}},"s":{"0":9,"1":9,"2":9,"3":9,"4":9,"5":9,"6":9,"7":9,"8":9,"9":9,"10":9,"11":0,"12":0,"13":0,"14":0,"15":0,"16":0,"17":9,"18":9,"19":9,"20":9,"21":9,"22":9,"23":9,"24":9},"f":{"0":9,"1":0,"2":0,"3":0,"4":0,"5":0,"6":0},"b":{"0":[9,0],"1":[9,9],"2":[9,0],"3":[9,9],"4":[9,0],"5":[9,9]}}
,"D:\\Thuc_tap\\Software\\Code\\wms\\src\\modules\\agents\\agents.module.ts": {"path":"D:\\Thuc_tap\\Software\\Code\\wms\\src\\modules\\agents\\agents.module.ts","statementMap":{"0":{"start":{"line":1,"column":0},"end":{"line":1,"column":52}},"1":{"start":{"line":2,"column":0},"end":{"line":2,"column":49}},"2":{"start":{"line":3,"column":0},"end":{"line":3,"column":55}},"3":{"start":{"line":4,"column":0},"end":{"line":4,"column":48}},"4":{"start":{"line":5,"column":0},"end":{"line":5,"column":48}},"5":{"start":{"line":6,"column":0},"end":{"line":6,"column":55}},"6":{"start":{"line":7,"column":0},"end":{"line":7,"column":75}},"7":{"start":{"line":21,"column":7},"end":{"line":21,"column":null}},"8":{"start":{"line":21,"column":13},"end":{"line":21,"column":25}},"9":{"start":{"line":21,"column":13},"end":{"line":21,"column":null}},"10":{"start":{"line":14,"column":21},"end":{"line":14,"column":39}},"11":{"start":{"line":15,"column":21},"end":{"line":15,"column":33}}},"fnMap":{"0":{"name":"(anonymous_1)","decl":{"start":{"line":14,"column":15},"end":{"line":14,"column":18}},"loc":{"start":{"line":14,"column":21},"end":{"line":14,"column":39}}},"1":{"name":"(anonymous_2)","decl":{"start":{"line":15,"column":15},"end":{"line":15,"column":18}},"loc":{"start":{"line":15,"column":21},"end":{"line":15,"column":33}}}},"branchMap":{},"s":{"0":9,"1":9,"2":9,"3":9,"4":9,"5":9,"6":9,"7":9,"8":9,"9":9,"10":27,"11":27},"f":{"0":27,"1":27},"b":{}}
,"D:\\Thuc_tap\\Software\\Code\\wms\\src\\modules\\agents\\agents.service.ts": {"path":"D:\\Thuc_tap\\Software\\Code\\wms\\src\\modules\\agents\\agents.service.ts","statementMap":{"0":{"start":{"line":1,"column":0},"end":{"line":1,"column":84}},"1":{"start":{"line":4,"column":0},"end":{"line":4,"column":51}},"2":{"start":{"line":5,"column":0},"end":{"line":5,"column":49}},"3":{"start":{"line":6,"column":0},"end":{"line":6,"column":74}},"4":{"start":{"line":7,"column":0},"end":{"line":7,"column":48}},"5":{"start":{"line":8,"column":0},"end":{"line":8,"column":56}},"6":{"start":{"line":9,"column":0},"end":{"line":9,"column":76}},"7":{"start":{"line":12,"column":7},"end":{"line":89,"column":null}},"8":{"start":{"line":17,"column":12},"end":{"line":17,"column":29}},"9":{"start":{"line":21,"column":18},"end":{"line":21,"column":29}},"10":{"start":{"line":22,"column":4},"end":{"line":22,"column":42}},"11":{"start":{"line":24,"column":4},"end":{"line":24,"column":44}},"12":{"start":{"line":49,"column":4},"end":{"line":49,"column":66}},"13":{"start":{"line":53,"column":4},"end":{"line":57,"column":43}},"14":{"start":{"line":61,"column":18},"end":{"line":69,"column":67}},"15":{"start":{"line":70,"column":4},"end":{"line":70,"column":34}},"16":{"start":{"line":71,"column":4},"end":{"line":71,"column":27}},"17":{"start":{"line":75,"column":18},"end":{"line":75,"column":64}},"18":{"start":{"line":76,"column":4},"end":{"line":80,"column":5}},"19":{"start":{"line":77,"column":6},"end":{"line":77,"column":53}},"20":{"start":{"line":79,"column":6},"end":{"line":79,"column":19}},"21":{"start":{"line":84,"column":18},"end":{"line":84,"column":40}},"22":{"start":{"line":85,"column":4},"end":{"line":85,"column":42}},"23":{"start":{"line":87,"column":4},"end":{"line":87,"column":44}},"24":{"start":{"line":12,"column":13},"end":{"line":12,"column":26}},"25":{"start":{"line":12,"column":13},"end":{"line":89,"column":null}}},"fnMap":{"0":{"name":"(anonymous_4)","decl":{"start":{"line":13,"column":2},"end":{"line":13,"column":null}},"loc":{"start":{"line":17,"column":46},"end":{"line":18,"column":5}}},"1":{"name":"(anonymous_5)","decl":{"start":{"line":20,"column":2},"end":{"line":20,"column":8}},"loc":{"start":{"line":20,"column":39},"end":{"line":25,"column":3}}},"2":{"name":"(anonymous_6)","decl":{"start":{"line":48,"column":2},"end":{"line":48,"column":6}},"loc":{"start":{"line":48,"column":36},"end":{"line":50,"column":3}}},"3":{"name":"(anonymous_7)","decl":{"start":{"line":52,"column":2},"end":{"line":52,"column":17}},"loc":{"start":{"line":52,"column":64},"end":{"line":58,"column":3}}},"4":{"name":"(anonymous_8)","decl":{"start":{"line":60,"column":2},"end":{"line":60,"column":7}},"loc":{"start":{"line":60,"column":85},"end":{"line":72,"column":3}}},"5":{"name":"(anonymous_9)","decl":{"start":{"line":74,"column":2},"end":{"line":74,"column":7}},"loc":{"start":{"line":74,"column":26},"end":{"line":81,"column":3}}},"6":{"name":"(anonymous_10)","decl":{"start":{"line":83,"column":2},"end":{"line":83,"column":7}},"loc":{"start":{"line":83,"column":57},"end":{"line":88,"column":3}}}},"branchMap":{"0":{"loc":{"start":{"line":76,"column":4},"end":{"line":80,"column":5}},"type":"if","locations":[{"start":{"line":76,"column":4},"end":{"line":80,"column":5}},{"start":{"line":78,"column":10},"end":{"line":80,"column":5}}]},"1":{"loc":{"start":{"line":17,"column":29},"end":{"line":17,"column":46}},"type":"cond-expr","locations":[{"start":{"line":17,"column":39},"end":{"line":17,"column":46}},{"start":{"line":17,"column":39},"end":{"line":17,"column":46}}]},"2":{"loc":{"start":{"line":17,"column":29},"end":{"line":17,"column":39}},"type":"binary-expr","locations":[{"start":{"line":17,"column":29},"end":{"line":17,"column":46}},{"start":{"line":17,"column":29},"end":{"line":17,"column":39}}]}},"s":{"0":9,"1":9,"2":9,"3":9,"4":9,"5":9,"6":9,"7":9,"8":9,"9":0,"10":0,"11":0,"12":0,"13":0,"14":0,"15":0,"16":0,"17":0,"18":0,"19":0,"20":0,"21":0,"22":0,"23":0,"24":9,"25":9},"f":{"0":9,"1":0,"2":0,"3":0,"4":0,"5":0,"6":0},"b":{"0":[0,0],"1":[9,0],"2":[9,9]}}
,"D:\\Thuc_tap\\Software\\Code\\wms\\src\\modules\\agents\\dto\\create-agent.dto.ts": {"path":"D:\\Thuc_tap\\Software\\Code\\wms\\src\\modules\\agents\\dto\\create-agent.dto.ts","statementMap":{"0":{"start":{"line":1,"column":0},"end":{"line":1,"column":46}},"1":{"start":{"line":2,"column":0},"end":{"line":2,"column":52}},"2":{"start":{"line":4,"column":0},"end":{"line":4,"column":13}},"3":{"start":{"line":7,"column":4},"end":{"line":7,"column":null}},"4":{"start":{"line":11,"column":4},"end":{"line":11,"column":null}},"5":{"start":{"line":15,"column":4},"end":{"line":15,"column":null}},"6":{"start":{"line":19,"column":4},"end":{"line":19,"column":null}},"7":{"start":{"line":23,"column":4},"end":{"line":23,"column":null}}},"fnMap":{},"branchMap":{},"s":{"0":9,"1":9,"2":9,"3":9,"4":9,"5":9,"6":9,"7":9},"f":{},"b":{}}
,"D:\\Thuc_tap\\Software\\Code\\wms\\src\\modules\\agents\\dto\\update-agent.dto.ts": {"path":"D:\\Thuc_tap\\Software\\Code\\wms\\src\\modules\\agents\\dto\\update-agent.dto.ts","statementMap":{"0":{"start":{"line":2,"column":0},"end":{"line":2,"column":46}},"1":{"start":{"line":3,"column":0},"end":{"line":3,"column":52}},"2":{"start":{"line":5,"column":0},"end":{"line":5,"column":13}}},"fnMap":{},"branchMap":{},"s":{"0":9,"1":9,"2":9},"f":{},"b":{}}
,"D:\\Thuc_tap\\Software\\Code\\wms\\src\\modules\\agents\\entities\\agent.entity.ts": {"path":"D:\\Thuc_tap\\Software\\Code\\wms\\src\\modules\\agents\\entities\\agent.entity.ts","statementMap":{"0":{"start":{"line":2,"column":0},"end":{"line":2,"column":46}},"1":{"start":{"line":3,"column":0},"end":{"line":3,"column":127}},"2":{"start":{"line":4,"column":0},"end":{"line":4,"column":59}},"3":{"start":{"line":5,"column":0},"end":{"line":5,"column":79}},"4":{"start":{"line":11,"column":7},"end":{"line":52,"column":null}},"5":{"start":{"line":11,"column":13},"end":{"line":11,"column":18}},"6":{"start":{"line":14,"column":4},"end":{"line":14,"column":null}},"7":{"start":{"line":19,"column":4},"end":{"line":19,"column":null}},"8":{"start":{"line":23,"column":4},"end":{"line":23,"column":null}},"9":{"start":{"line":27,"column":4},"end":{"line":27,"column":null}},"10":{"start":{"line":31,"column":4},"end":{"line":31,"column":null}},"11":{"start":{"line":35,"column":4},"end":{"line":35,"column":null}},"12":{"start":{"line":39,"column":4},"end":{"line":39,"column":null}},"13":{"start":{"line":43,"column":4},"end":{"line":43,"column":null}},"14":{"start":{"line":47,"column":4},"end":{"line":47,"column":null}},"15":{"start":{"line":46,"column":21},"end":{"line":46,"column":26}},"16":{"start":{"line":46,"column":39},"end":{"line":46,"column":50}},"17":{"start":{"line":51,"column":4},"end":{"line":51,"column":null}},"18":{"start":{"line":50,"column":21},"end":{"line":50,"column":32}},"19":{"start":{"line":50,"column":51},"end":{"line":50,"column":68}},"20":{"start":{"line":11,"column":13},"end":{"line":52,"column":null}}},"fnMap":{"0":{"name":"(anonymous_2)","decl":{"start":{"line":46,"column":15},"end":{"line":46,"column":18}},"loc":{"start":{"line":46,"column":21},"end":{"line":46,"column":26}}},"1":{"name":"(anonymous_3)","decl":{"start":{"line":46,"column":28},"end":{"line":46,"column":29}},"loc":{"start":{"line":46,"column":39},"end":{"line":46,"column":50}}},"2":{"name":"(anonymous_4)","decl":{"start":{"line":50,"column":15},"end":{"line":50,"column":18}},"loc":{"start":{"line":50,"column":21},"end":{"line":50,"column":32}}},"3":{"name":"(anonymous_5)","decl":{"start":{"line":50,"column":34},"end":{"line":50,"column":35}},"loc":{"start":{"line":50,"column":51},"end":{"line":50,"column":68}}}},"branchMap":{"0":{"loc":{"start":{"line":39,"column":16},"end":{"line":39,"column":21}},"type":"cond-expr","locations":[{"start":{"line":39,"column":20},"end":{"line":39,"column":21}},{"start":{"line":39,"column":20},"end":{"line":39,"column":21}}]},"1":{"loc":{"start":{"line":39,"column":16},"end":{"line":39,"column":20}},"type":"binary-expr","locations":[{"start":{"line":39,"column":16},"end":{"line":39,"column":21}},{"start":{"line":39,"column":16},"end":{"line":39,"column":20}}]},"2":{"loc":{"start":{"line":43,"column":16},"end":{"line":43,"column":21}},"type":"cond-expr","locations":[{"start":{"line":43,"column":20},"end":{"line":43,"column":21}},{"start":{"line":43,"column":20},"end":{"line":43,"column":21}}]},"3":{"loc":{"start":{"line":43,"column":16},"end":{"line":43,"column":20}},"type":"binary-expr","locations":[{"start":{"line":43,"column":16},"end":{"line":43,"column":21}},{"start":{"line":43,"column":16},"end":{"line":43,"column":20}}]}},"s":{"0":9,"1":9,"2":9,"3":9,"4":9,"5":9,"6":9,"7":9,"8":9,"9":9,"10":9,"11":9,"12":9,"13":9,"14":9,"15":9,"16":9,"17":9,"18":9,"19":9,"20":9},"f":{"0":9,"1":9,"2":9,"3":9},"b":{"0":[9,0],"1":[9,9],"2":[9,0],"3":[9,9]}}
,"D:\\Thuc_tap\\Software\\Code\\wms\\src\\modules\\auth\\auth.controller.ts": {"path":"D:\\Thuc_tap\\Software\\Code\\wms\\src\\modules\\auth\\auth.controller.ts","statementMap":{"0":{"start":{"line":1,"column":0},"end":{"line":1,"column":56}},"1":{"start":{"line":2,"column":0},"end":{"line":2,"column":45}},"2":{"start":{"line":3,"column":0},"end":{"line":3,"column":69}},"3":{"start":{"line":4,"column":0},"end":{"line":4,"column":76}},"4":{"start":{"line":5,"column":0},"end":{"line":5,"column":81}},"5":{"start":{"line":6,"column":0},"end":{"line":6,"column":43}},"6":{"start":{"line":7,"column":0},"end":{"line":7,"column":69}},"7":{"start":{"line":10,"column":7},"end":{"line":29,"column":null}},"8":{"start":{"line":11,"column":33},"end":{"line":11,"column":46}},"9":{"start":{"line":27,"column":8},"end":{"line":27,"column":49}},"10":{"start":{"line":10,"column":13},"end":{"line":10,"column":27}},"11":{"start":{"line":26,"column":4},"end":{"line":28,"column":null}},"12":{"start":{"line":10,"column":13},"end":{"line":29,"column":null}}},"fnMap":{"0":{"name":"(anonymous_4)","decl":{"start":{"line":11,"column":4},"end":{"line":11,"column":33}},"loc":{"start":{"line":11,"column":57},"end":{"line":11,"column":60}}},"1":{"name":"(anonymous_5)","decl":{"start":{"line":26,"column":4},"end":{"line":26,"column":10}},"loc":{"start":{"line":26,"column":37},"end":{"line":28,"column":5}}}},"branchMap":{"0":{"loc":{"start":{"line":26,"column":29},"end":{"line":26,"column":null}},"type":"cond-expr","locations":[{"start":{"line":26,"column":37},"end":{"line":26,"column":null}},{"start":{"line":26,"column":37},"end":{"line":26,"column":null}}]},"1":{"loc":{"start":{"line":26,"column":29},"end":{"line":26,"column":37}},"type":"binary-expr","locations":[{"start":{"line":26,"column":29},"end":{"line":26,"column":null}},{"start":{"line":26,"column":29},"end":{"line":26,"column":37}}]},"2":{"loc":{"start":{"line":11,"column":46},"end":{"line":11,"column":59}},"type":"cond-expr","locations":[{"start":{"line":11,"column":57},"end":{"line":11,"column":59}},{"start":{"line":11,"column":57},"end":{"line":11,"column":59}}]},"3":{"loc":{"start":{"line":11,"column":46},"end":{"line":11,"column":57}},"type":"binary-expr","locations":[{"start":{"line":11,"column":46},"end":{"line":11,"column":59}},{"start":{"line":11,"column":46},"end":{"line":11,"column":57}}]}},"s":{"0":0,"1":0,"2":0,"3":0,"4":0,"5":0,"6":0,"7":0,"8":0,"9":0,"10":0,"11":0,"12":0},"f":{"0":0,"1":0},"b":{"0":[0,0],"1":[0,0],"2":[0,0],"3":[0,0]}}
,"D:\\Thuc_tap\\Software\\Code\\wms\\src\\modules\\auth\\auth.guard.ts": {"path":"D:\\Thuc_tap\\Software\\Code\\wms\\src\\modules\\auth\\auth.guard.ts","statementMap":{"0":{"start":{"line":1,"column":0},"end":{"line":1,"column":null}},"1":{"start":{"line":8,"column":0},"end":{"line":8,"column":41}},"2":{"start":{"line":9,"column":0},"end":{"line":9,"column":41}},"3":{"start":{"line":11,"column":0},"end":{"line":11,"column":83}},"4":{"start":{"line":12,"column":0},"end":{"line":12,"column":78}},"5":{"start":{"line":13,"column":0},"end":{"line":13,"column":57}},"6":{"start":{"line":14,"column":0},"end":{"line":14,"column":43}},"7":{"start":{"line":16,"column":7},"end":{"line":84,"column":null}},"8":{"start":{"line":18,"column":25},"end":{"line":18,"column":37}},"9":{"start":{"line":19,"column":16},"end":{"line":19,"column":27}},"10":{"start":{"line":24,"column":25},"end":{"line":26,"column":null}},"11":{"start":{"line":29,"column":8},"end":{"line":32,"column":9}},"12":{"start":{"line":31,"column":12},"end":{"line":31,"column":24}},"13":{"start":{"line":34,"column":24},"end":{"line":34,"column":59}},"14":{"start":{"line":35,"column":22},"end":{"line":35,"column":58}},"15":{"start":{"line":37,"column":8},"end":{"line":39,"column":9}},"16":{"start":{"line":38,"column":12},"end":{"line":38,"column":46}},"17":{"start":{"line":41,"column":8},"end":{"line":54,"column":9}},"18":{"start":{"line":42,"column":28},"end":{"line":44,"column":null}},"19":{"start":{"line":50,"column":12},"end":{"line":50,"column":38}},"20":{"start":{"line":52,"column":12},"end":{"line":52,"column":null}},"21":{"start":{"line":53,"column":12},"end":{"line":53,"column":46}},"22":{"start":{"line":56,"column":25},"end":{"line":56,"column":60}},"23":{"start":{"line":58,"column":8},"end":{"line":77,"column":9}},"24":{"start":{"line":59,"column":12},"end":{"line":59,"column":24}},"25":{"start":{"line":61,"column":34},"end":{"line":63,"column":null}},"26":{"start":{"line":66,"column":12},"end":{"line":68,"column":13}},"27":{"start":{"line":67,"column":16},"end":{"line":67,"column":28}},"28":{"start":{"line":71,"column":12},"end":{"line":76,"column":13}},"29":{"start":{"line":73,"column":16},"end":{"line":73,"column":28}},"30":{"start":{"line":75,"column":16},"end":{"line":75,"column":47}},"31":{"start":{"line":81,"column":30},"end":{"line":81,"column":77}},"32":{"start":{"line":82,"column":8},"end":{"line":82,"column":53}},"33":{"start":{"line":16,"column":13},"end":{"line":16,"column":22}},"34":{"start":{"line":16,"column":13},"end":{"line":84,"column":null}}},"fnMap":{"0":{"name":"(anonymous_2)","decl":{"start":{"line":17,"column":4},"end":{"line":17,"column":null}},"loc":{"start":{"line":19,"column":36},"end":{"line":20,"column":7}}},"1":{"name":"(anonymous_3)","decl":{"start":{"line":22,"column":4},"end":{"line":22,"column":9}},"loc":{"start":{"line":22,"column":47},"end":{"line":78,"column":5}}},"2":{"name":"(anonymous_4)","decl":{"start":{"line":80,"column":12},"end":{"line":80,"column":34}},"loc":{"start":{"line":80,"column":51},"end":{"line":83,"column":5}}}},"branchMap":{"0":{"loc":{"start":{"line":29,"column":8},"end":{"line":32,"column":9}},"type":"if","locations":[{"start":{"line":29,"column":8},"end":{"line":32,"column":9}},{"start":{},"end":{}}]},"1":{"loc":{"start":{"line":37,"column":8},"end":{"line":39,"column":9}},"type":"if","locations":[{"start":{"line":37,"column":8},"end":{"line":39,"column":9}},{"start":{},"end":{}}]},"2":{"loc":{"start":{"line":58,"column":8},"end":{"line":77,"column":9}},"type":"if","locations":[{"start":{"line":58,"column":8},"end":{"line":77,"column":9}},{"start":{"line":60,"column":15},"end":{"line":77,"column":9}}]},"3":{"loc":{"start":{"line":66,"column":12},"end":{"line":68,"column":13}},"type":"if","locations":[{"start":{"line":66,"column":12},"end":{"line":68,"column":13}},{"start":{},"end":{}}]},"4":{"loc":{"start":{"line":66,"column":15},"end":{"line":66,"column":60}},"type":"binary-expr","locations":[{"start":{"line":66,"column":15},"end":{"line":66,"column":41}},{"start":{"line":66,"column":45},"end":{"line":66,"column":60}}]},"5":{"loc":{"start":{"line":71,"column":12},"end":{"line":76,"column":13}},"type":"if","locations":[{"start":{"line":71,"column":12},"end":{"line":76,"column":13}},{"start":{"line":74,"column":19},"end":{"line":76,"column":13}}]},"6":{"loc":{"start":{"line":81,"column":30},"end":{"line":81,"column":77}},"type":"binary-expr","locations":[{"start":{"line":81,"column":30},"end":{"line":81,"column":71}},{"start":{"line":81,"column":75},"end":{"line":81,"column":77}}]},"7":{"loc":{"start":{"line":82,"column":15},"end":{"line":82,"column":52}},"type":"cond-expr","locations":[{"start":{"line":82,"column":35},"end":{"line":82,"column":40}},{"start":{"line":82,"column":43},"end":{"line":82,"column":52}}]},"8":{"loc":{"start":{"line":18,"column":37},"end":{"line":18,"column":null}},"type":"cond-expr","locations":[{"start":{"line":18,"column":47},"end":{"line":18,"column":null}},{"start":{"line":18,"column":47},"end":{"line":18,"column":null}}]},"9":{"loc":{"start":{"line":18,"column":37},"end":{"line":18,"column":47}},"type":"binary-expr","locations":[{"start":{"line":18,"column":37},"end":{"line":18,"column":null}},{"start":{"line":18,"column":37},"end":{"line":18,"column":47}}]},"10":{"loc":{"start":{"line":18,"column":47},"end":{"line":19,"column":null}},"type":"cond-expr","locations":[{"start":{"line":19,"column":36},"end":{"line":19,"column":null}},{"start":{"line":19,"column":36},"end":{"line":19,"column":null}}]},"11":{"loc":{"start":{"line":18,"column":47},"end":{"line":19,"column":36}},"type":"binary-expr","locations":[{"start":{"line":18,"column":47},"end":{"line":19,"column":null}},{"start":{"line":19,"column":27},"end":{"line":19,"column":36}}]}},"s":{"0":0,"1":0,"2":0,"3":0,"4":0,"5":0,"6":0,"7":0,"8":0,"9":0,"10":0,"11":0,"12":0,"13":0,"14":0,"15":0,"16":0,"17":0,"18":0,"19":0,"20":0,"21":0,"22":0,"23":0,"24":0,"25":0,"26":0,"27":0,"28":0,"29":0,"30":0,"31":0,"32":0,"33":0,"34":0},"f":{"0":0,"1":0,"2":0},"b":{"0":[0,0],"1":[0,0],"2":[0,0],"3":[0,0],"4":[0,0],"5":[0,0],"6":[0,0],"7":[0,0],"8":[0,0],"9":[0,0],"10":[0,0],"11":[0,0]}}
,"D:\\Thuc_tap\\Software\\Code\\wms\\src\\modules\\auth\\auth.module.ts": {"path":"D:\\Thuc_tap\\Software\\Code\\wms\\src\\modules\\auth\\auth.module.ts","statementMap":{"0":{"start":{"line":1,"column":0},"end":{"line":1,"column":40}},"1":{"start":{"line":2,"column":0},"end":{"line":2,"column":51}},"2":{"start":{"line":3,"column":0},"end":{"line":3,"column":45}},"3":{"start":{"line":4,"column":0},"end":{"line":4,"column":40}},"4":{"start":{"line":5,"column":0},"end":{"line":5,"column":43}},"5":{"start":{"line":6,"column":0},"end":{"line":6,"column":67}},"6":{"start":{"line":7,"column":0},"end":{"line":7,"column":52}},"7":{"start":{"line":23,"column":7},"end":{"line":23,"column":null}},"8":{"start":{"line":23,"column":13},"end":{"line":23,"column":23}},"9":{"start":{"line":23,"column":13},"end":{"line":23,"column":null}}},"fnMap":{},"branchMap":{},"s":{"0":0,"1":0,"2":0,"3":0,"4":0,"5":0,"6":0,"7":0,"8":0,"9":0},"f":{},"b":{}}
,"D:\\Thuc_tap\\Software\\Code\\wms\\src\\modules\\auth\\auth.service.ts": {"path":"D:\\Thuc_tap\\Software\\Code\\wms\\src\\modules\\auth\\auth.service.ts","statementMap":{"0":{"start":{"line":1,"column":0},"end":{"line":1,"column":63}},"1":{"start":{"line":2,"column":0},"end":{"line":2,"column":41}},"2":{"start":{"line":3,"column":0},"end":{"line":3,"column":54}},"3":{"start":{"line":4,"column":0},"end":{"line":4,"column":69}},"4":{"start":{"line":5,"column":0},"end":{"line":5,"column":69}},"5":{"start":{"line":6,"column":0},"end":{"line":6,"column":43}},"6":{"start":{"line":7,"column":0},"end":{"line":7,"column":76}},"7":{"start":{"line":10,"column":7},"end":{"line":36,"column":null}},"8":{"start":{"line":12,"column":16},"end":{"line":12,"column":28}},"9":{"start":{"line":14,"column":16},"end":{"line":14,"column":30}},"10":{"start":{"line":15,"column":16},"end":{"line":15,"column":35}},"11":{"start":{"line":22,"column":21},"end":{"line":22,"column":83}},"12":{"start":{"line":24,"column":8},"end":{"line":26,"column":9}},"13":{"start":{"line":25,"column":12},"end":{"line":25,"column":67}},"14":{"start":{"line":28,"column":34},"end":{"line":28,"column":97}},"15":{"start":{"line":30,"column":24},"end":{"line":30,"column":103}},"16":{"start":{"line":32,"column":37},"end":{"line":32,"column":63}},"17":{"start":{"line":33,"column":8},"end":{"line":33,"column":84}},"18":{"start":{"line":34,"column":8},"end":{"line":34,"column":36}},"19":{"start":{"line":10,"column":13},"end":{"line":10,"column":24}},"20":{"start":{"line":19,"column":10},"end":{"line":35,"column":null}},"21":{"start":{"line":10,"column":13},"end":{"line":36,"column":null}}},"fnMap":{"0":{"name":"(anonymous_2)","decl":{"start":{"line":11,"column":4},"end":{"line":11,"column":null}},"loc":{"start":{"line":15,"column":52},"end":{"line":16,"column":7}}},"1":{"name":"(anonymous_3)","decl":{"start":{"line":19,"column":10},"end":{"line":19,"column":16}},"loc":{"start":{"line":20,"column":26},"end":{"line":35,"column":5}}}},"branchMap":{"0":{"loc":{"start":{"line":24,"column":8},"end":{"line":26,"column":9}},"type":"if","locations":[{"start":{"line":24,"column":8},"end":{"line":26,"column":9}},{"start":{},"end":{}}]},"1":{"loc":{"start":{"line":20,"column":18},"end":{"line":20,"column":null}},"type":"cond-expr","locations":[{"start":{"line":20,"column":26},"end":{"line":20,"column":null}},{"start":{"line":20,"column":26},"end":{"line":20,"column":null}}]},"2":{"loc":{"start":{"line":20,"column":18},"end":{"line":20,"column":26}},"type":"binary-expr","locations":[{"start":{"line":20,"column":18},"end":{"line":20,"column":null}},{"start":{"line":20,"column":18},"end":{"line":20,"column":26}}]},"3":{"loc":{"start":{"line":21,"column":7},"end":{"line":21,"column":null}},"type":"cond-expr","locations":[{"start":{"line":21,"column":14},"end":{"line":21,"column":null}},{"start":{"line":21,"column":14},"end":{"line":21,"column":null}}]},"4":{"loc":{"start":{"line":21,"column":7},"end":{"line":21,"column":14}},"type":"binary-expr","locations":[{"start":{"line":21,"column":7},"end":{"line":21,"column":null}},{"start":{"line":21,"column":7},"end":{"line":21,"column":14}}]},"5":{"loc":{"start":{"line":12,"column":28},"end":{"line":12,"column":null}},"type":"cond-expr","locations":[{"start":{"line":12,"column":38},"end":{"line":12,"column":null}},{"start":{"line":12,"column":38},"end":{"line":12,"column":null}}]},"6":{"loc":{"start":{"line":12,"column":28},"end":{"line":12,"column":38}},"type":"binary-expr","locations":[{"start":{"line":12,"column":28},"end":{"line":12,"column":null}},{"start":{"line":12,"column":28},"end":{"line":12,"column":38}}]},"7":{"loc":{"start":{"line":12,"column":38},"end":{"line":14,"column":null}},"type":"cond-expr","locations":[{"start":{"line":14,"column":42},"end":{"line":14,"column":null}},{"start":{"line":14,"column":42},"end":{"line":14,"column":null}}]},"8":{"loc":{"start":{"line":12,"column":38},"end":{"line":14,"column":42}},"type":"binary-expr","locations":[{"start":{"line":12,"column":38},"end":{"line":14,"column":null}},{"start":{"line":14,"column":30},"end":{"line":14,"column":42}}]},"9":{"loc":{"start":{"line":14,"column":42},"end":{"line":15,"column":null}},"type":"cond-expr","locations":[{"start":{"line":15,"column":52},"end":{"line":15,"column":null}},{"start":{"line":15,"column":52},"end":{"line":15,"column":null}}]},"10":{"loc":{"start":{"line":14,"column":42},"end":{"line":15,"column":52}},"type":"binary-expr","locations":[{"start":{"line":14,"column":42},"end":{"line":15,"column":null}},{"start":{"line":15,"column":35},"end":{"line":15,"column":52}}]}},"s":{"0":0,"1":0,"2":0,"3":0,"4":0,"5":0,"6":0,"7":0,"8":0,"9":0,"10":0,"11":0,"12":0,"13":0,"14":0,"15":0,"16":0,"17":0,"18":0,"19":0,"20":0,"21":0},"f":{"0":0,"1":0},"b":{"0":[0,0],"1":[0,0],"2":[0,0],"3":[0,0],"4":[0,0],"5":[0,0],"6":[0,0],"7":[0,0],"8":[0,0],"9":[0,0],"10":[0,0]}}
,"D:\\Thuc_tap\\Software\\Code\\wms\\src\\modules\\auth\\constants.ts": {"path":"D:\\Thuc_tap\\Software\\Code\\wms\\src\\modules\\auth\\constants.ts","statementMap":{"0":{"start":{"line":1,"column":13},"end":{"line":3,"column":2}}},"fnMap":{},"branchMap":{},"s":{"0":0},"f":{},"b":{}}
,"D:\\Thuc_tap\\Software\\Code\\wms\\src\\modules\\auth\\dto\\login.dto.ts": {"path":"D:\\Thuc_tap\\Software\\Code\\wms\\src\\modules\\auth\\dto\\login.dto.ts","statementMap":{"0":{"start":{"line":1,"column":0},"end":{"line":1,"column":45}},"1":{"start":{"line":2,"column":0},"end":{"line":2,"column":42}},"2":{"start":{"line":4,"column":0},"end":{"line":4,"column":13}},"3":{"start":{"line":7,"column":4},"end":{"line":7,"column":null}},"4":{"start":{"line":11,"column":4},"end":{"line":11,"column":null}}},"fnMap":{},"branchMap":{},"s":{"0":0,"1":0,"2":0,"3":0,"4":0},"f":{},"b":{}}
,"D:\\Thuc_tap\\Software\\Code\\wms\\src\\modules\\auth\\dto\\return-access-token.dto.ts": {"path":"D:\\Thuc_tap\\Software\\Code\\wms\\src\\modules\\auth\\dto\\return-access-token.dto.ts","statementMap":{"0":{"start":{"line":1,"column":0},"end":{"line":1,"column":45}},"1":{"start":{"line":2,"column":0},"end":{"line":2,"column":42}},"2":{"start":{"line":4,"column":0},"end":{"line":4,"column":13}},"3":{"start":{"line":7,"column":4},"end":{"line":7,"column":null}}},"fnMap":{},"branchMap":{},"s":{"0":0,"1":0,"2":0,"3":0},"f":{},"b":{}}
,"D:\\Thuc_tap\\Software\\Code\\wms\\src\\modules\\categories\\categories.controller.ts": {"path":"D:\\Thuc_tap\\Software\\Code\\wms\\src\\modules\\categories\\categories.controller.ts","statementMap":{"0":{"start":{"line":1,"column":0},"end":{"line":1,"column":104}},"1":{"start":{"line":2,"column":0},"end":{"line":2,"column":62}},"2":{"start":{"line":3,"column":0},"end":{"line":3,"column":62}},"3":{"start":{"line":4,"column":0},"end":{"line":4,"column":57}},"4":{"start":{"line":5,"column":0},"end":{"line":5,"column":115}},"5":{"start":{"line":6,"column":0},"end":{"line":6,"column":81}},"6":{"start":{"line":7,"column":0},"end":{"line":7,"column":54}},"7":{"start":{"line":15,"column":7},"end":{"line":96,"column":null}},"8":{"start":{"line":16,"column":31},"end":{"line":16,"column":50}},"9":{"start":{"line":23,"column":4},"end":{"line":23,"column":60}},"10":{"start":{"line":34,"column":4},"end":{"line":34,"column":54}},"11":{"start":{"line":50,"column":4},"end":{"line":50,"column":46}},"12":{"start":{"line":62,"column":4},"end":{"line":62,"column":77}},"13":{"start":{"line":78,"column":4},"end":{"line":78,"column":64}},"14":{"start":{"line":94,"column":4},"end":{"line":94,"column":45}},"15":{"start":{"line":15,"column":13},"end":{"line":15,"column":33}},"16":{"start":{"line":22,"column":2},"end":{"line":24,"column":null}},"17":{"start":{"line":30,"column":2},"end":{"line":35,"column":null}},"18":{"start":{"line":49,"column":2},"end":{"line":51,"column":null}},"19":{"start":{"line":57,"column":2},"end":{"line":63,"column":null}},"20":{"start":{"line":77,"column":2},"end":{"line":79,"column":null}},"21":{"start":{"line":93,"column":2},"end":{"line":95,"column":null}},"22":{"start":{"line":15,"column":13},"end":{"line":96,"column":null}}},"fnMap":{"0":{"name":"(anonymous_4)","decl":{"start":{"line":16,"column":2},"end":{"line":16,"column":31}},"loc":{"start":{"line":16,"column":67},"end":{"line":16,"column":71}}},"1":{"name":"(anonymous_5)","decl":{"start":{"line":22,"column":2},"end":{"line":22,"column":8}},"loc":{"start":{"line":22,"column":53},"end":{"line":24,"column":3}}},"2":{"name":"(anonymous_6)","decl":{"start":{"line":30,"column":2},"end":{"line":30,"column":6}},"loc":{"start":{"line":32,"column":49},"end":{"line":35,"column":3}}},"3":{"name":"(anonymous_7)","decl":{"start":{"line":49,"column":2},"end":{"line":49,"column":9}},"loc":{"start":{"line":49,"column":33},"end":{"line":51,"column":3}}},"4":{"name":"(anonymous_8)","decl":{"start":{"line":57,"column":2},"end":{"line":57,"column":20}},"loc":{"start":{"line":60,"column":49},"end":{"line":63,"column":3}}},"5":{"name":"(anonymous_9)","decl":{"start":{"line":77,"column":2},"end":{"line":77,"column":8}},"loc":{"start":{"line":77,"column":78},"end":{"line":79,"column":3}}},"6":{"name":"(anonymous_10)","decl":{"start":{"line":93,"column":2},"end":{"line":93,"column":8}},"loc":{"start":{"line":93,"column":32},"end":{"line":95,"column":3}}}},"branchMap":{"0":{"loc":{"start":{"line":22,"column":36},"end":{"line":22,"column":null}},"type":"cond-expr","locations":[{"start":{"line":22,"column":53},"end":{"line":22,"column":null}},{"start":{"line":22,"column":53},"end":{"line":22,"column":null}}]},"1":{"loc":{"start":{"line":22,"column":36},"end":{"line":22,"column":53}},"type":"binary-expr","locations":[{"start":{"line":22,"column":36},"end":{"line":22,"column":null}},{"start":{"line":22,"column":36},"end":{"line":22,"column":53}}]},"2":{"loc":{"start":{"line":77,"column":61},"end":{"line":77,"column":null}},"type":"cond-expr","locations":[{"start":{"line":77,"column":78},"end":{"line":77,"column":null}},{"start":{"line":77,"column":78},"end":{"line":77,"column":null}}]},"3":{"loc":{"start":{"line":77,"column":61},"end":{"line":77,"column":78}},"type":"binary-expr","locations":[{"start":{"line":77,"column":61},"end":{"line":77,"column":null}},{"start":{"line":77,"column":61},"end":{"line":77,"column":78}}]},"4":{"loc":{"start":{"line":16,"column":50},"end":{"line":16,"column":70}},"type":"cond-expr","locations":[{"start":{"line":16,"column":67},"end":{"line":16,"column":70}},{"start":{"line":16,"column":67},"end":{"line":16,"column":70}}]},"5":{"loc":{"start":{"line":16,"column":50},"end":{"line":16,"column":67}},"type":"binary-expr","locations":[{"start":{"line":16,"column":50},"end":{"line":16,"column":70}},{"start":{"line":16,"column":50},"end":{"line":16,"column":67}}]}},"s":{"0":0,"1":0,"2":0,"3":0,"4":0,"5":0,"6":0,"7":0,"8":0,"9":0,"10":0,"11":0,"12":0,"13":0,"14":0,"15":0,"16":0,"17":0,"18":0,"19":0,"20":0,"21":0,"22":0},"f":{"0":0,"1":0,"2":0,"3":0,"4":0,"5":0,"6":0},"b":{"0":[0,0],"1":[0,0],"2":[0,0],"3":[0,0],"4":[0,0],"5":[0,0]}}
,"D:\\Thuc_tap\\Software\\Code\\wms\\src\\modules\\categories\\categories.module.ts": {"path":"D:\\Thuc_tap\\Software\\Code\\wms\\src\\modules\\categories\\categories.module.ts","statementMap":{"0":{"start":{"line":1,"column":0},"end":{"line":1,"column":40}},"1":{"start":{"line":2,"column":0},"end":{"line":2,"column":57}},"2":{"start":{"line":3,"column":0},"end":{"line":3,"column":63}},"3":{"start":{"line":4,"column":0},"end":{"line":4,"column":48}},"4":{"start":{"line":5,"column":0},"end":{"line":5,"column":54}},"5":{"start":{"line":15,"column":7},"end":{"line":15,"column":null}},"6":{"start":{"line":15,"column":13},"end":{"line":15,"column":29}},"7":{"start":{"line":15,"column":13},"end":{"line":15,"column":null}}},"fnMap":{},"branchMap":{},"s":{"0":0,"1":0,"2":0,"3":0,"4":0,"5":0,"6":0,"7":0},"f":{},"b":{}}
,"D:\\Thuc_tap\\Software\\Code\\wms\\src\\modules\\categories\\categories.service.ts": {"path":"D:\\Thuc_tap\\Software\\Code\\wms\\src\\modules\\categories\\categories.service.ts","statementMap":{"0":{"start":{"line":1,"column":0},"end":{"line":1,"column":113}},"1":{"start":{"line":4,"column":0},"end":{"line":4,"column":51}},"2":{"start":{"line":5,"column":0},"end":{"line":5,"column":49}},"3":{"start":{"line":6,"column":0},"end":{"line":6,"column":74}},"4":{"start":{"line":8,"column":0},"end":{"line":8,"column":54}},"5":{"start":{"line":9,"column":0},"end":{"line":9,"column":80}},"6":{"start":{"line":12,"column":7},"end":{"line":78,"column":null}},"7":{"start":{"line":14,"column":12},"end":{"line":14,"column":24}},"8":{"start":{"line":17,"column":12},"end":{"line":17,"column":32}},"9":{"start":{"line":21,"column":21},"end":{"line":21,"column":35}},"10":{"start":{"line":22,"column":4},"end":{"line":22,"column":48}},"11":{"start":{"line":24,"column":4},"end":{"line":24,"column":51}},"12":{"start":{"line":28,"column":4},"end":{"line":28,"column":69}},"13":{"start":{"line":32,"column":4},"end":{"line":36,"column":45}},"14":{"start":{"line":40,"column":21},"end":{"line":40,"column":70}},"15":{"start":{"line":42,"column":4},"end":{"line":46,"column":5}},"16":{"start":{"line":43,"column":6},"end":{"line":43,"column":56}},"17":{"start":{"line":45,"column":6},"end":{"line":45,"column":22}},"18":{"start":{"line":50,"column":21},"end":{"line":50,"column":43}},"19":{"start":{"line":51,"column":4},"end":{"line":51,"column":48}},"20":{"start":{"line":53,"column":4},"end":{"line":53,"column":50}},"21":{"start":{"line":57,"column":21},"end":{"line":57,"column":43}},"22":{"start":{"line":59,"column":24},"end":{"line":59,"column":59}},"23":{"start":{"line":60,"column":4},"end":{"line":60,"column":32}},"24":{"start":{"line":61,"column":4},"end":{"line":61,"column":41}},"25":{"start":{"line":63,"column":4},"end":{"line":76,"column":5}},"26":{"start":{"line":65,"column":6},"end":{"line":65,"column":83}},"27":{"start":{"line":66,"column":27},"end":{"line":66,"column":69}},"28":{"start":{"line":67,"column":6},"end":{"line":67,"column":44}},"29":{"start":{"line":69,"column":6},"end":{"line":69,"column":26}},"30":{"start":{"line":71,"column":6},"end":{"line":71,"column":25}},"31":{"start":{"line":72,"column":6},"end":{"line":72,"column":46}},"32":{"start":{"line":73,"column":6},"end":{"line":73,"column":47}},"33":{"start":{"line":75,"column":6},"end":{"line":75,"column":34}},"34":{"start":{"line":12,"column":13},"end":{"line":12,"column":30}},"35":{"start":{"line":12,"column":13},"end":{"line":78,"column":null}}},"fnMap":{"0":{"name":"(anonymous_4)","decl":{"start":{"line":13,"column":2},"end":{"line":13,"column":null}},"loc":{"start":{"line":17,"column":52},"end":{"line":18,"column":5}}},"1":{"name":"(anonymous_5)","decl":{"start":{"line":20,"column":2},"end":{"line":20,"column":8}},"loc":{"start":{"line":20,"column":45},"end":{"line":25,"column":3}}},"2":{"name":"(anonymous_6)","decl":{"start":{"line":27,"column":2},"end":{"line":27,"column":6}},"loc":{"start":{"line":27,"column":36},"end":{"line":29,"column":3}}},"3":{"name":"(anonymous_7)","decl":{"start":{"line":31,"column":2},"end":{"line":31,"column":20}},"loc":{"start":{"line":31,"column":67},"end":{"line":37,"column":3}}},"4":{"name":"(anonymous_8)","decl":{"start":{"line":39,"column":2},"end":{"line":39,"column":7}},"loc":{"start":{"line":39,"column":26},"end":{"line":47,"column":3}}},"5":{"name":"(anonymous_9)","decl":{"start":{"line":49,"column":2},"end":{"line":49,"column":7}},"loc":{"start":{"line":49,"column":63},"end":{"line":54,"column":3}}},"6":{"name":"(anonymous_10)","decl":{"start":{"line":56,"column":2},"end":{"line":56,"column":7}},"loc":{"start":{"line":56,"column":25},"end":{"line":77,"column":3}}}},"branchMap":{"0":{"loc":{"start":{"line":42,"column":4},"end":{"line":46,"column":5}},"type":"if","locations":[{"start":{"line":42,"column":4},"end":{"line":46,"column":5}},{"start":{"line":44,"column":11},"end":{"line":46,"column":5}}]},"1":{"loc":{"start":{"line":14,"column":24},"end":{"line":14,"column":null}},"type":"cond-expr","locations":[{"start":{"line":14,"column":34},"end":{"line":14,"column":null}},{"start":{"line":14,"column":34},"end":{"line":14,"column":null}}]},"2":{"loc":{"start":{"line":14,"column":24},"end":{"line":14,"column":34}},"type":"binary-expr","locations":[{"start":{"line":14,"column":24},"end":{"line":14,"column":null}},{"start":{"line":14,"column":24},"end":{"line":14,"column":34}}]},"3":{"loc":{"start":{"line":14,"column":34},"end":{"line":17,"column":52}},"type":"cond-expr","locations":[{"start":{"line":17,"column":42},"end":{"line":17,"column":52}},{"start":{"line":17,"column":42},"end":{"line":17,"column":52}}]},"4":{"loc":{"start":{"line":14,"column":34},"end":{"line":17,"column":42}},"type":"binary-expr","locations":[{"start":{"line":14,"column":34},"end":{"line":17,"column":52}},{"start":{"line":17,"column":32},"end":{"line":17,"column":42}}]}},"s":{"0":0,"1":0,"2":0,"3":0,"4":0,"5":0,"6":0,"7":0,"8":0,"9":0,"10":0,"11":0,"12":0,"13":0,"14":0,"15":0,"16":0,"17":0,"18":0,"19":0,"20":0,"21":0,"22":0,"23":0,"24":0,"25":0,"26":0,"27":0,"28":0,"29":0,"30":0,"31":0,"32":0,"33":0,"34":0,"35":0},"f":{"0":0,"1":0,"2":0,"3":0,"4":0,"5":0,"6":0},"b":{"0":[0,0],"1":[0,0],"2":[0,0],"3":[0,0],"4":[0,0]}}
,"D:\\Thuc_tap\\Software\\Code\\wms\\src\\modules\\categories\\dto\\category.dto.ts": {"path":"D:\\Thuc_tap\\Software\\Code\\wms\\src\\modules\\categories\\dto\\category.dto.ts","statementMap":{"0":{"start":{"line":1,"column":0},"end":{"line":1,"column":46}},"1":{"start":{"line":2,"column":0},"end":{"line":2,"column":43}},"2":{"start":{"line":4,"column":0},"end":{"line":4,"column":13}},"3":{"start":{"line":7,"column":4},"end":{"line":7,"column":null}}},"fnMap":{},"branchMap":{},"s":{"0":0,"1":0,"2":0,"3":0},"f":{},"b":{}}
,"D:\\Thuc_tap\\Software\\Code\\wms\\src\\modules\\categories\\dto\\create-category.dto.ts": {"path":"D:\\Thuc_tap\\Software\\Code\\wms\\src\\modules\\categories\\dto\\create-category.dto.ts","statementMap":{"0":{"start":{"line":1,"column":0},"end":{"line":1,"column":67}},"1":{"start":{"line":2,"column":0},"end":{"line":2,"column":55}},"2":{"start":{"line":4,"column":0},"end":{"line":4,"column":13}},"3":{"start":{"line":7,"column":4},"end":{"line":7,"column":null}},"4":{"start":{"line":12,"column":4},"end":{"line":12,"column":null}}},"fnMap":{},"branchMap":{},"s":{"0":9,"1":9,"2":9,"3":9,"4":9},"f":{},"b":{}}
,"D:\\Thuc_tap\\Software\\Code\\wms\\src\\modules\\categories\\dto\\update-category.dto.ts": {"path":"D:\\Thuc_tap\\Software\\Code\\wms\\src\\modules\\categories\\dto\\update-category.dto.ts","statementMap":{"0":{"start":{"line":2,"column":0},"end":{"line":2,"column":59}},"1":{"start":{"line":3,"column":0},"end":{"line":3,"column":58}},"2":{"start":{"line":4,"column":0},"end":{"line":4,"column":43}},"3":{"start":{"line":6,"column":0},"end":{"line":6,"column":13}},"4":{"start":{"line":9,"column":4},"end":{"line":9,"column":null}}},"fnMap":{},"branchMap":{},"s":{"0":9,"1":9,"2":9,"3":9,"4":9},"f":{},"b":{}}
,"D:\\Thuc_tap\\Software\\Code\\wms\\src\\modules\\categories\\entities\\category.entity.ts": {"path":"D:\\Thuc_tap\\Software\\Code\\wms\\src\\modules\\categories\\entities\\category.entity.ts","statementMap":{"0":{"start":{"line":2,"column":0},"end":{"line":2,"column":67}},"1":{"start":{"line":3,"column":0},"end":{"line":3,"column":112}},"2":{"start":{"line":4,"column":0},"end":{"line":4,"column":83}},"3":{"start":{"line":7,"column":7},"end":{"line":30,"column":null}},"4":{"start":{"line":7,"column":13},"end":{"line":7,"column":21}},"5":{"start":{"line":10,"column":4},"end":{"line":10,"column":null}},"6":{"start":{"line":14,"column":4},"end":{"line":14,"column":null}},"7":{"start":{"line":18,"column":4},"end":{"line":18,"column":null}},"8":{"start":{"line":22,"column":4},"end":{"line":22,"column":null}},"9":{"start":{"line":26,"column":4},"end":{"line":26,"column":null}},"10":{"start":{"line":29,"column":4},"end":{"line":29,"column":null}},"11":{"start":{"line":28,"column":21},"end":{"line":28,"column":36}},"12":{"start":{"line":28,"column":59},"end":{"line":28,"column":83}},"13":{"start":{"line":7,"column":13},"end":{"line":30,"column":null}}},"fnMap":{"0":{"name":"(anonymous_2)","decl":{"start":{"line":28,"column":15},"end":{"line":28,"column":18}},"loc":{"start":{"line":28,"column":21},"end":{"line":28,"column":36}}},"1":{"name":"(anonymous_3)","decl":{"start":{"line":28,"column":38},"end":{"line":28,"column":39}},"loc":{"start":{"line":28,"column":59},"end":{"line":28,"column":83}}}},"branchMap":{"0":{"loc":{"start":{"line":22,"column":16},"end":{"line":22,"column":21}},"type":"cond-expr","locations":[{"start":{"line":22,"column":20},"end":{"line":22,"column":21}},{"start":{"line":22,"column":20},"end":{"line":22,"column":21}}]},"1":{"loc":{"start":{"line":22,"column":16},"end":{"line":22,"column":20}},"type":"binary-expr","locations":[{"start":{"line":22,"column":16},"end":{"line":22,"column":21}},{"start":{"line":22,"column":16},"end":{"line":22,"column":20}}]},"2":{"loc":{"start":{"line":26,"column":16},"end":{"line":26,"column":21}},"type":"cond-expr","locations":[{"start":{"line":26,"column":20},"end":{"line":26,"column":21}},{"start":{"line":26,"column":20},"end":{"line":26,"column":21}}]},"3":{"loc":{"start":{"line":26,"column":16},"end":{"line":26,"column":20}},"type":"binary-expr","locations":[{"start":{"line":26,"column":16},"end":{"line":26,"column":21}},{"start":{"line":26,"column":16},"end":{"line":26,"column":20}}]}},"s":{"0":9,"1":9,"2":9,"3":9,"4":9,"5":9,"6":9,"7":9,"8":9,"9":9,"10":9,"11":9,"12":9,"13":9},"f":{"0":9,"1":9},"b":{"0":[9,0],"1":[9,9],"2":[9,0],"3":[9,9]}}
,"D:\\Thuc_tap\\Software\\Code\\wms\\src\\modules\\export-orders\\export-orders.controller.ts": {"path":"D:\\Thuc_tap\\Software\\Code\\wms\\src\\modules\\export-orders\\export-orders.controller.ts","statementMap":{"0":{"start":{"line":1,"column":0},"end":{"line":1,"column":133}},"1":{"start":{"line":2,"column":0},"end":{"line":2,"column":62}},"2":{"start":{"line":3,"column":0},"end":{"line":3,"column":69}},"3":{"start":{"line":4,"column":0},"end":{"line":4,"column":69}},"4":{"start":{"line":5,"column":0},"end":{"line":5,"column":89}},"5":{"start":{"line":6,"column":0},"end":{"line":6,"column":136}},"6":{"start":{"line":7,"column":0},"end":{"line":7,"column":74}},"7":{"start":{"line":8,"column":0},"end":{"line":8,"column":81}},"8":{"start":{"line":9,"column":0},"end":{"line":9,"column":57}},"9":{"start":{"line":10,"column":0},"end":{"line":10,"column":61}},"10":{"start":{"line":11,"column":0},"end":{"line":11,"column":61}},"11":{"start":{"line":19,"column":7},"end":{"line":218,"column":null}},"12":{"start":{"line":21,"column":21},"end":{"line":21,"column":42}},"13":{"start":{"line":24,"column":21},"end":{"line":24,"column":35}},"14":{"start":{"line":48,"column":31},"end":{"line":48,"column":90}},"15":{"start":{"line":50,"column":4},"end":{"line":50,"column":36}},"16":{"start":{"line":52,"column":4},"end":{"line":52,"column":30}},"17":{"start":{"line":67,"column":4},"end":{"line":67,"column":101}},"18":{"start":{"line":83,"column":4},"end":{"line":83,"column":48}},"19":{"start":{"line":124,"column":31},"end":{"line":124,"column":110}},"20":{"start":{"line":125,"column":4},"end":{"line":125,"column":36}},"21":{"start":{"line":127,"column":4},"end":{"line":127,"column":30}},"22":{"start":{"line":155,"column":4},"end":{"line":155,"column":95}},"23":{"start":{"line":182,"column":31},"end":{"line":182,"column":106}},"24":{"start":{"line":183,"column":4},"end":{"line":183,"column":36}},"25":{"start":{"line":185,"column":4},"end":{"line":185,"column":30}},"26":{"start":{"line":213,"column":31},"end":{"line":213,"column":92}},"27":{"start":{"line":214,"column":4},"end":{"line":214,"column":36}},"28":{"start":{"line":216,"column":4},"end":{"line":216,"column":30}},"29":{"start":{"line":19,"column":13},"end":{"line":19,"column":35}},"30":{"start":{"line":47,"column":8},"end":{"line":53,"column":null}},"31":{"start":{"line":59,"column":2},"end":{"line":68,"column":null}},"32":{"start":{"line":82,"column":2},"end":{"line":84,"column":null}},"33":{"start":{"line":123,"column":8},"end":{"line":128,"column":null}},"34":{"start":{"line":151,"column":2},"end":{"line":156,"column":null}},"35":{"start":{"line":178,"column":8},"end":{"line":186,"column":null}},"36":{"start":{"line":209,"column":8},"end":{"line":217,"column":null}},"37":{"start":{"line":19,"column":13},"end":{"line":218,"column":null}}},"fnMap":{"0":{"name":"(anonymous_4)","decl":{"start":{"line":20,"column":2},"end":{"line":20,"column":null}},"loc":{"start":{"line":24,"column":40},"end":{"line":25,"column":6}}},"1":{"name":"(anonymous_5)","decl":{"start":{"line":47,"column":8},"end":{"line":47,"column":14}},"loc":{"start":{"line":47,"column":65},"end":{"line":53,"column":3}}},"2":{"name":"(anonymous_6)","decl":{"start":{"line":59,"column":2},"end":{"line":59,"column":6}},"loc":{"start":{"line":65,"column":71},"end":{"line":68,"column":3}}},"3":{"name":"(anonymous_7)","decl":{"start":{"line":82,"column":2},"end":{"line":82,"column":9}},"loc":{"start":{"line":82,"column":33},"end":{"line":84,"column":3}}},"4":{"name":"(anonymous_8)","decl":{"start":{"line":123,"column":8},"end":{"line":123,"column":30}},"loc":{"start":{"line":123,"column":106},"end":{"line":128,"column":3}}},"5":{"name":"(anonymous_9)","decl":{"start":{"line":151,"column":2},"end":{"line":151,"column":18}},"loc":{"start":{"line":153,"column":72},"end":{"line":156,"column":3}}},"6":{"name":"(anonymous_10)","decl":{"start":{"line":178,"column":8},"end":{"line":178,"column":30}},"loc":{"start":{"line":180,"column":55},"end":{"line":186,"column":3}}},"7":{"name":"(anonymous_11)","decl":{"start":{"line":209,"column":8},"end":{"line":209,"column":23}},"loc":{"start":{"line":211,"column":41},"end":{"line":217,"column":3}}}},"branchMap":{"0":{"loc":{"start":{"line":47,"column":45},"end":{"line":47,"column":null}},"type":"cond-expr","locations":[{"start":{"line":47,"column":65},"end":{"line":47,"column":null}},{"start":{"line":47,"column":65},"end":{"line":47,"column":null}}]},"1":{"loc":{"start":{"line":47,"column":45},"end":{"line":47,"column":65}},"type":"binary-expr","locations":[{"start":{"line":47,"column":45},"end":{"line":47,"column":null}},{"start":{"line":47,"column":45},"end":{"line":47,"column":65}}]},"2":{"loc":{"start":{"line":123,"column":86},"end":{"line":123,"column":null}},"type":"cond-expr","locations":[{"start":{"line":123,"column":106},"end":{"line":123,"column":null}},{"start":{"line":123,"column":106},"end":{"line":123,"column":null}}]},"3":{"loc":{"start":{"line":123,"column":86},"end":{"line":123,"column":106}},"type":"binary-expr","locations":[{"start":{"line":123,"column":86},"end":{"line":123,"column":null}},{"start":{"line":123,"column":86},"end":{"line":123,"column":106}}]},"4":{"loc":{"start":{"line":153,"column":43},"end":{"line":153,"column":null}},"type":"cond-expr","locations":[{"start":{"line":153,"column":72},"end":{"line":153,"column":null}},{"start":{"line":153,"column":72},"end":{"line":153,"column":null}}]},"5":{"loc":{"start":{"line":153,"column":43},"end":{"line":153,"column":72}},"type":"binary-expr","locations":[{"start":{"line":153,"column":43},"end":{"line":153,"column":null}},{"start":{"line":153,"column":43},"end":{"line":153,"column":72}}]},"6":{"loc":{"start":{"line":21,"column":42},"end":{"line":21,"column":null}},"type":"cond-expr","locations":[{"start":{"line":21,"column":61},"end":{"line":21,"column":null}},{"start":{"line":21,"column":61},"end":{"line":21,"column":null}}]},"7":{"loc":{"start":{"line":21,"column":42},"end":{"line":21,"column":61}},"type":"binary-expr","locations":[{"start":{"line":21,"column":42},"end":{"line":21,"column":null}},{"start":{"line":21,"column":42},"end":{"line":21,"column":61}}]},"8":{"loc":{"start":{"line":21,"column":61},"end":{"line":24,"column":null}},"type":"cond-expr","locations":[{"start":{"line":24,"column":40},"end":{"line":24,"column":null}},{"start":{"line":24,"column":40},"end":{"line":24,"column":null}}]},"9":{"loc":{"start":{"line":21,"column":61},"end":{"line":24,"column":40}},"type":"binary-expr","locations":[{"start":{"line":21,"column":61},"end":{"line":24,"column":null}},{"start":{"line":24,"column":35},"end":{"line":24,"column":40}}]}},"s":{"0":9,"1":9,"2":9,"3":9,"4":9,"5":9,"6":9,"7":9,"8":9,"9":9,"10":9,"11":9,"12":10,"13":10,"14":6,"15":1,"16":1,"17":0,"18":0,"19":0,"20":0,"21":0,"22":3,"23":0,"24":0,"25":0,"26":0,"27":0,"28":0,"29":9,"30":9,"31":9,"32":9,"33":9,"34":9,"35":9,"36":9,"37":9},"f":{"0":10,"1":6,"2":0,"3":0,"4":0,"5":3,"6":0,"7":0},"b":{"0":[9,0],"1":[9,9],"2":[9,0],"3":[9,9],"4":[9,0],"5":[9,9],"6":[9,0],"7":[9,9],"8":[9,0],"9":[9,9]}}
,"D:\\Thuc_tap\\Software\\Code\\wms\\src\\modules\\export-orders\\export-orders.module.ts": {"path":"D:\\Thuc_tap\\Software\\Code\\wms\\src\\modules\\export-orders\\export-orders.module.ts","statementMap":{"0":{"start":{"line":1,"column":0},"end":{"line":1,"column":52}},"1":{"start":{"line":2,"column":0},"end":{"line":2,"column":62}},"2":{"start":{"line":3,"column":0},"end":{"line":3,"column":68}},"3":{"start":{"line":4,"column":0},"end":{"line":4,"column":48}},"4":{"start":{"line":5,"column":0},"end":{"line":5,"column":61}},"5":{"start":{"line":6,"column":0},"end":{"line":6,"column":52}},"6":{"start":{"line":7,"column":0},"end":{"line":7,"column":67}},"7":{"start":{"line":8,"column":0},"end":{"line":8,"column":93}},"8":{"start":{"line":9,"column":0},"end":{"line":9,"column":61}},"9":{"start":{"line":10,"column":0},"end":{"line":10,"column":70}},"10":{"start":{"line":11,"column":0},"end":{"line":11,"column":55}},"11":{"start":{"line":12,"column":0},"end":{"line":12,"column":55}},"12":{"start":{"line":30,"column":7},"end":{"line":30,"column":null}},"13":{"start":{"line":30,"column":13},"end":{"line":30,"column":31}},"14":{"start":{"line":30,"column":13},"end":{"line":30,"column":null}},"15":{"start":{"line":20,"column":21},"end":{"line":20,"column":33}},"16":{"start":{"line":21,"column":21},"end":{"line":21,"column":33}},"17":{"start":{"line":22,"column":21},"end":{"line":22,"column":32}},"18":{"start":{"line":23,"column":21},"end":{"line":23,"column":37}},"19":{"start":{"line":24,"column":21},"end":{"line":24,"column":45}}},"fnMap":{"0":{"name":"(anonymous_1)","decl":{"start":{"line":20,"column":15},"end":{"line":20,"column":18}},"loc":{"start":{"line":20,"column":21},"end":{"line":20,"column":33}}},"1":{"name":"(anonymous_2)","decl":{"start":{"line":21,"column":15},"end":{"line":21,"column":18}},"loc":{"start":{"line":21,"column":21},"end":{"line":21,"column":33}}},"2":{"name":"(anonymous_3)","decl":{"start":{"line":22,"column":15},"end":{"line":22,"column":18}},"loc":{"start":{"line":22,"column":21},"end":{"line":22,"column":32}}},"3":{"name":"(anonymous_4)","decl":{"start":{"line":23,"column":15},"end":{"line":23,"column":18}},"loc":{"start":{"line":23,"column":21},"end":{"line":23,"column":37}}},"4":{"name":"(anonymous_5)","decl":{"start":{"line":24,"column":15},"end":{"line":24,"column":18}},"loc":{"start":{"line":24,"column":21},"end":{"line":24,"column":45}}}},"branchMap":{},"s":{"0":9,"1":9,"2":9,"3":9,"4":9,"5":9,"6":9,"7":9,"8":9,"9":9,"10":9,"11":9,"12":9,"13":9,"14":9,"15":27,"16":27,"17":27,"18":27,"19":27},"f":{"0":27,"1":27,"2":27,"3":27,"4":27},"b":{}}
,"D:\\Thuc_tap\\Software\\Code\\wms\\src\\modules\\export-orders\\export-orders.service.ts": {"path":"D:\\Thuc_tap\\Software\\Code\\wms\\src\\modules\\export-orders\\export-orders.service.ts","statementMap":{"0":{"start":{"line":1,"column":0},"end":{"line":1,"column":112}},"1":{"start":{"line":2,"column":0},"end":{"line":2,"column":51}},"2":{"start":{"line":3,"column":0},"end":{"line":3,"column":49}},"3":{"start":{"line":4,"column":0},"end":{"line":4,"column":74}},"4":{"start":{"line":5,"column":0},"end":{"line":5,"column":116}},"5":{"start":{"line":6,"column":0},"end":{"line":6,"column":95}},"6":{"start":{"line":7,"column":0},"end":{"line":7,"column":56}},"7":{"start":{"line":8,"column":0},"end":{"line":8,"column":94}},"8":{"start":{"line":9,"column":0},"end":{"line":9,"column":69}},"9":{"start":{"line":13,"column":0},"end":{"line":13,"column":70}},"10":{"start":{"line":14,"column":0},"end":{"line":14,"column":80}},"11":{"start":{"line":17,"column":7},"end":{"line":560,"column":null}},"12":{"start":{"line":19,"column":12},"end":{"line":19,"column":24}},"13":{"start":{"line":22,"column":21},"end":{"line":22,"column":44}},"14":{"start":{"line":25,"column":21},"end":{"line":25,"column":48}},"15":{"start":{"line":27,"column":12},"end":{"line":27,"column":31}},"16":{"start":{"line":29,"column":12},"end":{"line":29,"column":39}},"17":{"start":{"line":33,"column":30},"end":{"line":33,"column":122}},"18":{"start":{"line":34,"column":4},"end":{"line":185,"column":5}},"19":{"start":{"line":35,"column":6},"end":{"line":35,"column":67}},"20":{"start":{"line":39,"column":6},"end":{"line":48,"column":7}},"21":{"start":{"line":40,"column":8},"end":{"line":47,"column":9}},"22":{"start":{"line":44,"column":10},"end":{"line":44,"column":90}},"23":{"start":{"line":45,"column":15},"end":{"line":47,"column":9}},"24":{"start":{"line":46,"column":10},"end":{"line":46,"column":54}},"25":{"start":{"line":51,"column":26},"end":{"line":51,"column":43}},"26":{"start":{"line":52,"column":56},"end":{"line":52,"column":58}},"27":{"start":{"line":53,"column":54},"end":{"line":53,"column":56}},"28":{"start":{"line":54,"column":55},"end":{"line":54,"column":57}},"29":{"start":{"line":59,"column":6},"end":{"line":146,"column":7}},"30":{"start":{"line":60,"column":8},"end":{"line":145,"column":9}},"31":{"start":{"line":62,"column":37},"end":{"line":62,"column":39}},"32":{"start":{"line":63,"column":10},"end":{"line":65,"column":13}},"33":{"start":{"line":64,"column":12},"end":{"line":64,"column":36}},"34":{"start":{"line":68,"column":10},"end":{"line":68,"column":99}},"35":{"start":{"line":70,"column":10},"end":{"line":92,"column":11}},"36":{"start":{"line":71,"column":33},"end":{"line":71,"column":54}},"37":{"start":{"line":72,"column":12},"end":{"line":91,"column":13}},"38":{"start":{"line":73,"column":39},"end":{"line":73,"column":61}},"39":{"start":{"line":74,"column":14},"end":{"line":74,"column":71}},"40":{"start":{"line":75,"column":14},"end":{"line":75,"column":127}},"41":{"start":{"line":76,"column":14},"end":{"line":76,"column":68}},"42":{"start":{"line":78,"column":14},"end":{"line":78,"column":58}},"43":{"start":{"line":80,"column":38},"end":{"line":80,"column":59}},"44":{"start":{"line":81,"column":14},"end":{"line":81,"column":65}},"45":{"start":{"line":82,"column":14},"end":{"line":82,"column":69}},"46":{"start":{"line":83,"column":14},"end":{"line":83,"column":92}},"47":{"start":{"line":84,"column":14},"end":{"line":84,"column":67}},"48":{"start":{"line":86,"column":14},"end":{"line":86,"column":56}},"49":{"start":{"line":88,"column":14},"end":{"line":88,"column":96}},"50":{"start":{"line":90,"column":14},"end":{"line":90,"column":67}},"51":{"start":{"line":96,"column":25},"end":{"line":96,"column":41}},"52":{"start":{"line":98,"column":10},"end":{"line":98,"column":215}},"53":{"start":{"line":99,"column":20},"end":{"line":99,"column":21}},"54":{"start":{"line":101,"column":10},"end":{"line":103,"column":13}},"55":{"start":{"line":102,"column":12},"end":{"line":102,"column":47}},"56":{"start":{"line":105,"column":10},"end":{"line":107,"column":11}},"57":{"start":{"line":106,"column":12},"end":{"line":106,"column":65}},"58":{"start":{"line":109,"column":10},"end":{"line":144,"column":11}},"59":{"start":{"line":110,"column":22},"end":{"line":110,"column":23}},"60":{"start":{"line":111,"column":12},"end":{"line":141,"column":13}},"61":{"start":{"line":112,"column":39},"end":{"line":112,"column":61}},"62":{"start":{"line":113,"column":14},"end":{"line":113,"column":71}},"63":{"start":{"line":114,"column":14},"end":{"line":114,"column":82}},"64":{"start":{"line":116,"column":14},"end":{"line":116,"column":58}},"65":{"start":{"line":118,"column":38},"end":{"line":118,"column":59}},"66":{"start":{"line":119,"column":14},"end":{"line":119,"column":81}},"67":{"start":{"line":120,"column":14},"end":{"line":120,"column":74}},"68":{"start":{"line":121,"column":14},"end":{"line":121,"column":78}},"69":{"start":{"line":123,"column":14},"end":{"line":136,"column":15}},"70":{"start":{"line":124,"column":16},"end":{"line":124,"column":65}},"71":{"start":{"line":125,"column":16},"end":{"line":125,"column":80}},"72":{"start":{"line":126,"column":16},"end":{"line":126,"column":57}},"73":{"start":{"line":128,"column":16},"end":{"line":128,"column":50}},"74":{"start":{"line":130,"column":16},"end":{"line":130,"column":52}},"75":{"start":{"line":131,"column":16},"end":{"line":131,"column":96}},"76":{"start":{"line":133,"column":16},"end":{"line":133,"column":65}},"77":{"start":{"line":135,"column":16},"end":{"line":135,"column":29}},"78":{"start":{"line":138,"column":14},"end":{"line":138,"column":56}},"79":{"start":{"line":140,"column":14},"end":{"line":140,"column":20}},"80":{"start":{"line":143,"column":12},"end":{"line":143,"column":42}},"81":{"start":{"line":148,"column":26},"end":{"line":148,"column":61}},"82":{"start":{"line":149,"column":6},"end":{"line":149,"column":34}},"83":{"start":{"line":150,"column":6},"end":{"line":150,"column":43}},"84":{"start":{"line":151,"column":6},"end":{"line":184,"column":7}},"85":{"start":{"line":153,"column":8},"end":{"line":153,"column":57}},"86":{"start":{"line":156,"column":8},"end":{"line":156,"column":64}},"87":{"start":{"line":157,"column":8},"end":{"line":157,"column":57}},"88":{"start":{"line":158,"column":35},"end":{"line":158,"column":78}},"89":{"start":{"line":160,"column":8},"end":{"line":162,"column":11}},"90":{"start":{"line":161,"column":10},"end":{"line":161,"column":64}},"91":{"start":{"line":164,"column":31},"end":{"line":164,"column":82}},"92":{"start":{"line":167,"column":8},"end":{"line":171,"column":11}},"93":{"start":{"line":168,"column":10},"end":{"line":168,"column":65}},"94":{"start":{"line":169,"column":10},"end":{"line":169,"column":78}},"95":{"start":{"line":170,"column":10},"end":{"line":170,"column":93}},"96":{"start":{"line":172,"column":8},"end":{"line":172,"column":61}},"97":{"start":{"line":174,"column":8},"end":{"line":174,"column":46}},"98":{"start":{"line":176,"column":8},"end":{"line":176,"column":64}},"99":{"start":{"line":177,"column":8},"end":{"line":177,"column":34}},"100":{"start":{"line":179,"column":8},"end":{"line":179,"column":27}},"101":{"start":{"line":180,"column":8},"end":{"line":180,"column":48}},"102":{"start":{"line":181,"column":8},"end":{"line":181,"column":49}},"103":{"start":{"line":183,"column":8},"end":{"line":183,"column":36}},"104":{"start":{"line":189,"column":22},"end":{"line":191,"column":85}},"105":{"start":{"line":193,"column":8},"end":{"line":195,"column":9}},"106":{"start":{"line":194,"column":10},"end":{"line":194,"column":null}},"107":{"start":{"line":197,"column":8},"end":{"line":199,"column":11}},"108":{"start":{"line":198,"column":10},"end":{"line":198,"column":null}},"109":{"start":{"line":201,"column":8},"end":{"line":204,"column":31}},"110":{"start":{"line":208,"column":24},"end":{"line":211,"column":65}},"111":{"start":{"line":212,"column":4},"end":{"line":216,"column":5}},"112":{"start":{"line":213,"column":6},"end":{"line":213,"column":59}},"113":{"start":{"line":215,"column":6},"end":{"line":215,"column":25}},"114":{"start":{"line":235,"column":4},"end":{"line":242,"column":5}},"115":{"start":{"line":236,"column":6},"end":{"line":236,"column":67}},"116":{"start":{"line":238,"column":6},"end":{"line":241,"column":51}},"117":{"start":{"line":246,"column":24},"end":{"line":246,"column":87}},"118":{"start":{"line":247,"column":4},"end":{"line":260,"column":5}},"119":{"start":{"line":248,"column":6},"end":{"line":257,"column":7}},"120":{"start":{"line":249,"column":28},"end":{"line":253,"column":70}},"121":{"start":{"line":254,"column":8},"end":{"line":254,"column":39}},"122":{"start":{"line":256,"column":8},"end":{"line":256,"column":40}},"123":{"start":{"line":259,"column":6},"end":{"line":259,"column":36}},"124":{"start":{"line":264,"column":18},"end":{"line":266,"column":106}},"125":{"start":{"line":269,"column":4},"end":{"line":269,"column":27}},"126":{"start":{"line":276,"column":30},"end":{"line":276,"column":123}},"127":{"start":{"line":277,"column":24},"end":{"line":277,"column":57}},"128":{"start":{"line":278,"column":4},"end":{"line":406,"column":5}},"129":{"start":{"line":279,"column":6},"end":{"line":279,"column":67}},"130":{"start":{"line":280,"column":11},"end":{"line":406,"column":5}},"131":{"start":{"line":281,"column":6},"end":{"line":281,"column":78}},"132":{"start":{"line":284,"column":37},"end":{"line":284,"column":112}},"133":{"start":{"line":285,"column":38},"end":{"line":285,"column":122}},"134":{"start":{"line":287,"column":26},"end":{"line":287,"column":67}},"135":{"start":{"line":288,"column":6},"end":{"line":288,"column":34}},"136":{"start":{"line":289,"column":6},"end":{"line":289,"column":43}},"137":{"start":{"line":291,"column":6},"end":{"line":405,"column":7}},"138":{"start":{"line":292,"column":8},"end":{"line":292,"column":57}},"139":{"start":{"line":294,"column":8},"end":{"line":294,"column":53}},"140":{"start":{"line":296,"column":8},"end":{"line":296,"column":66}},"141":{"start":{"line":297,"column":8},"end":{"line":297,"column":65}},"142":{"start":{"line":300,"column":59},"end":{"line":300,"column":61}},"143":{"start":{"line":301,"column":61},"end":{"line":301,"column":63}},"144":{"start":{"line":302,"column":71},"end":{"line":302,"column":73}},"145":{"start":{"line":304,"column":8},"end":{"line":386,"column":11}},"146":{"start":{"line":305,"column":10},"end":{"line":385,"column":11}},"147":{"start":{"line":307,"column":37},"end":{"line":307,"column":224}},"148":{"start":{"line":308,"column":27},"end":{"line":308,"column":43}},"149":{"start":{"line":309,"column":22},"end":{"line":309,"column":23}},"150":{"start":{"line":310,"column":12},"end":{"line":312,"column":null}},"151":{"start":{"line":311,"column":14},"end":{"line":311,"column":49}},"152":{"start":{"line":314,"column":12},"end":{"line":354,"column":13}},"153":{"start":{"line":315,"column":14},"end":{"line":315,"column":100}},"154":{"start":{"line":317,"column":24},"end":{"line":317,"column":25}},"155":{"start":{"line":318,"column":14},"end":{"line":353,"column":15}},"156":{"start":{"line":319,"column":40},"end":{"line":319,"column":61}},"157":{"start":{"line":320,"column":41},"end":{"line":320,"column":63}},"158":{"start":{"line":321,"column":16},"end":{"line":321,"column":82}},"159":{"start":{"line":323,"column":16},"end":{"line":335,"column":17}},"160":{"start":{"line":324,"column":18},"end":{"line":324,"column":67}},"161":{"start":{"line":325,"column":18},"end":{"line":325,"column":82}},"162":{"start":{"line":326,"column":18},"end":{"line":326,"column":59}},"163":{"start":{"line":328,"column":18},"end":{"line":328,"column":52}},"164":{"start":{"line":330,"column":18},"end":{"line":330,"column":98}},"165":{"start":{"line":332,"column":18},"end":{"line":332,"column":67}},"166":{"start":{"line":333,"column":18},"end":{"line":333,"column":54}},"167":{"start":{"line":334,"column":18},"end":{"line":334,"column":31}},"168":{"start":{"line":337,"column":16},"end":{"line":337,"column":73}},"169":{"start":{"line":339,"column":16},"end":{"line":339,"column":64}},"170":{"start":{"line":340,"column":16},"end":{"line":340,"column":62}},"171":{"start":{"line":341,"column":16},"end":{"line":341,"column":83}},"172":{"start":{"line":343,"column":16},"end":{"line":343,"column":75}},"173":{"start":{"line":344,"column":16},"end":{"line":344,"column":84}},"174":{"start":{"line":345,"column":16},"end":{"line":345,"column":91}},"175":{"start":{"line":347,"column":16},"end":{"line":347,"column":63}},"176":{"start":{"line":349,"column":16},"end":{"line":349,"column":22}},"177":{"start":{"line":350,"column":16},"end":{"line":352,"column":17}},"178":{"start":{"line":351,"column":18},"end":{"line":351,"column":null}},"179":{"start":{"line":358,"column":12},"end":{"line":384,"column":15}},"180":{"start":{"line":359,"column":44},"end":{"line":359,"column":130}},"181":{"start":{"line":361,"column":14},"end":{"line":383,"column":15}},"182":{"start":{"line":362,"column":41},"end":{"line":362,"column":63}},"183":{"start":{"line":363,"column":16},"end":{"line":363,"column":75}},"184":{"start":{"line":364,"column":16},"end":{"line":364,"column":null}},"185":{"start":{"line":365,"column":16},"end":{"line":365,"column":105}},"186":{"start":{"line":366,"column":16},"end":{"line":366,"column":80}},"187":{"start":{"line":367,"column":16},"end":{"line":367,"column":91}},"188":{"start":{"line":369,"column":16},"end":{"line":369,"column":63}},"189":{"start":{"line":371,"column":16},"end":{"line":371,"column":74}},"190":{"start":{"line":372,"column":16},"end":{"line":372,"column":74}},"191":{"start":{"line":374,"column":40},"end":{"line":374,"column":61}},"192":{"start":{"line":375,"column":16},"end":{"line":375,"column":64}},"193":{"start":{"line":376,"column":16},"end":{"line":376,"column":62}},"194":{"start":{"line":377,"column":16},"end":{"line":377,"column":60}},"195":{"start":{"line":378,"column":16},"end":{"line":378,"column":84}},"196":{"start":{"line":380,"column":16},"end":{"line":380,"column":61}},"197":{"start":{"line":382,"column":16},"end":{"line":382,"column":182}},"198":{"start":{"line":388,"column":8},"end":{"line":388,"column":69}},"199":{"start":{"line":390,"column":31},"end":{"line":390,"column":85}},"200":{"start":{"line":391,"column":8},"end":{"line":393,"column":11}},"201":{"start":{"line":392,"column":10},"end":{"line":392,"column":73}},"202":{"start":{"line":395,"column":8},"end":{"line":395,"column":64}},"203":{"start":{"line":396,"column":8},"end":{"line":396,"column":46}},"204":{"start":{"line":398,"column":8},"end":{"line":398,"column":30}},"205":{"start":{"line":400,"column":8},"end":{"line":400,"column":27}},"206":{"start":{"line":401,"column":8},"end":{"line":401,"column":48}},"207":{"start":{"line":402,"column":8},"end":{"line":402,"column":49}},"208":{"start":{"line":404,"column":8},"end":{"line":404,"column":36}},"209":{"start":{"line":413,"column":30},"end":{"line":413,"column":94}},"210":{"start":{"line":414,"column":24},"end":{"line":414,"column":87}},"211":{"start":{"line":415,"column":4},"end":{"line":461,"column":5}},"212":{"start":{"line":416,"column":6},"end":{"line":416,"column":67}},"213":{"start":{"line":417,"column":11},"end":{"line":461,"column":5}},"214":{"start":{"line":418,"column":6},"end":{"line":418,"column":70}},"215":{"start":{"line":420,"column":6},"end":{"line":420,"column":41}},"216":{"start":{"line":421,"column":6},"end":{"line":421,"column":62}},"217":{"start":{"line":423,"column":34},"end":{"line":423,"column":138}},"218":{"start":{"line":425,"column":35},"end":{"line":425,"column":115}},"219":{"start":{"line":427,"column":6},"end":{"line":431,"column":9}},"220":{"start":{"line":428,"column":8},"end":{"line":428,"column":40}},"221":{"start":{"line":429,"column":8},"end":{"line":429,"column":73}},"222":{"start":{"line":430,"column":8},"end":{"line":430,"column":47}},"223":{"start":{"line":433,"column":57},"end":{"line":433,"column":59}},"224":{"start":{"line":434,"column":6},"end":{"line":439,"column":9}},"225":{"start":{"line":435,"column":38},"end":{"line":435,"column":75}},"226":{"start":{"line":436,"column":8},"end":{"line":436,"column":64}},"227":{"start":{"line":438,"column":8},"end":{"line":438,"column":69}},"228":{"start":{"line":441,"column":26},"end":{"line":441,"column":61}},"229":{"start":{"line":442,"column":6},"end":{"line":442,"column":34}},"230":{"start":{"line":443,"column":6},"end":{"line":443,"column":43}},"231":{"start":{"line":445,"column":6},"end":{"line":460,"column":7}},"232":{"start":{"line":446,"column":33},"end":{"line":446,"column":77}},"233":{"start":{"line":447,"column":8},"end":{"line":447,"column":57}},"234":{"start":{"line":448,"column":8},"end":{"line":448,"column":61}},"235":{"start":{"line":450,"column":8},"end":{"line":450,"column":46}},"236":{
[...]
,"D:\\Thuc_tap\\Software\\Code\\wms\\src\\utilities\\test.ts": {"path":"D:\\Thuc_tap\\Software\\Code\\wms\\src\\utilities\\test.ts","statementMap":{"0":{"start":{"line":1,"column":10},"end":{"line":1,"column":21}},"1":{"start":{"line":2,"column":0},"end":{"line":7,"column":null}},"2":{"start":{"line":3,"column":4},"end":{"line":5,"column":5}},"3":{"start":{"line":4,"column":8},"end":{"line":4,"column":21}},"4":{"start":{"line":6,"column":4},"end":{"line":6,"column":24}},"5":{"start":{"line":8,"column":0},"end":{"line":8,"column":20}}},"fnMap":{"0":{"name":"(anonymous_0)","decl":{"start":{"line":2,"column":10},"end":{"line":2,"column":11}},"loc":{"start":{"line":2,"column":21},"end":{"line":7,"column":1}}}},"branchMap":{"0":{"loc":{"start":{"line":3,"column":4},"end":{"line":5,"column":5}},"type":"if","locations":[{"start":{"line":3,"column":4},"end":{"line":5,"column":5}},{"start":{},"end":{}}]}},"s":{"0":0,"1":0,"2":0,"3":0,"4":0,"5":0},"f":{"0":0},"b":{"0":[0,0]}}
,"D:\\Thuc_tap\\Software\\Code\\wms\\src\\utilities\\constants\\constants.ts": {"path":"D:\\Thuc_tap\\Software\\Code\\wms\\src\\utilities\\constants\\constants.ts","statementMap":{"0":{"start":{"line":1,"column":0},"end":{"line":1,"column":36}},"1":{"start":{"line":2,"column":0},"end":{"line":2,"column":54}},"2":{"start":{"line":3,"column":0},"end":{"line":3,"column":44}},"3":{"start":{"line":4,"column":0},"end":{"line":4,"column":52}},"4":{"start":{"line":5,"column":0},"end":{"line":5,"column":46}},"5":{"start":{"line":6,"column":0},"end":{"line":6,"column":52}},"6":{"start":{"line":7,"column":0},"end":{"line":7,"column":48}},"7":{"start":{"line":8,"column":0},"end":{"line":8,"column":54}},"8":{"start":{"line":9,"column":0},"end":{"line":9,"column":67}},"9":{"start":{"line":10,"column":0},"end":{"line":10,"column":77}},"10":{"start":{"line":11,"column":0},"end":{"line":11,"column":87}},"11":{"start":{"line":12,"column":0},"end":{"line":12,"column":96}},"12":{"start":{"line":13,"column":0},"end":{"line":13,"column":87}},"13":{"start":{"line":14,"column":0},"end":{"line":14,"column":96}},"14":{"start":{"line":15,"column":0},"end":{"line":15,"column":103}},"15":{"start":{"line":16,"column":0},"end":{"line":16,"column":67}},"16":{"start":{"line":17,"column":0},"end":{"line":17,"column":82}},"17":{"start":{"line":18,"column":0},"end":{"line":18,"column":73}},"18":{"start":{"line":19,"column":0},"end":{"line":19,"column":91}},"19":{"start":{"line":20,"column":0},"end":{"line":20,"column":76}},"20":{"start":{"line":21,"column":0},"end":{"line":21,"column":64}},"21":{"start":{"line":22,"column":0},"end":{"line":22,"column":79}},"22":{"start":{"line":23,"column":0},"end":{"line":23,"column":96}},"23":{"start":{"line":24,"column":0},"end":{"line":24,"column":94}},"24":{"start":{"line":25,"column":0},"end":{"line":25,"column":105}},"25":{"start":{"line":27,"column":0},"end":{"line":27,"column":null}},"26":{"start":{"line":28,"column":4},"end":{"line":28,"column":null}},"27":{"start":{"line":31,"column":13},"end":{"line":95,"column":2}},"28":{"start":{"line":51,"column":8},"end":{"line":56,"column":null}}},"fnMap":{"0":{"name":"(anonymous_1)","decl":{"start":{"line":27,"column":0},"end":{"line":27,"column":12}},"loc":{"start":{"line":27,"column":19},"end":{"line":29,"column":1}}},"1":{"name":"(anonymous_2)","decl":{"start":{"line":50,"column":20},"end":{"line":50,"column":25}},"loc":{"start":{"line":50,"column":31},"end":{"line":57,"column":9}}}},"branchMap":{"0":{"loc":{"start":{"line":27,"column":12},"end":{"line":27,"column":null}},"type":"binary-expr","locations":[{"start":{"line":27,"column":12},"end":{"line":27,"column":19}},{"start":{"line":27,"column":19},"end":{"line":27,"column":null}}]}},"s":{"0":9,"1":9,"2":9,"3":9,"4":9,"5":9,"6":9,"7":9,"8":9,"9":9,"10":9,"11":9,"12":9,"13":9,"14":9,"15":9,"16":9,"17":9,"18":9,"19":9,"20":9,"21":9,"22":9,"23":9,"24":9,"25":9,"26":9,"27":9,"28":0},"f":{"0":9,"1":0},"b":{"0":[9,9]}}
,"D:\\Thuc_tap\\Software\\Code\\wms\\src\\utilities\\custom_decorators\\public.decorator.ts": {"path":"D:\\Thuc_tap\\Software\\Code\\wms\\src\\utilities\\custom_decorators\\public.decorator.ts","statementMap":{"0":{"start":{"line":1,"column":0},"end":{"line":1,"column":45}},"1":{"start":{"line":3,"column":13},"end":{"line":3,"column":40}},"2":{"start":{"line":4,"column":22},"end":{"line":4,"column":62}},"3":{"start":{"line":4,"column":28},"end":{"line":4,"column":62}},"4":{"start":{"line":4,"column":13},"end":{"line":4,"column":22}}},"fnMap":{"0":{"name":"(anonymous_0)","decl":{"start":{"line":4,"column":22},"end":{"line":4,"column":25}},"loc":{"start":{"line":4,"column":28},"end":{"line":4,"column":62}}}},"branchMap":{},"s":{"0":0,"1":0,"2":0,"3":0,"4":0},"f":{"0":0},"b":{}}
,"D:\\Thuc_tap\\Software\\Code\\wms\\src\\utilities\\custom_decorators\\roles.decorator.ts": {"path":"D:\\Thuc_tap\\Software\\Code\\wms\\src\\utilities\\custom_decorators\\roles.decorator.ts","statementMap":{"0":{"start":{"line":1,"column":0},"end":{"line":1,"column":45}},"1":{"start":{"line":2,"column":0},"end":{"line":2,"column":68}},"2":{"start":{"line":4,"column":13},"end":{"line":4,"column":33}},"3":{"start":{"line":5,"column":21},"end":{"line":5,"column":73}},"4":{"start":{"line":5,"column":44},"end":{"line":5,"column":73}},"5":{"start":{"line":5,"column":13},"end":{"line":5,"column":21}},"6":{"start":{"line":7,"column":23},"end":{"line":7,"column":103}},"7":{"start":{"line":7,"column":29},"end":{"line":7,"column":103}},"8":{"start":{"line":7,"column":13},"end":{"line":7,"column":23}}},"fnMap":{"0":{"name":"(anonymous_0)","decl":{"start":{"line":5,"column":21},"end":{"line":5,"column":22}},"loc":{"start":{"line":5,"column":44},"end":{"line":5,"column":73}}},"1":{"name":"(anonymous_1)","decl":{"start":{"line":7,"column":23},"end":{"line":7,"column":26}},"loc":{"start":{"line":7,"column":29},"end":{"line":7,"column":103}}}},"branchMap":{},"s":{"0":9,"1":9,"2":9,"3":9,"4":173,"5":9,"6":9,"7":9,"8":9},"f":{"0":173,"1":9},"b":{}}
,"D:\\Thuc_tap\\Software\\Code\\wms\\src\\utilities\\exception_filters\\http-exception.filter.ts": {"path":"D:\\Thuc_tap\\Software\\Code\\wms\\src\\utilities\\exception_filters\\http-exception.filter.ts","statementMap":{"0":{"start":{"line":1,"column":0},"end":{"line":1,"column":86}},"1":{"start":{"line":3,"column":21},"end":{"line":10,"column":null}},"2":{"start":{"line":13,"column":7},"end":{"line":39,"column":null}},"3":{"start":{"line":15,"column":20},"end":{"line":15,"column":39}},"4":{"start":{"line":16,"column":25},"end":{"line":16,"column":42}},"5":{"start":{"line":18,"column":23},"end":{"line":18,"column":44}},"6":{"start":{"line":20,"column":34},"end":{"line":20,"column":57}},"7":{"start":{"line":23,"column":8},"end":{"line":28,"column":9}},"8":{"start":{"line":24,"column":42},"end":{"line":24,"column":71}},"9":{"start":{"line":25,"column":12},"end":{"line":25,"column":52}},"10":{"start":{"line":27,"column":12},"end":{"line":27,"column":51}},"11":{"start":{"line":30,"column":8},"end":{"line":32,"column":9}},"12":{"start":{"line":31,"column":12},"end":{"line":31,"column":43}},"13":{"start":{"line":34,"column":8},"end":{"line":37,"column":11}},"14":{"start":{"line":13,"column":13},"end":{"line":13,"column":32}},"15":{"start":{"line":13,"column":13},"end":{"line":39,"column":null}}},"fnMap":{"0":{"name":"(anonymous_1)","decl":{"start":{"line":14,"column":4},"end":{"line":14,"column":9}},"loc":{"start":{"line":14,"column":55},"end":{"line":38,"column":5}}}},"branchMap":{"0":{"loc":{"start":{"line":23,"column":8},"end":{"line":28,"column":9}},"type":"if","locations":[{"start":{"line":23,"column":8},"end":{"line":28,"column":9}},{"start":{"line":26,"column":15},"end":{"line":28,"column":9}}]},"1":{"loc":{"start":{"line":30,"column":8},"end":{"line":32,"column":9}},"type":"if","locations":[{"start":{"line":30,"column":8},"end":{"line":32,"column":9}},{"start":{},"end":{}}]},"2":{"loc":{"start":{"line":30,"column":11},"end":{"line":30,"column":50}},"type":"binary-expr","locations":[{"start":{"line":30,"column":11},"end":{"line":30,"column":26}},{"start":{"line":30,"column":30},"end":{"line":30,"column":50}}]}},"s":{"0":0,"1":0,"2":0,"3":0,"4":0,"5":0,"6":0,"7":0,"8":0,"9":0,"10":0,"11":0,"12":0,"13":0,"14":0,"15":0},"f":{"0":0},"b":{"0":[0,0],"1":[0,0],"2":[0,0]}}
,"D:\\Thuc_tap\\Software\\Code\\wms\\src\\utilities\\functions\\getDataFromDTO.ts": {"path":"D:\\Thuc_tap\\Software\\Code\\wms\\src\\utilities\\functions\\getDataFromDTO.ts","statementMap":{"0":{"start":{"line":3,"column":0},"end":{"line":3,"column":16}},"1":{"start":{"line":1,"column":0},"end":{"line":1,"column":66}},"2":{"start":{"line":4,"column":4},"end":{"line":52,"column":5}},"3":{"start":{"line":5,"column":8},"end":{"line":27,"column":11}},"4":{"start":{"line":6,"column":12},"end":{"line":26,"column":13}},"5":{"start":{"line":7,"column":16},"end":{"line":7,"column":74}},"6":{"start":{"line":8,"column":19},"end":{"line":26,"column":13}},"7":{"start":{"line":9,"column":38},"end":{"line":9,"column":40}},"8":{"start":{"line":11,"column":16},"end":{"line":16,"column":19}},"9":{"start":{"line":12,"column":35},"end":{"line":12,"column":37}},"10":{"start":{"line":13,"column":20},"end":{"line":13,"column":63}},"11":{"start":{"line":15,"column":20},"end":{"line":15,"column":39}},"12":{"start":{"line":18,"column":16},"end":{"line":18,"column":42}},"13":{"start":{"line":19,"column":19},"end":{"line":26,"column":13}},"14":{"start":{"line":20,"column":31},"end":{"line":20,"column":33}},"15":{"start":{"line":21,"column":16},"end":{"line":21,"column":63}},"16":{"start":{"line":23,"column":16},"end":{"line":23,"column":43}},"17":{"start":{"line":25,"column":16},"end":{"line":25,"column":52}},"18":{"start":{"line":29,"column":8},"end":{"line":51,"column":11}},"19":{"start":{"line":30,"column":12},"end":{"line":50,"column":13}},"20":{"start":{"line":31,"column":16},"end":{"line":31,"column":74}},"21":{"start":{"line":32,"column":19},"end":{"line":50,"column":13}},"22":{"start":{"line":33,"column":38},"end":{"line":33,"column":40}},"23":{"start":{"line":35,"column":16},"end":{"line":40,"column":19}},"24":{"start":{"line":36,"column":35},"end":{"line":36,"column":37}},"25":{"start":{"line":37,"column":20},"end":{"line":37,"column":63}},"26":{"start":{"line":39,"column":20},"end":{"line":39,"column":39}},"27":{"start":{"line":42,"column":16},"end":{"line":42,"column":42}},"28":{"start":{"line":43,"column":19},"end":{"line":50,"column":13}},"29":{"start":{"line":44,"column":31},"end":{"line":44,"column":33}},"30":{"start":{"line":45,"column":16},"end":{"line":45,"column":63}},"31":{"start":{"line":47,"column":16},"end":{"line":47,"column":43}},"32":{"start":{"line":49,"column":16},"end":{"line":49,"column":52}},"33":{"start":{"line":54,"column":4},"end":{"line":54,"column":24}}},"fnMap":{"0":{"name":"getDataFromDTO","decl":{"start":{"line":3,"column":16},"end":{"line":3,"column":30}},"loc":{"start":{"line":3,"column":94},"end":{"line":55,"column":1}}},"1":{"name":"(anonymous_1)","decl":{"start":{"line":5,"column":42},"end":{"line":5,"column":43}},"loc":{"start":{"line":5,"column":50},"end":{"line":27,"column":9}}},"2":{"name":"(anonymous_2)","decl":{"start":{"line":11,"column":40},"end":{"line":11,"column":41}},"loc":{"start":{"line":11,"column":56},"end":{"line":16,"column":17}}},"3":{"name":"(anonymous_3)","decl":{"start":{"line":29,"column":40},"end":{"line":29,"column":41}},"loc":{"start":{"line":29,"column":48},"end":{"line":51,"column":9}}},"4":{"name":"(anonymous_4)","decl":{"start":{"line":35,"column":40},"end":{"line":35,"column":41}},"loc":{"start":{"line":35,"column":56},"end":{"line":40,"column":17}}}},"branchMap":{"0":{"loc":{"start":{"line":4,"column":4},"end":{"line":52,"column":5}},"type":"if","locations":[{"start":{"line":4,"column":4},"end":{"line":52,"column":5}},{"start":{"line":28,"column":11},"end":{"line":52,"column":5}}]},"1":{"loc":{"start":{"line":6,"column":12},"end":{"line":26,"column":13}},"type":"if","locations":[{"start":{"line":6,"column":12},"end":{"line":26,"column":13}},{"start":{"line":8,"column":19},"end":{"line":26,"column":13}}]},"2":{"loc":{"start":{"line":8,"column":19},"end":{"line":26,"column":13}},"type":"if","locations":[{"start":{"line":8,"column":19},"end":{"line":26,"column":13}},{"start":{"line":19,"column":19},"end":{"line":26,"column":13}}]},"3":{"loc":{"start":{"line":19,"column":19},"end":{"line":26,"column":13}},"type":"if","locations":[{"start":{"line":19,"column":19},"end":{"line":26,"column":13}},{"start":{"line":24,"column":19},"end":{"line":26,"column":13}}]},"4":{"loc":{"start":{"line":30,"column":12},"end":{"line":50,"column":13}},"type":"if","locations":[{"start":{"line":30,"column":12},"end":{"line":50,"column":13}},{"start":{"line":32,"column":19},"end":{"line":50,"column":13}}]},"5":{"loc":{"start":{"line":32,"column":19},"end":{"line":50,"column":13}},"type":"if","locations":[{"start":{"line":32,"column":19},"end":{"line":50,"column":13}},{"start":{"line":43,"column":19},"end":{"line":50,"column":13}}]},"6":{"loc":{"start":{"line":43,"column":19},"end":{"line":50,"column":13}},"type":"if","locations":[{"start":{"line":43,"column":19},"end":{"line":50,"column":13}},{"start":{"line":48,"column":19},"end":{"line":50,"column":13}}]}},"s":{"0":9,"1":9,"2":22,"3":18,"4":250,"5":18,"6":232,"7":0,"8":0,"9":0,"10":0,"11":0,"12":0,"13":232,"14":0,"15":0,"16":0,"17":232,"18":4,"19":12,"20":0,"21":12,"22":0,"23":0,"24":0,"25":0,"26":0,"27":0,"28":12,"29":0,"30":0,"31":0,"32":12,"33":22},"f":{"0":22,"1":250,"2":0,"3":12,"4":0},"b":{"0":[18,4],"1":[18,232],"2":[0,232],"3":[0,232],"4":[0,12],"5":[0,12],"6":[0,12]}}
,"D:\\Thuc_tap\\Software\\Code\\wms\\src\\utilities\\functions\\getDataFromEntity.ts": {"path":"D:\\Thuc_tap\\Software\\Code\\wms\\src\\utilities\\functions\\getDataFromEntity.ts","statementMap":{"0":{"start":{"line":1,"column":0},"end":{"line":1,"column":16}},"1":{"start":{"line":2,"column":4},"end":{"line":4,"column":7}},"2":{"start":{"line":3,"column":8},"end":{"line":3,"column":44}},"3":{"start":{"line":6,"column":4},"end":{"line":6,"column":24}}},"fnMap":{"0":{"name":"getDataFromEntity","decl":{"start":{"line":1,"column":16},"end":{"line":1,"column":33}},"loc":{"start":{"line":1,"column":58},"end":{"line":7,"column":1}}},"1":{"name":"(anonymous_1)","decl":{"start":{"line":2,"column":36},"end":{"line":2,"column":37}},"loc":{"start":{"line":2,"column":44},"end":{"line":4,"column":5}}}},"branchMap":{},"s":{"0":9,"1":0,"2":0,"3":0},"f":{"0":0,"1":0},"b":{}}
,"D:\\Thuc_tap\\Software\\Code\\wms\\src\\utilities\\functions\\isBigIntInDatabase.ts": {"path":"D:\\Thuc_tap\\Software\\Code\\wms\\src\\utilities\\functions\\isBigIntInDatabase.ts","statementMap":{"0":{"start":{"line":1,"column":0},"end":{"line":1,"column":16}},"1":{"start":{"line":2,"column":4},"end":{"line":2,"column":36}},"2":{"start":{"line":2,"column":23},"end":{"line":2,"column":36}},"3":{"start":{"line":3,"column":4},"end":{"line":7,"column":5}},"4":{"start":{"line":4,"column":8},"end":{"line":6,"column":9}},"5":{"start":{"line":5,"column":12},"end":{"line":5,"column":25}},"6":{"start":{"line":8,"column":4},"end":{"line":8,"column":16}}},"fnMap":{"0":{"name":"isBigIntInDatabase","decl":{"start":{"line":1,"column":16},"end":{"line":1,"column":34}},"loc":{"start":{"line":1,"column":44},"end":{"line":9,"column":1}}}},"branchMap":{"0":{"loc":{"start":{"line":2,"column":4},"end":{"line":2,"column":36}},"type":"if","locations":[{"start":{"line":2,"column":4},"end":{"line":2,"column":36}},{"start":{},"end":{}}]},"1":{"loc":{"start":{"line":4,"column":8},"end":{"line":6,"column":9}},"type":"if","locations":[{"start":{"line":4,"column":8},"end":{"line":6,"column":9}},{"start":{},"end":{}}]},"2":{"loc":{"start":{"line":4,"column":11},"end":{"line":4,"column":29}},"type":"binary-expr","locations":[{"start":{"line":4,"column":11},"end":{"line":4,"column":18}},{"start":{"line":4,"column":22},"end":{"line":4,"column":29}}]}},"s":{"0":9,"1":0,"2":0,"3":0,"4":0,"5":0,"6":0},"f":{"0":0},"b":{"0":[0,0],"1":[0,0],"2":[0,0]}}
,"D:\\Thuc_tap\\Software\\Code\\wms\\src\\utilities\\functions\\parseObjectDataWithoutIdFileld.ts": {"path":"D:\\Thuc_tap\\Software\\Code\\wms\\src\\utilities\\functions\\parseObjectDataWithoutIdFileld.ts","statementMap":{"0":{"start":{"line":1,"column":0},"end":{"line":1,"column":16}},"1":{"start":{"line":2,"column":4},"end":{"line":6,"column":7}},"2":{"start":{"line":3,"column":8},"end":{"line":5,"column":9}},"3":{"start":{"line":4,"column":12},"end":{"line":4,"column":48}},"4":{"start":{"line":8,"column":4},"end":{"line":8,"column":24}}},"fnMap":{"0":{"name":"parseObjectDataWithoutIdField","decl":{"start":{"line":1,"column":16},"end":{"line":1,"column":45}},"loc":{"start":{"line":1,"column":70},"end":{"line":9,"column":1}}},"1":{"name":"(anonymous_1)","decl":{"start":{"line":2,"column":36},"end":{"line":2,"column":37}},"loc":{"start":{"line":2,"column":44},"end":{"line":6,"column":5}}}},"branchMap":{"0":{"loc":{"start":{"line":3,"column":8},"end":{"line":5,"column":9}},"type":"if","locations":[{"start":{"line":3,"column":8},"end":{"line":5,"column":9}},{"start":{},"end":{}}]},"1":{"loc":{"start":{"line":3,"column":11},"end":{"line":3,"column":76}},"type":"binary-expr","locations":[{"start":{"line":3,"column":11},"end":{"line":3,"column":30}},{"start":{"line":3,"column":34},"end":{"line":3,"column":53}},{"start":{"line":3,"column":57},"end":{"line":3,"column":76}}]}},"s":{"0":9,"1":0,"2":0,"3":0,"4":0},"f":{"0":0,"1":0},"b":{"0":[0,0],"1":[0,0,0]}}
,"D:\\Thuc_tap\\Software\\Code\\wms\\src\\utilities\\functions\\removeNullAndUndefined.ts": {"path":"D:\\Thuc_tap\\Software\\Code\\wms\\src\\utilities\\functions\\removeNullAndUndefined.ts","statementMap":{"0":{"start":{"line":1,"column":0},"end":{"line":1,"column":16}},"1":{"start":{"line":2,"column":2},"end":{"line":8,"column":3}},"2":{"start":{"line":3,"column":4},"end":{"line":7,"column":5}},"3":{"start":{"line":4,"column":6},"end":{"line":4,"column":20}},"4":{"start":{"line":5,"column":11},"end":{"line":7,"column":5}},"5":{"start":{"line":6,"column":6},"end":{"line":6,"column":37}},"6":{"start":{"line":10,"column":2},"end":{"line":10,"column":11}}},"fnMap":{"0":{"name":"removeNullAndUndefined","decl":{"start":{"line":1,"column":16},"end":{"line":1,"column":38}},"loc":{"start":{"line":1,"column":48},"end":{"line":11,"column":1}}}},"branchMap":{"0":{"loc":{"start":{"line":3,"column":4},"end":{"line":7,"column":5}},"type":"if","locations":[{"start":{"line":3,"column":4},"end":{"line":7,"column":5}},{"start":{"line":5,"column":11},"end":{"line":7,"column":5}}]},"1":{"loc":{"start":{"line":3,"column":7},"end":{"line":3,"column":44}},"type":"binary-expr","locations":[{"start":{"line":3,"column":7},"end":{"line":3,"column":21}},{"start":{"line":3,"column":25},"end":{"line":3,"column":44}}]},"2":{"loc":{"start":{"line":5,"column":11},"end":{"line":7,"column":5}},"type":"if","locations":[{"start":{"line":5,"column":11},"end":{"line":7,"column":5}},{"start":{},"end":{}}]}},"s":{"0":9,"1":0,"2":0,"3":0,"4":0,"5":0,"6":0},"f":{"0":0},"b":{"0":[0,0],"1":[0,0],"2":[0,0]}}
,"D:\\Thuc_tap\\Software\\Code\\wms\\src\\utilities\\global_dto\\http-exception.dto.ts": {"path":"D:\\Thuc_tap\\Software\\Code\\wms\\src\\utilities\\global_dto\\http-exception.dto.ts","statementMap":{"0":{"start":{"line":1,"column":0},"end":{"line":1,"column":45}},"1":{"start":{"line":3,"column":0},"end":{"line":3,"column":13}},"2":{"start":{"line":5,"column":4},"end":{"line":5,"column":null}},"3":{"start":{"line":8,"column":4},"end":{"line":8,"column":null}}},"fnMap":{},"branchMap":{},"s":{"0":9,"1":9,"2":9,"3":9},"f":{},"b":{}}
}
