TN:
SF:src\app.controller.ts
FN:6,(anonymous_2)
FN:9,(anonymous_3)
FNF:2
FNH:2
FNDA:1,(anonymous_2)
FNDA:1,(anonymous_3)
DA:1,1
DA:2,1
DA:5,1
DA:6,1
DA:9,1
DA:10,1
LF:6
LH:6
BRDA:6,0,0,1
BRDA:6,0,1,0
BRDA:6,1,0,1
BRDA:6,1,1,1
BRF:4
BRH:3
end_of_record
TN:
SF:src\app.module.ts
FN:46,(anonymous_10)
FNF:1
FNH:0
FNDA:0,(anonymous_10)
DA:1,0
DA:2,0
DA:3,0
DA:4,0
DA:5,0
DA:6,0
DA:7,0
DA:8,0
DA:9,0
DA:10,0
DA:11,0
DA:12,0
DA:13,0
DA:14,0
DA:15,0
DA:16,0
DA:17,0
DA:18,0
DA:19,0
DA:20,0
DA:21,0
DA:22,0
DA:23,0
DA:24,0
DA:47,0
DA:113,0
LF:26
LH:0
BRF:0
BRH:0
end_of_record
TN:
SF:src\app.service.ts
FN:5,(anonymous_1)
FNF:1
FNH:1
FNDA:1,(anonymous_1)
DA:1,1
DA:4,1
DA:6,1
LF:3
LH:3
BRF:0
BRH:0
end_of_record
TN:
SF:src\main.ts
FN:10,bootstrap
FN:35,(anonymous_1)
FNF:2
FNH:0
FNDA:0,bootstrap
FNDA:0,(anonymous_1)
DA:1,0
DA:2,0
DA:3,0
DA:4,0
DA:5,0
DA:6,0
DA:7,0
DA:8,0
DA:11,0
DA:14,0
DA:35,0
DA:36,0
DA:37,0
DA:43,0
DA:46,0
DA:49,0
DA:57,0
DA:62,0
DA:65,0
LF:19
LH:0
BRDA:62,0,0,0
BRDA:62,0,1,0
BRF:2
BRH:0
end_of_record
TN:
SF:src\modules\agents\agents.controller.ts
FN:18,(anonymous_4)
FN:25,(anonymous_5)
FN:42,(anonymous_6)
FN:61,(anonymous_7)
FN:69,(anonymous_8)
FN:81,(anonymous_9)
FN:102,(anonymous_10)
FNF:7
FNH:1
FNDA:9,(anonymous_4)
FNDA:0,(anonymous_5)
FNDA:0,(anonymous_6)
FNDA:0,(anonymous_7)
FNDA:0,(anonymous_8)
FNDA:0,(anonymous_9)
FNDA:0,(anonymous_10)
DA:1,9
DA:2,9
DA:3,9
DA:4,9
DA:5,9
DA:6,9
DA:7,9
DA:8,9
DA:9,9
DA:17,9
DA:18,9
DA:25,9
DA:26,0
DA:42,9
DA:46,0
DA:61,9
DA:62,0
DA:69,9
DA:74,0
DA:81,9
DA:86,0
DA:102,9
DA:106,0
LF:23
LH:17
BRDA:25,0,0,9
BRDA:25,0,1,0
BRDA:25,1,0,9
BRDA:25,1,1,9
BRDA:104,2,0,9
BRDA:104,2,1,0
BRDA:104,3,0,9
BRDA:104,3,1,9
BRDA:18,4,0,9
BRDA:18,4,1,0
BRDA:18,5,0,9
BRDA:18,5,1,9
BRF:12
BRH:9
end_of_record
TN:
SF:src\modules\agents\agents.module.ts
FN:14,(anonymous_1)
FN:15,(anonymous_2)
FNF:2
FNH:2
FNDA:27,(anonymous_1)
FNDA:27,(anonymous_2)
DA:1,9
DA:2,9
DA:3,9
DA:4,9
DA:5,9
DA:6,9
DA:7,9
DA:14,27
DA:15,27
DA:21,9
LF:10
LH:10
BRF:0
BRH:0
end_of_record
TN:
SF:src\modules\agents\agents.service.ts
FN:13,(anonymous_4)
FN:20,(anonymous_5)
FN:48,(anonymous_6)
FN:52,(anonymous_7)
FN:60,(anonymous_8)
FN:74,(anonymous_9)
FN:83,(anonymous_10)
FNF:7
FNH:1
FNDA:9,(anonymous_4)
FNDA:0,(anonymous_5)
FNDA:0,(anonymous_6)
FNDA:0,(anonymous_7)
FNDA:0,(anonymous_8)
FNDA:0,(anonymous_9)
FNDA:0,(anonymous_10)
DA:1,9
DA:4,9
DA:5,9
DA:6,9
DA:7,9
DA:8,9
DA:9,9
DA:12,9
DA:17,9
DA:21,0
DA:22,0
DA:24,0
DA:49,0
DA:53,0
DA:61,0
DA:70,0
DA:71,0
DA:75,0
DA:76,0
DA:77,0
DA:79,0
DA:84,0
DA:85,0
DA:87,0
LF:24
LH:9
BRDA:76,0,0,0
BRDA:76,0,1,0
BRDA:17,1,0,9
BRDA:17,1,1,0
BRDA:17,2,0,9
BRDA:17,2,1,9
BRF:6
BRH:3
end_of_record
TN:
SF:src\modules\agents\dto\create-agent.dto.ts
FNF:0
FNH:0
DA:1,9
DA:2,9
DA:4,9
DA:7,9
DA:11,9
DA:15,9
DA:19,9
DA:23,9
LF:8
LH:8
BRF:0
BRH:0
end_of_record
TN:
SF:src\modules\agents\dto\update-agent.dto.ts
FNF:0
FNH:0
DA:2,9
DA:3,9
DA:5,9
LF:3
LH:3
BRF:0
BRH:0
end_of_record
TN:
SF:src\modules\agents\entities\agent.entity.ts
FN:46,(anonymous_2)
FN:46,(anonymous_3)
FN:50,(anonymous_4)
FN:50,(anonymous_5)
FNF:4
FNH:4
FNDA:9,(anonymous_2)
FNDA:9,(anonymous_3)
FNDA:9,(anonymous_4)
FNDA:9,(anonymous_5)
DA:2,9
DA:3,9
DA:4,9
DA:5,9
DA:11,9
DA:14,9
DA:19,9
DA:23,9
DA:27,9
DA:31,9
DA:35,9
DA:39,9
DA:43,9
DA:46,9
DA:47,9
DA:50,9
DA:51,9
LF:17
LH:17
BRDA:39,0,0,9
BRDA:39,0,1,0
BRDA:39,1,0,9
BRDA:39,1,1,9
BRDA:43,2,0,9
BRDA:43,2,1,0
BRDA:43,3,0,9
BRDA:43,3,1,9
BRF:8
BRH:6
end_of_record
TN:
SF:src\modules\auth\auth.controller.ts
FN:11,(anonymous_4)
FN:26,(anonymous_5)
FNF:2
FNH:0
FNDA:0,(anonymous_4)
FNDA:0,(anonymous_5)
DA:1,0
DA:2,0
DA:3,0
DA:4,0
DA:5,0
DA:6,0
DA:7,0
DA:10,0
DA:11,0
DA:26,0
DA:27,0
LF:11
LH:0
BRDA:26,0,0,0
BRDA:26,0,1,0
BRDA:26,1,0,0
BRDA:26,1,1,0
BRDA:11,2,0,0
BRDA:11,2,1,0
BRDA:11,3,0,0
BRDA:11,3,1,0
BRF:8
BRH:0
end_of_record
TN:
SF:src\modules\auth\auth.guard.ts
FN:17,(anonymous_2)
FN:22,(anonymous_3)
FN:80,(anonymous_4)
FNF:3
FNH:0
FNDA:0,(anonymous_2)
FNDA:0,(anonymous_3)
FNDA:0,(anonymous_4)
DA:1,0
DA:8,0
DA:9,0
DA:11,0
DA:12,0
DA:13,0
DA:14,0
DA:16,0
DA:18,0
DA:19,0
DA:24,0
DA:29,0
DA:31,0
DA:34,0
DA:35,0
DA:37,0
DA:38,0
DA:41,0
DA:42,0
DA:50,0
DA:52,0
DA:53,0
DA:56,0
DA:58,0
DA:59,0
DA:61,0
DA:66,0
DA:67,0
DA:71,0
DA:73,0
DA:75,0
DA:81,0
DA:82,0
LF:33
LH:0
BRDA:29,0,0,0
BRDA:29,0,1,0
BRDA:37,1,0,0
BRDA:37,1,1,0
BRDA:58,2,0,0
BRDA:58,2,1,0
BRDA:66,3,0,0
BRDA:66,3,1,0
BRDA:66,4,0,0
BRDA:66,4,1,0
BRDA:71,5,0,0
BRDA:71,5,1,0
BRDA:81,6,0,0
BRDA:81,6,1,0
BRDA:82,7,0,0
BRDA:82,7,1,0
BRDA:18,8,0,0
BRDA:18,8,1,0
BRDA:18,9,0,0
BRDA:18,9,1,0
BRDA:18,10,0,0
BRDA:18,10,1,0
BRDA:18,11,0,0
BRDA:18,11,1,0
BRF:24
BRH:0
end_of_record
TN:
SF:src\modules\auth\auth.module.ts
FNF:0
FNH:0
DA:1,0
DA:2,0
DA:3,0
DA:4,0
DA:5,0
DA:6,0
DA:7,0
DA:23,0
LF:8
LH:0
BRF:0
BRH:0
end_of_record
TN:
SF:src\modules\auth\auth.service.ts
FN:11,(anonymous_2)
FN:19,(anonymous_3)
FNF:2
FNH:0
FNDA:0,(anonymous_2)
FNDA:0,(anonymous_3)
DA:1,0
DA:2,0
DA:3,0
DA:4,0
DA:5,0
DA:6,0
DA:7,0
DA:10,0
DA:12,0
DA:14,0
DA:15,0
DA:19,0
DA:22,0
DA:24,0
DA:25,0
DA:28,0
DA:30,0
DA:32,0
DA:33,0
DA:34,0
LF:20
LH:0
BRDA:24,0,0,0
BRDA:24,0,1,0
BRDA:20,1,0,0
BRDA:20,1,1,0
BRDA:20,2,0,0
BRDA:20,2,1,0
BRDA:21,3,0,0
BRDA:21,3,1,0
BRDA:21,4,0,0
BRDA:21,4,1,0
BRDA:12,5,0,0
BRDA:12,5,1,0
BRDA:12,6,0,0
BRDA:12,6,1,0
BRDA:12,7,0,0
BRDA:12,7,1,0
BRDA:12,8,0,0
BRDA:12,8,1,0
BRDA:14,9,0,0
BRDA:14,9,1,0
BRDA:14,10,0,0
BRDA:14,10,1,0
BRF:22
BRH:0
end_of_record
TN:
SF:src\modules\auth\constants.ts
FNF:0
FNH:0
DA:1,0
LF:1
LH:0
BRF:0
BRH:0
end_of_record
TN:
SF:src\modules\auth\dto\login.dto.ts
FNF:0
FNH:0
DA:1,0
DA:2,0
DA:4,0
DA:7,0
DA:11,0
LF:5
LH:0
BRF:0
BRH:0
end_of_record
TN:
SF:src\modules\auth\dto\return-access-token.dto.ts
FNF:0
FNH:0
DA:1,0
DA:2,0
DA:4,0
DA:7,0
LF:4
LH:0
BRF:0
BRH:0
end_of_record
TN:
SF:src\modules\categories\categories.controller.ts
FN:16,(anonymous_4)
FN:22,(anonymous_5)
FN:30,(anonymous_6)
FN:49,(anonymous_7)
FN:57,(anonymous_8)
FN:77,(anonymous_9)
FN:93,(anonymous_10)
FNF:7
FNH:0
FNDA:0,(anonymous_4)
FNDA:0,(anonymous_5)
FNDA:0,(anonymous_6)
FNDA:0,(anonymous_7)
FNDA:0,(anonymous_8)
FNDA:0,(anonymous_9)
FNDA:0,(anonymous_10)
DA:1,0
DA:2,0
DA:3,0
DA:4,0
DA:5,0
DA:6,0
DA:7,0
DA:15,0
DA:16,0
DA:22,0
DA:23,0
DA:30,0
DA:34,0
DA:49,0
DA:50,0
DA:57,0
DA:62,0
DA:77,0
DA:78,0
DA:93,0
DA:94,0
LF:21
LH:0
BRDA:22,0,0,0
BRDA:22,0,1,0
BRDA:22,1,0,0
BRDA:22,1,1,0
BRDA:77,2,0,0
BRDA:77,2,1,0
BRDA:77,3,0,0
BRDA:77,3,1,0
BRDA:16,4,0,0
BRDA:16,4,1,0
BRDA:16,5,0,0
BRDA:16,5,1,0
BRF:12
BRH:0
end_of_record
TN:
SF:src\modules\categories\categories.module.ts
FNF:0
FNH:0
DA:1,0
DA:2,0
DA:3,0
DA:4,0
DA:5,0
DA:15,0
LF:6
LH:0
BRF:0
BRH:0
end_of_record
TN:
SF:src\modules\categories\categories.service.ts
FN:13,(anonymous_4)
FN:20,(anonymous_5)
FN:27,(anonymous_6)
FN:31,(anonymous_7)
FN:39,(anonymous_8)
FN:49,(anonymous_9)
FN:56,(anonymous_10)
FNF:7
FNH:0
FNDA:0,(anonymous_4)
FNDA:0,(anonymous_5)
FNDA:0,(anonymous_6)
FNDA:0,(anonymous_7)
FNDA:0,(anonymous_8)
FNDA:0,(anonymous_9)
FNDA:0,(anonymous_10)
DA:1,0
DA:4,0
DA:5,0
DA:6,0
DA:8,0
DA:9,0
DA:12,0
DA:14,0
DA:17,0
DA:21,0
DA:22,0
DA:24,0
DA:28,0
DA:32,0
DA:40,0
DA:42,0
DA:43,0
DA:45,0
DA:50,0
DA:51,0
DA:53,0
DA:57,0
DA:59,0
DA:60,0
DA:61,0
DA:63,0
DA:65,0
DA:66,0
DA:67,0
DA:69,0
DA:71,0
DA:72,0
DA:73,0
DA:75,0
LF:34
LH:0
BRDA:42,0,0,0
BRDA:42,0,1,0
BRDA:14,1,0,0
BRDA:14,1,1,0
BRDA:14,2,0,0
BRDA:14,2,1,0
BRDA:14,3,0,0
BRDA:14,3,1,0
BRDA:14,4,0,0
BRDA:14,4,1,0
BRF:10
BRH:0
end_of_record
TN:
SF:src\modules\categories\dto\category.dto.ts
FNF:0
FNH:0
DA:1,0
DA:2,0
DA:4,0
DA:7,0
LF:4
LH:0
BRF:0
BRH:0
end_of_record
TN:
SF:src\modules\categories\dto\create-category.dto.ts
FNF:0
FNH:0
DA:1,9
DA:2,9
DA:4,9
DA:7,9
DA:12,9
LF:5
LH:5
BRF:0
BRH:0
end_of_record
TN:
SF:src\modules\categories\dto\update-category.dto.ts
FNF:0
FNH:0
DA:2,9
DA:3,9
DA:4,9
DA:6,9
DA:9,9
LF:5
LH:5
BRF:0
BRH:0
end_of_record
TN:
SF:src\modules\categories\entities\category.entity.ts
FN:28,(anonymous_2)
FN:28,(anonymous_3)
FNF:2
FNH:2
FNDA:9,(anonymous_2)
FNDA:9,(anonymous_3)
DA:2,9
DA:3,9
DA:4,9
DA:7,9
DA:10,9
DA:14,9
DA:18,9
DA:22,9
DA:26,9
DA:28,9
DA:29,9
LF:11
LH:11
BRDA:22,0,0,9
BRDA:22,0,1,0
BRDA:22,1,0,9
BRDA:22,1,1,9
BRDA:26,2,0,9
BRDA:26,2,1,0
BRDA:26,3,0,9
BRDA:26,3,1,9
BRF:8
BRH:6
end_of_record
TN:
SF:src\modules\export-orders\export-orders.controller.ts
FN:20,(anonymous_4)
FN:47,(anonymous_5)
FN:59,(anonymous_6)
FN:82,(anonymous_7)
FN:123,(anonymous_8)
FN:151,(anonymous_9)
FN:178,(anonymous_10)
FN:209,(anonymous_11)
FNF:8
FNH:3
FNDA:10,(anonymous_4)
FNDA:6,(anonymous_5)
FNDA:0,(anonymous_6)
FNDA:0,(anonymous_7)
FNDA:0,(anonymous_8)
FNDA:3,(anonymous_9)
FNDA:0,(anonymous_10)
FNDA:0,(anonymous_11)
DA:1,9
DA:2,9
DA:3,9
DA:4,9
DA:5,9
DA:6,9
DA:7,9
DA:8,9
DA:9,9
DA:10,9
DA:11,9
DA:19,9
DA:21,10
DA:24,10
DA:47,9
DA:48,6
DA:50,1
DA:52,1
DA:59,9
DA:67,0
DA:82,9
DA:83,0
DA:123,9
DA:124,0
DA:125,0
DA:127,0
DA:151,9
DA:155,3
DA:178,9
DA:182,0
DA:183,0
DA:185,0
DA:209,9
DA:213,0
DA:214,0
DA:216,0
LF:36
LH:25
BRDA:47,0,0,9
BRDA:47,0,1,0
BRDA:47,1,0,9
BRDA:47,1,1,9
BRDA:123,2,0,9
BRDA:123,2,1,0
BRDA:123,3,0,9
BRDA:123,3,1,9
BRDA:153,4,0,9
BRDA:153,4,1,0
BRDA:153,5,0,9
BRDA:153,5,1,9
BRDA:21,6,0,9
BRDA:21,6,1,0
BRDA:21,7,0,9
BRDA:21,7,1,9
BRDA:21,8,0,9
BRDA:21,8,1,0
BRDA:21,9,0,9
BRDA:21,9,1,9
BRF:20
BRH:15
end_of_record
TN:
SF:src\modules\export-orders\export-orders.module.ts
FN:20,(anonymous_1)
FN:21,(anonymous_2)
FN:22,(anonymous_3)
FN:23,(anonymous_4)
FN:24,(anonymous_5)
FNF:5
FNH:5
FNDA:27,(anonymous_1)
FNDA:27,(anonymous_2)
FNDA:27,(anonymous_3)
FNDA:27,(anonymous_4)
FNDA:27,(anonymous_5)
DA:1,9
DA:2,9
DA:3,9
DA:4,9
DA:5,9
DA:6,9
DA:7,9
DA:8,9
DA:9,9
DA:10,9
DA:11,9
DA:12,9
DA:20,27
DA:21,27
DA:22,27
DA:23,27
DA:24,27
DA:30,9
LF:18
LH:18
BRF:0
BRH:0
end_of_record
TN:
SF:src\modules\export-orders\export-orders.service.ts
FN:18,(anonymous_4)
FN:32,(anonymous_5)
FN:63,(anonymous_6)
FN:101,(anonymous_7)
FN:160,(anonymous_8)
FN:167,(anonymous_9)
FN:188,(anonymous_10)
FN:197,(anonymous_11)
FN:207,(anonymous_12)
FN:234,(anonymous_13)
FN:245,(anonymous_14)
FN:263,(anonymous_15)
FN:275,(anonymous_16)
FN:304,(anonymous_17)
FN:310,(anonymous_18)
FN:358,(anonymous_19)
FN:391,(anonymous_20)
FN:412,(anonymous_21)
FN:427,(anonymous_22)
FN:434,(anonymous_23)
FN:466,(anonymous_24)
FN:478,(anonymous_25)
FN:511,(anonymous_26)
FN:523,(anonymous_27)
FN:529,(anonymous_28)
FNF:25
FNH:11
FNDA:11,(anonymous_4)
FNDA:12,(anonymous_5)
FNDA:1,(anonymous_6)
FNDA:68,(anonymous_7)
FNDA:2,(anonymous_8)
FNDA:2,(anonymous_9)
FNDA:0,(anonymous_10)
FNDA:0,(anonymous_11)
FNDA:4,(anonymous_12)
FNDA:0,(anonymous_13)
FNDA:0,(anonymous_14)
FNDA:2,(anonymous_15)
FNDA:0,(anonymous_16)
FNDA:0,(anonymous_17)
FNDA:0,(anonymous_18)
FNDA:0,(anonymous_19)
FNDA:0,(anonymous_20)
FNDA:6,(anonymous_21)
FNDA:2,(anonymous_22)
FNDA:2,(anonymous_23)
FNDA:0,(anonymous_24)
FNDA:0,(anonymous_25)
FNDA:0,(anonymous_26)
FNDA:0,(anonymous_27)
FNDA:0,(anonymous_28)
DA:1,9
DA:2,9
DA:3,9
DA:4,9
DA:5,9
DA:6,9
DA:7,9
DA:8,9
DA:9,9
DA:13,9
DA:14,9
DA:17,9
DA:19,11
DA:22,11
DA:25,11
DA:27,11
DA:29,11
DA:33,12
DA:34,10
DA:35,0
DA:39,10
DA:40,10
DA:44,2
DA:45,8
DA:46,0
DA:51,8
DA:52,8
DA:53,8
DA:54,8
DA:59,8
DA:60,8
DA:62,1
DA:63,1
DA:64,1
DA:68,1
DA:70,1
DA:71,1
DA:72,1
DA:73,1
DA:74,1
DA:75,1
DA:76,1
DA:78,1
DA:80,1
DA:81,1
DA:82,1
DA:83,1
DA:84,1
DA:86,1
DA:88,1
DA:90,0
DA:96,7
DA:98,7
DA:99,7
DA:101,7
DA:102,68
DA:105,7
DA:106,6
DA:109,1
DA:110,1
DA:111,1
DA:112,1
DA:113,1
DA:114,1
DA:116,1
DA:118,1
DA:119,1
DA:120,1
DA:121,1
DA:123,1
DA:124,0
DA:125,0
DA:126,0
DA:128,0
DA:130,1
DA:131,1
DA:133,1
DA:135,1
DA:138,1
DA:140,1
DA:143,0
DA:148,2
DA:149,2
DA:150,2
DA:151,2
DA:153,2
DA:156,2
DA:157,2
DA:158,2
DA:160,2
DA:161,2
DA:164,2
DA:167,2
DA:168,2
DA:169,2
DA:170,2
DA:172,2
DA:174,2
DA:176,2
DA:177,2
DA:179,0
DA:180,0
DA:181,0
DA:183,2
DA:189,0
DA:193,0
DA:194,0
DA:197,0
DA:198,0
DA:201,0
DA:208,4
DA:212,4
DA:213,2
DA:215,2
DA:235,0
DA:236,0
DA:238,0
DA:246,0
DA:247,0
DA:248,0
DA:249,0
DA:254,0
DA:256,0
DA:259,0
DA:264,2
DA:269,2
DA:276,0
DA:277,0
DA:278,0
DA:279,0
DA:280,0
DA:281,0
DA:284,0
DA:285,0
DA:287,0
DA:288,0
DA:289,0
DA:291,0
DA:292,0
DA:294,0
DA:296,0
DA:297,0
DA:300,0
DA:301,0
DA:302,0
DA:304,0
DA:305,0
DA:307,0
DA:308,0
DA:309,0
DA:310,0
DA:311,0
DA:314,0
DA:315,0
DA:317,0
DA:318,0
DA:319,0
DA:320,0
DA:321,0
DA:323,0
DA:324,0
DA:325,0
DA:326,0
DA:328,0
DA:330,0
DA:332,0
DA:333,0
DA:334,0
DA:337,0
DA:339,0
DA:340,0
DA:341,0
DA:343,0
DA:344,0
DA:345,0
DA:347,0
DA:349,0
DA:350,0
DA:351,0
DA:358,0
DA:359,0
DA:361,0
DA:362,0
DA:363,0
DA:364,0
DA:365,0
DA:366,0
DA:367,0
DA:369,0
DA:371,0
DA:372,0
DA:374,0
DA:375,0
DA:376,0
DA:377,0
DA:378,0
DA:380,0
DA:382,0
DA:388,0
DA:390,0
DA:391,0
DA:392,0
DA:395,0
DA:396,0
DA:398,0
DA:400,0
DA:401,0
DA:402,0
DA:404,0
DA:413,6
DA:414,4
DA:415,2
DA:416,0
DA:417,2
DA:418,0
DA:420,2
DA:421,2
DA:423,2
DA:425,2
DA:427,2
DA:428,2
DA:429,2
DA:430,2
DA:433,2
DA:434,2
DA:435,2
DA:436,2
DA:438,2
DA:441,2
DA:442,2
DA:443,2
DA:445,2
DA:446,2
DA:447,2
DA:448,2
DA:450,2
DA:452,2
DA:454,0
DA:455,0
DA:457,0
DA:459,2
DA:467,0
DA:468,0
DA:469,0
DA:470,0
DA:471,0
DA:472,0
DA:474,0
DA:475,0
DA:476,0
DA:478,0
DA:479,0
DA:480,0
DA:481,0
DA:484,0
DA:485,0
DA:486,0
DA:488,0
DA:489,0
DA:490,0
DA:492,0
DA:494,0
DA:496,0
DA:498,0
DA:500,0
DA:501,0
DA:502,0
DA:504,0
DA:512,0
DA:513,0
DA:515,0
DA:516,0
DA:518,0
DA:519,0
DA:520,0
DA:522,0
DA:523,0
DA:524,0
DA:525,0
DA:526,0
DA:529,0
DA:530,0
DA:531,0
DA:532,0
DA:533,0
DA:537,0
DA:538,0
DA:539,0
DA:541,0
DA:542,0
DA:543,0
DA:545,0
DA:547,0
DA:548,0
DA:550,0
DA:552,0
DA:553,0
DA:554,0
DA:556,0
LF:299
LH:126
BRDA:34,0,0,0
BRDA:34,0,1,10
BRDA:40,1,0,2
BRDA:40,1,1,8
BRDA:40,2,0,10
BRDA:40,2,1,9
BRDA:40,2,2,2
BRDA:45,3,0,0
BRDA:45,3,1,8
BRDA:60,4,0,1
BRDA:60,4,1,7
BRDA:60,5,0,8
BRDA:60,5,1,1
BRDA:60,5,2,1
BRDA:72,6,0,1
BRDA:72,6,1,0
BRDA:105,7,0,6
BRDA:105,7,1,1
BRDA:109,8,0,1
BRDA:109,8,1,0
BRDA:123,9,0,0
BRDA:123,9,1,1
BRDA:193,10,0,0
BRDA:193,10,1,0
BRDA:198,11,0,0
BRDA:198,11,1,0
BRDA:212,12,0,2
BRDA:212,12,1,2
BRDA:235,13,0,0
BRDA:235,13,1,0
BRDA:247,14,0,0
BRDA:247,14,1,0
BRDA:248,15,0,0
BRDA:248,15,1,0
BRDA:248,16,0,0
BRDA:248,16,1,0
BRDA:278,17,0,0
BRDA:278,17,1,0
BRDA:280,18,0,0
BRDA:280,18,1,0
BRDA:305,19,0,0
BRDA:305,19,1,0
BRDA:305,20,0,0
BRDA:305,20,1,0
BRDA:305,20,2,0
BRDA:314,21,0,0
BRDA:314,21,1,0
BRDA:323,22,0,0
BRDA:323,22,1,0
BRDA:350,23,0,0
BRDA:350,23,1,0
BRDA:361,24,0,0
BRDA:361,24,1,0
BRDA:415,25,0,0
BRDA:415,25,1,2
BRDA:417,26,0,0
BRDA:417,26,1,2
BRDA:469,27,0,0
BRDA:469,27,1,0
BRDA:471,28,0,0
BRDA:471,28,1,0
BRDA:515,29,0,0
BRDA:515,29,1,0
BRDA:522,30,0,0
BRDA:522,30,1,0
BRDA:19,31,0,9
BRDA:19,31,1,0
BRDA:19,32,0,9
BRDA:19,32,1,9
BRDA:19,33,0,9
BRDA:19,33,1,0
BRDA:19,34,0,9
BRDA:19,34,1,9
BRDA:22,35,0,9
BRDA:22,35,1,0
BRDA:22,36,0,9
BRDA:22,36,1,9
BRDA:25,37,0,9
BRDA:25,37,1,0
BRDA:25,38,0,9
BRDA:25,38,1,9
BRDA:27,39,0,9
BRDA:27,39,1,0
BRDA:27,40,0,9
BRDA:27,40,1,9
BRF:85
BRH:36
end_of_record
TN:
SF:src\modules\export-orders\dto\create-export-order-item.dto.ts
FN:18,(anonymous_2)
FNF:1
FNH:0
FNDA:0,(anonymous_2)
DA:2,9
DA:3,9
DA:4,9
DA:5,9
DA:7,9
DA:10,9
DA:14,9
DA:18,0
DA:19,9
LF:9
LH:8
BRF:0
BRH:0
end_of_record
TN:
SF:src\modules\export-orders\dto\create-export-order.dto.ts
FN:40,(anonymous_2)
FNF:1
FNH:0
FNDA:0,(anonymous_2)
DA:1,9
DA:2,9
DA:3,9
DA:4,9
DA:6,9
DA:10,9
DA:14,9
DA:19,9
DA:23,9
DA:27,9
DA:31,9
DA:36,9
DA:40,0
DA:41,9
LF:14
LH:13
BRF:0
BRH:0
end_of_record
TN:
SF:src\modules\export-orders\dto\update-export-order-by-manager.dto.ts
FNF:0
FNH:0
DA:1,9
DA:2,9
DA:4,9
DA:7,9
DA:11,9
LF:5
LH:5
BRF:0
BRH:0
end_of_record
TN:
SF:src\modules\export-orders\dto\update-export-order.dto.ts
FNF:0
FNH:0
DA:1,9
DA:2,9
DA:4,9
LF:3
LH:3
BRF:0
BRH:0
end_of_record
TN:
SF:src\modules\export-orders\entities\export-order-item.entity.ts
FN:35,(anonymous_2)
FN:41,(anonymous_3)
FN:56,(anonymous_4)
FN:62,(anonymous_5)
FN:62,(anonymous_6)
FNF:5
FNH:5
FNDA:9,(anonymous_2)
FNDA:9,(anonymous_3)
FNDA:9,(anonymous_4)
FNDA:9,(anonymous_5)
FNDA:9,(anonymous_6)
DA:1,9
DA:2,9
DA:3,9
DA:4,9
DA:5,9
DA:6,9
DA:9,9
DA:12,9
DA:16,9
DA:20,9
DA:24,9
DA:28,9
DA:32,9
DA:35,9
DA:38,9
DA:41,9
DA:53,9
DA:56,9
DA:59,9
DA:62,9
DA:63,9
LF:21
LH:21
BRDA:38,0,0,2
BRDA:38,0,1,7
BRDA:38,1,0,9
BRDA:38,1,1,2
BRDA:53,2,0,2
BRDA:53,2,1,7
BRDA:53,3,0,9
BRDA:53,3,1,2
BRDA:59,4,0,9
BRDA:59,4,1,0
BRDA:59,5,0,9
BRDA:59,5,1,9
BRF:12
BRH:11
end_of_record
TN:
SF:src\modules\export-orders\entities\export-order.entity.ts
FN:9,(anonymous_2)
FN:65,(anonymous_3)
FN:71,(anonymous_4)
FN:77,(anonymous_5)
FN:83,(anonymous_6)
FN:89,(anonymous_7)
FN:94,(anonymous_8)
FN:95,(anonymous_9)
FN:95,(anonymous_10)
FNF:9
FNH:8
FNDA:9,(anonymous_2)
FNDA:9,(anonymous_3)
FNDA:9,(anonymous_4)
FNDA:9,(anonymous_5)
FNDA:9,(anonymous_6)
FNDA:9,(anonymous_7)
FNDA:0,(anonymous_8)
FNDA:9,(anonymous_9)
FNDA:9,(anonymous_10)
DA:1,9
DA:2,9
DA:3,9
DA:4,9
DA:5,9
DA:6,9
DA:7,9
DA:9,9
DA:10,9
DA:11,9
DA:12,9
DA:16,9
DA:19,9
DA:24,9
DA:29,9
DA:33,9
DA:38,9
DA:42,9
DA:46,9
DA:50,9
DA:54,9
DA:58,9
DA:62,9
DA:65,9
DA:68,9
DA:71,9
DA:74,9
DA:77,9
DA:80,9
DA:83,9
DA:86,9
DA:89,9
DA:92,9
DA:94,0
DA:95,9
DA:96,9
LF:36
LH:35
BRDA:9,0,0,9
BRDA:9,0,1,9
BRDA:24,1,0,9
BRDA:24,1,1,0
BRDA:24,2,0,9
BRDA:24,2,1,9
BRDA:38,3,0,9
BRDA:38,3,1,0
BRDA:38,4,0,9
BRDA:38,4,1,9
BRDA:42,5,0,9
BRDA:42,5,1,0
BRDA:42,6,0,9
BRDA:42,6,1,9
BRDA:68,7,0,6
BRDA:68,7,1,3
BRDA:68,8,0,9
BRDA:68,8,1,6
BRDA:74,9,0,7
BRDA:74,9,1,2
BRDA:74,10,0,9
BRDA:74,10,1,7
BRDA:80,11,0,3
BRDA:80,11,1,6
BRDA:80,12,0,9
BRDA:80,12,1,3
BRDA:86,13,0,3
BRDA:86,13,1,6
BRDA:86,14,0,9
BRDA:86,14,1,3
BRDA:92,15,0,6
BRDA:92,15,1,3
BRDA:92,16,0,9
BRDA:92,16,1,6
BRF:34
BRH:31
end_of_record
TN:
SF:src\modules\import-orders\email.consumer.ts
FN:7,(anonymous_2)
FN:13,(anonymous_3)
FN:19,(anonymous_4)
FNF:3
FNH:1
FNDA:9,(anonymous_2)
FNDA:0,(anonymous_3)
FNDA:0,(anonymous_4)
DA:1,9
DA:2,9
DA:6,9
DA:8,9
DA:10,9
DA:14,0
DA:16,0
DA:17,0
DA:18,0
DA:19,0
DA:20,0
DA:23,0
DA:28,0
DA:29,0
LF:14
LH:5
BRDA:14,0,0,0
BRDA:8,1,0,9
BRDA:8,1,1,0
BRDA:8,2,0,9
BRDA:8,2,1,9
BRF:5
BRH:3
end_of_record
TN:
SF:src\modules\import-orders\import-orders.controller.ts
FN:20,(anonymous_4)
FN:48,(anonymous_5)
FN:56,(anonymous_6)
FN:79,(anonymous_7)
FN:113,(anonymous_8)
FN:141,(anonymous_9)
FN:165,(anonymous_10)
FNF:7
FNH:3
FNDA:10,(anonymous_4)
FNDA:4,(anonymous_5)
FNDA:0,(anonymous_6)
FNDA:0,(anonymous_7)
FNDA:3,(anonymous_8)
FNDA:0,(anonymous_9)
FNDA:0,(anonymous_10)
DA:1,9
DA:2,9
DA:3,9
DA:4,9
DA:5,9
DA:6,9
DA:7,9
DA:8,9
DA:9,9
DA:10,9
DA:11,9
DA:19,9
DA:21,10
DA:24,10
DA:48,9
DA:49,4
DA:56,9
DA:64,0
DA:79,9
DA:80,0
DA:81,0
DA:83,0
DA:113,9
DA:114,3
DA:116,1
DA:118,1
DA:141,9
DA:142,0
DA:165,9
DA:166,0
LF:30
LH:24
BRDA:80,0,0,0
BRDA:80,0,1,0
BRDA:48,1,0,9
BRDA:48,1,1,0
BRDA:48,2,0,9
BRDA:48,2,1,9
BRDA:141,3,0,9
BRDA:141,3,1,0
BRDA:141,4,0,9
BRDA:141,4,1,9
BRDA:21,5,0,9
BRDA:21,5,1,0
BRDA:21,6,0,9
BRDA:21,6,1,9
BRDA:21,7,0,9
BRDA:21,7,1,0
BRDA:21,8,0,9
BRDA:21,8,1,9
BRF:18
BRH:12
end_of_record
TN:
SF:src\modules\import-orders\import-orders.module.ts
FN:18,(anonymous_1)
FN:20,(anonymous_2)
FNF:2
FNH:2
FNDA:27,(anonymous_1)
FNDA:27,(anonymous_2)
DA:1,9
DA:2,9
DA:3,9
DA:4,9
DA:5,9
DA:6,9
DA:7,9
DA:8,9
DA:9,9
DA:10,9
DA:11,9
DA:18,27
DA:20,27
DA:29,9
LF:14
LH:14
BRF:0
BRH:0
end_of_record
TN:
SF:src\modules\import-orders\import-orders.service.ts
FN:22,(anonymous_4)
FN:44,(anonymous_5)
FN:56,(anonymous_6)
FN:76,(anonymous_7)
FN:89,(anonymous_8)
FN:120,(anonymous_9)
FN:124,(anonymous_10)
FN:128,(anonymous_11)
FN:137,(anonymous_12)
FN:147,(anonymous_13)
FN:159,(anonymous_14)
FN:163,(anonymous_15)
FN:171,(anonymous_16)
FN:184,(anonymous_17)
FN:201,(anonymous_18)
FN:230,(anonymous_19)
FN:271,(anonymous_20)
FN:288,(anonymous_21)
FN:310,(anonymous_22)
FN:328,(anonymous_23)
FN:369,(anonymous_24)
FNF:21
FNH:11
FNDA:11,(anonymous_4)
FNDA:10,(anonymous_5)
FNDA:16,(anonymous_6)
FNDA:8,(anonymous_7)
FNDA:8,(anonymous_8)
FNDA:0,(anonymous_9)
FNDA:0,(anonymous_10)
FNDA:0,(anonymous_11)
FNDA:0,(anonymous_12)
FNDA:6,(anonymous_13)
FNDA:0,(anonymous_14)
FNDA:6,(anonymous_15)
FNDA:0,(anonymous_16)
FNDA:0,(anonymous_17)
FNDA:0,(anonymous_18)
FNDA:0,(anonymous_19)
FNDA:6,(anonymous_20)
FNDA:4,(anonymous_21)
FNDA:4,(anonymous_22)
FNDA:4,(anonymous_23)
FNDA:0,(anonymous_24)
DA:1,9
DA:4,9
DA:5,9
DA:6,9
DA:7,9
DA:8,9
DA:9,9
DA:10,9
DA:11,9
DA:12,9
DA:13,9
DA:14,9
DA:15,9
DA:16,9
DA:17,9
DA:18,9
DA:21,9
DA:23,11
DA:26,11
DA:29,11
DA:31,11
DA:33,11
DA:35,11
DA:38,11
DA:45,10
DA:46,8
DA:47,0
DA:50,8
DA:51,8
DA:52,8
DA:55,8
DA:56,8
DA:57,16
DA:60,8
DA:62,8
DA:64,4
DA:65,4
DA:66,4
DA:68,4
DA:70,4
DA:74,4
DA:76,4
DA:77,8
DA:78,8
DA:79,8
DA:80,8
DA:82,8
DA:85,4
DA:87,4
DA:89,4
DA:91,8
DA:92,8
DA:93,8
DA:94,8
DA:95,8
DA:96,8
DA:98,8
DA:101,4
DA:103,4
DA:105,4
DA:106,4
DA:108,0
DA:109,0
DA:110,0
DA:112,4
DA:115,4
DA:121,0
DA:125,0
DA:129,0
DA:133,0
DA:134,0
DA:137,0
DA:138,0
DA:141,0
DA:148,6
DA:149,6
DA:150,2
DA:152,4
DA:160,0
DA:164,6
DA:172,0
DA:174,0
DA:175,0
DA:177,0
DA:185,0
DA:186,0
DA:188,0
DA:189,0
DA:190,0
DA:191,0
DA:193,0
DA:195,0
DA:196,0
DA:198,0
DA:199,0
DA:201,0
DA:202,0
DA:204,0
DA:205,0
DA:206,0
DA:207,0
DA:208,0
DA:210,0
DA:211,0
DA:214,0
DA:216,0
DA:217,0
DA:218,0
DA:219,0
DA:221,0
DA:222,0
DA:223,0
DA:225,0
DA:226,0
DA:228,0
DA:230,0
DA:231,0
DA:232,0
DA:233,0
DA:234,0
DA:235,0
DA:236,0
DA:237,0
DA:239,0
DA:242,0
DA:244,0
DA:246,0
DA:248,0
DA:249,0
DA:250,0
DA:252,0
DA:255,0
DA:272,6
DA:273,4
DA:275,2
DA:276,0
DA:277,2
DA:278,0
DA:280,2
DA:282,2
DA:285,2
DA:287,2
DA:288,2
DA:289,4
DA:291,4
DA:292,4
DA:294,4
DA:298,2
DA:299,2
DA:300,2
DA:302,2
DA:303,2
DA:304,2
DA:305,2
DA:308,2
DA:310,2
DA:311,4
DA:313,4
DA:314,4
DA:315,4
DA:316,4
DA:317,4
DA:318,4
DA:319,4
DA:321,4
DA:325,2
DA:327,2
DA:328,2
DA:329,4
DA:331,4
DA:332,4
DA:333,4
DA:334,4
DA:335,4
DA:336,4
DA:337,4
DA:339,4
DA:342,2
DA:344,2
DA:347,2
DA:348,2
DA:350,2
DA:352,0
DA:353,0
DA:354,0
DA:356,2
DA:370,0
DA:371,0
DA:373,0
DA:374,0
DA:375,0
DA:376,0
DA:378,0
DA:380,0
DA:381,0
DA:382,0
DA:384,0
DA:385,0
DA:386,0
DA:387,0
DA:389,0
DA:391,0
DA:392,0
DA:393,0
DA:395,0
LF:205
LH:116
BRDA:46,0,0,0
BRDA:46,0,1,8
BRDA:62,1,0,4
BRDA:62,1,1,4
BRDA:133,2,0,0
BRDA:133,2,1,0
BRDA:138,3,0,0
BRDA:138,3,1,0
BRDA:149,4,0,2
BRDA:149,4,1,4
BRDA:174,5,0,0
BRDA:174,5,1,0
BRDA:188,6,0,0
BRDA:188,6,1,0
BRDA:190,7,0,0
BRDA:190,7,1,0
BRDA:216,8,0,0
BRDA:216,8,1,0
BRDA:275,9,0,0
BRDA:275,9,1,2
BRDA:277,10,0,0
BRDA:277,10,1,2
BRDA:373,11,0,0
BRDA:373,11,1,0
BRDA:375,12,0,0
BRDA:375,12,1,0
BRDA:23,13,0,9
BRDA:23,13,1,0
BRDA:23,14,0,9
BRDA:23,14,1,9
BRDA:23,15,0,9
BRDA:23,15,1,0
BRDA:23,16,0,9
BRDA:23,16,1,9
BRDA:26,17,0,9
BRDA:26,17,1,0
BRDA:26,18,0,9
BRDA:26,18,1,9
BRDA:29,19,0,9
BRDA:29,19,1,0
BRDA:29,20,0,9
BRDA:29,20,1,9
BRDA:31,21,0,9
BRDA:31,21,1,0
BRDA:31,22,0,9
BRDA:31,22,1,9
BRDA:33,23,0,9
BRDA:33,23,1,0
BRDA:33,24,0,9
BRDA:33,24,1,9
BRDA:35,25,0,9
BRDA:35,25,1,0
BRDA:35,26,0,9
BRDA:35,26,1,9
BRF:54
BRH:28
end_of_record
TN:
SF:src\modules\import-orders\dto\create-import-order-item.dto.ts
FNF:0
FNH:0
DA:1,9
DA:2,9
DA:4,9
DA:7,9
DA:11,9
DA:15,9
DA:20,9
DA:25,9
LF:8
LH:8
BRF:0
BRH:0
end_of_record
TN:
SF:src\modules\import-orders\dto\create-import-order.dto.ts
FN:38,(anonymous_2)
FNF:1
FNH:0
FNDA:0,(anonymous_2)
DA:1,9
DA:2,9
DA:3,9
DA:4,9
DA:6,9
DA:9,9
DA:18,9
DA:22,9
DA:26,9
DA:34,9
DA:38,0
DA:39,9
LF:12
LH:11
BRF:0
BRH:0
end_of_record
TN:
SF:src\modules\import-orders\dto\update-import-order-item.dto.ts
FNF:0
FNH:0
DA:1,9
DA:2,9
DA:3,9
DA:5,9
DA:8,9
DA:12,9
DA:16,9
LF:7
LH:7
BRF:0
BRH:0
end_of_record
TN:
SF:src\modules\import-orders\dto\update-import-order.dto.ts
FN:14,(anonymous_2)
FNF:1
FNH:0
FNDA:0,(anonymous_2)
DA:1,9
DA:2,9
DA:3,9
DA:4,9
DA:5,9
DA:7,9
DA:10,9
DA:14,0
DA:15,9
LF:9
LH:8
BRF:0
BRH:0
end_of_record
TN:
SF:src\modules\import-orders\entities\import-order-item.entity.ts
FN:43,(anonymous_2)
FN:49,(anonymous_3)
FN:64,(anonymous_4)
FN:64,(anonymous_5)
FN:68,(anonymous_6)
FN:68,(anonymous_7)
FNF:6
FNH:6
FNDA:9,(anonymous_2)
FNDA:9,(anonymous_3)
FNDA:9,(anonymous_4)
FNDA:9,(anonymous_5)
FNDA:9,(anonymous_6)
FNDA:9,(anonymous_7)
DA:1,9
DA:2,9
DA:3,9
DA:4,9
DA:5,9
DA:6,9
DA:9,9
DA:12,9
DA:16,9
DA:20,9
DA:24,9
DA:28,9
DA:32,9
DA:36,9
DA:40,9
DA:43,9
DA:46,9
DA:49,9
DA:61,9
DA:64,9
DA:65,9
DA:68,9
DA:71,9
LF:23
LH:23
BRDA:16,0,0,9
BRDA:16,0,1,0
BRDA:16,1,0,9
BRDA:16,1,1,9
BRDA:46,2,0,4
BRDA:46,2,1,5
BRDA:46,3,0,9
BRDA:46,3,1,4
BRDA:61,4,0,2
BRDA:61,4,1,7
BRDA:61,5,0,9
BRDA:61,5,1,2
BRDA:71,6,0,7
BRDA:71,6,1,2
BRDA:71,7,0,9
BRDA:71,7,1,7
BRF:16
BRH:15
end_of_record
TN:
SF:src\modules\import-orders\entities\import-order.entity.ts
FN:8,(anonymous_2)
FN:59,(anonymous_3)
FN:65,(anonymous_4)
FN:71,(anonymous_5)
FN:77,(anonymous_6)
FN:83,(anonymous_7)
FN:83,(anonymous_8)
FNF:7
FNH:7
FNDA:9,(anonymous_2)
FNDA:9,(anonymous_3)
FNDA:9,(anonymous_4)
FNDA:9,(anonymous_5)
FNDA:9,(anonymous_6)
FNDA:9,(anonymous_7)
FNDA:9,(anonymous_8)
DA:1,9
DA:2,9
DA:3,9
DA:4,9
DA:5,9
DA:6,9
DA:8,9
DA:9,9
DA:10,9
DA:11,9
DA:15,9
DA:18,9
DA:22,9
DA:27,9
DA:31,9
DA:36,9
DA:40,9
DA:44,9
DA:48,9
DA:52,9
DA:56,9
DA:59,9
DA:62,9
DA:65,9
DA:68,9
DA:71,9
DA:74,9
DA:77,9
DA:80,9
DA:83,9
DA:84,9
LF:31
LH:31
BRDA:8,0,0,9
BRDA:8,0,1,9
BRDA:22,1,0,9
BRDA:22,1,1,0
BRDA:22,2,0,9
BRDA:22,2,1,9
BRDA:36,3,0,9
BRDA:36,3,1,0
BRDA:36,4,0,9
BRDA:36,4,1,9
BRDA:40,5,0,9
BRDA:40,5,1,0
BRDA:40,6,0,9
BRDA:40,6,1,9
BRDA:62,7,0,9
BRDA:62,7,1,0
BRDA:62,8,0,9
BRDA:62,8,1,9
BRDA:68,9,0,4
BRDA:68,9,1,5
BRDA:68,10,0,9
BRDA:68,10,1,4
BRDA:74,11,0,4
BRDA:74,11,1,5
BRDA:74,12,0,9
BRDA:74,12,1,4
BRDA:80,13,0,7
BRDA:80,13,1,2
BRDA:80,14,0,9
BRDA:80,14,1,7
BRF:30
BRH:26
end_of_record
TN:
SF:src\modules\inventory-histories\inventory-histories.controller.ts
FN:15,(anonymous_4)
FN:27,(anonymous_5)
FNF:2
FNH:1
FNDA:9,(anonymous_4)
FNDA:0,(anonymous_5)
DA:1,9
DA:2,9
DA:3,9
DA:4,9
DA:5,9
DA:6,9
DA:14,9
DA:15,9
DA:27,9
DA:28,0
LF:10
LH:9
BRDA:15,0,0,9
BRDA:15,0,1,0
BRDA:15,1,0,9
BRDA:15,1,1,9
BRF:4
BRH:3
end_of_record
TN:
SF:src\modules\inventory-histories\inventory-histories.module.ts
FN:15,(anonymous_1)
FN:16,(anonymous_2)
FN:17,(anonymous_3)
FNF:3
FNH:3
FNDA:27,(anonymous_1)
FNDA:27,(anonymous_2)
FNDA:27,(anonymous_3)
DA:1,9
DA:2,9
DA:3,9
DA:4,9
DA:5,9
DA:6,9
DA:7,9
DA:8,9
DA:15,27
DA:16,27
DA:17,27
DA:23,9
LF:12
LH:12
BRF:0
BRH:0
end_of_record
TN:
SF:src\modules\inventory-histories\inventory-histories.service.ts
FN:11,(anonymous_4)
FN:16,(anonymous_5)
FN:20,(anonymous_6)
FN:24,(anonymous_7)
FN:34,(anonymous_8)
FN:36,(anonymous_9)
FN:46,(anonymous_10)
FN:55,(anonymous_11)
FN:57,(anonymous_12)
FN:67,(anonymous_13)
FN:69,(anonymous_14)
FN:79,(anonymous_15)
FNF:12
FNH:6
FNDA:9,(anonymous_4)
FNDA:0,(anonymous_5)
FNDA:0,(anonymous_6)
FNDA:0,(anonymous_7)
FNDA:0,(anonymous_8)
FNDA:0,(anonymous_9)
FNDA:2,(anonymous_10)
FNDA:2,(anonymous_11)
FNDA:4,(anonymous_12)
FNDA:2,(anonymous_13)
FNDA:2,(anonymous_14)
FNDA:0,(anonymous_15)
DA:1,9
DA:2,9
DA:3,9
DA:5,9
DA:6,9
DA:7,9
DA:10,9
DA:13,9
DA:17,0
DA:21,0
DA:25,0
DA:27,0
DA:28,0
DA:30,0
DA:35,0
DA:36,0
DA:37,0
DA:40,0
DA:47,2
DA:56,2
DA:57,2
DA:58,4
DA:61,2
DA:64,2
DA:68,2
DA:69,2
DA:70,2
DA:73,2
DA:80,0
LF:29
LH:18
BRDA:27,0,0,0
BRDA:27,0,1,0
BRDA:13,1,0,9
BRDA:13,1,1,0
BRDA:13,2,0,9
BRDA:13,2,1,9
BRF:6
BRH:3
end_of_record
TN:
SF:src\modules\inventory-histories\entities\inventory-history.entity.ts
FN:8,(anonymous_2)
FN:68,(anonymous_3)
FN:74,(anonymous_4)
FN:80,(anonymous_5)
FN:86,(anonymous_6)
FN:92,(anonymous_7)
FNF:6
FNH:6
FNDA:9,(anonymous_2)
FNDA:9,(anonymous_3)
FNDA:9,(anonymous_4)
FNDA:9,(anonymous_5)
FNDA:9,(anonymous_6)
FNDA:9,(anonymous_7)
DA:1,9
DA:2,9
DA:3,9
DA:4,9
DA:5,9
DA:6,9
DA:8,9
DA:9,9
DA:10,9
DA:11,9
DA:12,9
DA:13,9
DA:14,9
DA:18,9
DA:21,9
DA:25,9
DA:29,9
DA:33,9
DA:37,9
DA:41,9
DA:45,9
DA:49,9
DA:53,9
DA:57,9
DA:61,9
DA:65,9
DA:68,9
DA:71,9
DA:74,9
DA:77,9
DA:80,9
DA:83,9
DA:86,9
DA:89,9
DA:92,9
DA:95,9
LF:36
LH:36
BRDA:8,0,0,9
BRDA:8,0,1,9
BRDA:41,1,0,9
BRDA:41,1,1,0
BRDA:41,2,0,9
BRDA:41,2,1,9
BRDA:45,3,0,9
BRDA:45,3,1,0
BRDA:45,4,0,9
BRDA:45,4,1,9
BRDA:71,5,0,2
BRDA:71,5,1,7
BRDA:71,6,0,9
BRDA:71,6,1,2
BRDA:77,7,0,2
BRDA:77,7,1,7
BRDA:77,8,0,9
BRDA:77,8,1,2
BRDA:83,9,0,9
BRDA:83,9,1,0
BRDA:83,10,0,9
BRDA:83,10,1,9
BRDA:89,11,0,2
BRDA:89,11,1,7
BRDA:89,12,0,9
BRDA:89,12,1,2
BRDA:95,13,0,9
BRDA:95,13,1,0
BRDA:95,14,0,9
BRDA:95,14,1,9
BRF:30
BRH:26
end_of_record
TN:
SF:src\modules\orders\orders.controller.ts
FN:17,(anonymous_4)
FN:41,(anonymous_5)
FN:49,(anonymous_6)
FN:72,(anonymous_7)
FN:80,(anonymous_8)
FN:104,(anonymous_9)
FN:128,(anonymous_10)
FNF:7
FNH:1
FNDA:10,(anonymous_4)
FNDA:0,(anonymous_5)
FNDA:0,(anonymous_6)
FNDA:0,(anonymous_7)
FNDA:0,(anonymous_8)
FNDA:0,(anonymous_9)
FNDA:0,(anonymous_10)
DA:1,9
DA:2,9
DA:3,9
DA:4,9
DA:5,9
DA:6,9
DA:7,9
DA:8,9
DA:16,9
DA:18,10
DA:41,9
DA:42,0
DA:49,9
DA:57,0
DA:72,9
DA:73,0
DA:80,9
DA:81,0
DA:104,9
DA:105,0
DA:128,9
DA:129,0
LF:22
LH:16
BRDA:41,0,0,9
BRDA:41,0,1,0
BRDA:41,1,0,9
BRDA:41,1,1,9
BRDA:104,2,0,9
BRDA:104,2,1,0
BRDA:104,3,0,9
BRDA:104,3,1,9
BRDA:18,4,0,9
BRDA:18,4,1,0
BRDA:18,5,0,9
BRDA:18,5,1,9
BRF:12
BRH:9
end_of_record
TN:
SF:src\modules\orders\orders.module.ts
FN:18,(anonymous_1)
FN:19,(anonymous_2)
FN:20,(anonymous_3)
FNF:3
FNH:3
FNDA:27,(anonymous_1)
FNDA:27,(anonymous_2)
FNDA:27,(anonymous_3)
DA:1,9
DA:2,9
DA:3,9
DA:4,9
DA:5,9
DA:6,9
DA:7,9
DA:8,9
DA:9,9
DA:10,9
DA:18,27
DA:19,27
DA:20,27
DA:26,9
LF:14
LH:14
BRF:0
BRH:0
end_of_record
TN:
SF:src\modules\orders\orders.service.ts
FN:17,(anonymous_4)
FN:32,(anonymous_5)
FN:47,(anonymous_6)
FN:78,(anonymous_7)
FN:88,(anonymous_8)
FN:98,(anonymous_9)
FN:111,(anonymous_10)
FN:122,(anonymous_11)
FN:123,(anonymous_12)
FN:136,(anonymous_13)
FN:141,(anonymous_14)
FN:158,(anonymous_15)
FN:196,(anonymous_16)
FNF:13
FNH:1
FNDA:11,(anonymous_4)
FNDA:0,(anonymous_5)
FNDA:0,(anonymous_6)
FNDA:0,(anonymous_7)
FNDA:0,(anonymous_8)
FNDA:0,(anonymous_9)
FNDA:0,(anonymous_10)
FNDA:0,(anonymous_11)
FNDA:0,(anonymous_12)
FNDA:0,(anonymous_13)
FNDA:0,(anonymous_14)
FNDA:0,(anonymous_15)
FNDA:0,(anonymous_16)
DA:1,9
DA:4,9
DA:5,9
DA:6,9
DA:7,9
DA:8,9
DA:9,9
DA:10,9
DA:11,9
DA:12,9
DA:13,9
DA:16,9
DA:18,11
DA:21,11
DA:24,11
DA:26,11
DA:28,11
DA:33,0
DA:35,0
DA:36,0
DA:38,0
DA:39,0
DA:40,0
DA:42,0
DA:43,0
DA:45,0
DA:46,0
DA:47,0
DA:48,0
DA:50,0
DA:51,0
DA:53,0
DA:54,0
DA:57,0
DA:59,0
DA:60,0
DA:62,0
DA:63,0
DA:65,0
DA:66,0
DA:69,0
DA:70,0
DA:72,0
DA:74,0
DA:79,0
DA:84,0
DA:85,0
DA:88,0
DA:89,0
DA:92,0
DA:99,0
DA:104,0
DA:105,0
DA:107,0
DA:112,0
DA:113,0
DA:114,0
DA:119,0
DA:120,0
DA:122,0
DA:123,0
DA:124,0
DA:125,0
DA:126,0
DA:127,0
DA:133,0
DA:137,0
DA:142,0
DA:144,0
DA:145,0
DA:147,0
DA:150,0
DA:155,0
DA:156,0
DA:158,0
DA:159,0
DA:161,0
DA:162,0
DA:163,0
DA:166,0
DA:167,0
DA:170,0
DA:172,0
DA:173,0
DA:174,0
DA:175,0
DA:176,0
DA:177,0
DA:178,0
DA:179,0
DA:181,0
DA:183,0
DA:184,0
DA:185,0
DA:187,0
DA:190,0
DA:197,0
DA:198,0
DA:199,0
DA:200,0
DA:202,0
DA:203,0
DA:204,0
DA:206,0
DA:207,0
DA:208,0
DA:209,0
DA:211,0
DA:213,0
DA:214,0
DA:215,0
DA:217,0
DA:220,0
LF:113
LH:17
BRDA:59,0,0,0
BRDA:59,0,1,0
BRDA:84,1,0,0
BRDA:84,1,1,0
BRDA:89,2,0,0
BRDA:89,2,1,0
BRDA:104,3,0,0
BRDA:104,3,1,0
BRDA:125,4,0,0
BRDA:125,4,1,0
BRDA:144,5,0,0
BRDA:144,5,1,0
BRDA:162,6,0,0
BRDA:162,6,1,0
BRDA:162,7,0,0
BRDA:162,7,1,0
BRDA:172,8,0,0
BRDA:172,8,1,0
BRDA:199,9,0,0
BRDA:199,9,1,0
BRDA:18,10,0,9
BRDA:18,10,1,0
BRDA:18,11,0,9
BRDA:18,11,1,9
BRDA:18,12,0,9
BRDA:18,12,1,0
BRDA:18,13,0,9
BRDA:18,13,1,9
BRDA:21,14,0,9
BRDA:21,14,1,0
BRDA:21,15,0,9
BRDA:21,15,1,9
BRDA:24,16,0,9
BRDA:24,16,1,0
BRDA:24,17,0,9
BRDA:24,17,1,9
BRDA:26,18,0,9
BRDA:26,18,1,0
BRDA:26,19,0,9
BRDA:26,19,1,9
BRF:40
BRH:15
end_of_record
TN:
SF:src\modules\orders\dto\create-order-product.dto.ts
FNF:0
FNH:0
DA:1,9
DA:2,9
DA:4,9
DA:7,9
DA:11,9
DA:16,9
LF:6
LH:6
BRF:0
BRH:0
end_of_record
TN:
SF:src\modules\orders\dto\create-order.dto.ts
FN:41,(anonymous_2)
FNF:1
FNH:0
FNDA:0,(anonymous_2)
DA:1,9
DA:2,9
DA:3,9
DA:4,9
DA:6,9
DA:10,9
DA:14,9
DA:18,9
DA:23,9
DA:27,9
DA:32,9
DA:37,9
DA:41,0
DA:42,9
LF:14
LH:13
BRF:0
BRH:0
end_of_record
TN:
SF:src\modules\orders\dto\get-remaining-in-an-order.dto.ts
FNF:0
FNH:0
DA:2,9
DA:3,9
DA:5,9
DA:6,9
DA:8,9
DA:10,9
DA:13,9
DA:16,9
DA:19,9
DA:22,9
DA:25,9
DA:28,9
DA:31,9
DA:34,9
DA:37,9
DA:40,9
DA:43,9
DA:46,9
DA:49,9
DA:52,9
LF:20
LH:20
BRDA:13,0,0,9
BRDA:13,0,1,0
BRDA:13,1,0,9
BRDA:13,1,1,9
BRDA:22,2,0,0
BRDA:22,2,1,9
BRDA:22,3,0,9
BRDA:22,3,1,9
BRDA:28,4,0,9
BRDA:28,4,1,0
BRDA:28,5,0,9
BRDA:28,5,1,9
BRDA:31,6,0,9
BRDA:31,6,1,0
BRDA:31,7,0,9
BRDA:31,7,1,9
BRDA:43,8,0,9
BRDA:43,8,1,0
BRDA:43,9,0,9
BRDA:43,9,1,9
BRDA:46,10,0,9
BRDA:46,10,1,0
BRDA:46,11,0,9
BRDA:46,11,1,9
BRF:24
BRH:18
end_of_record
TN:
SF:src\modules\orders\dto\update-order-product.dto.ts
FNF:0
FNH:0
DA:1,9
DA:2,9
DA:4,9
DA:7,9
DA:11,9
DA:15,9
DA:20,9
LF:7
LH:7
BRF:0
BRH:0
end_of_record
TN:
SF:src\modules\orders\dto\update-order.dto.ts
FN:11,(anonymous_2)
FNF:1
FNH:0
FNDA:0,(anonymous_2)
DA:1,9
DA:2,9
DA:3,9
DA:4,9
DA:5,9
DA:6,9
DA:8,9
DA:11,0
DA:12,9
LF:9
LH:8
BRF:0
BRH:0
end_of_record
TN:
SF:src\modules\orders\entities\order-product.entity.ts
FN:27,(anonymous_2)
FN:32,(anonymous_3)
FNF:2
FNH:2
FNDA:9,(anonymous_2)
FNDA:9,(anonymous_3)
DA:1,9
DA:2,9
DA:3,9
DA:4,9
DA:7,9
DA:11,9
DA:16,9
DA:20,9
DA:24,9
DA:27,9
DA:29,9
DA:32,9
DA:34,9
LF:13
LH:13
BRDA:29,0,0,2
BRDA:29,0,1,7
BRDA:29,1,0,9
BRDA:29,1,1,2
BRDA:34,2,0,1
BRDA:34,2,1,8
BRDA:34,3,0,9
BRDA:34,3,1,1
BRF:8
BRH:8
end_of_record
TN:
SF:src\modules\orders\entities\order.entity.ts
FN:8,(anonymous_2)
FN:62,(anonymous_3)
FN:68,(anonymous_4)
FN:74,(anonymous_5)
FN:74,(anonymous_6)
FN:78,(anonymous_7)
FN:78,(anonymous_8)
FN:82,(anonymous_9)
FNF:8
FNH:8
FNDA:9,(anonymous_2)
FNDA:9,(anonymous_3)
FNDA:9,(anonymous_4)
FNDA:9,(anonymous_5)
FNDA:9,(anonymous_6)
FNDA:9,(anonymous_7)
FNDA:9,(anonymous_8)
FNDA:9,(anonymous_9)
DA:1,9
DA:2,9
DA:3,9
DA:4,9
DA:5,9
DA:6,9
DA:8,9
DA:9,9
DA:10,9
DA:14,9
DA:17,9
DA:21,9
DA:25,9
DA:29,9
DA:34,9
DA:38,9
DA:43,9
DA:47,9
DA:51,9
DA:55,9
DA:59,9
DA:62,9
DA:65,9
DA:68,9
DA:71,9
DA:74,9
DA:75,9
DA:78,9
DA:79,9
DA:82,9
DA:85,9
LF:31
LH:31
BRDA:8,0,0,9
BRDA:8,0,1,9
BRDA:21,1,0,9
BRDA:21,1,1,0
BRDA:21,2,0,9
BRDA:21,2,1,9
BRDA:43,3,0,9
BRDA:43,3,1,0
BRDA:43,4,0,9
BRDA:43,4,1,9
BRDA:47,5,0,9
BRDA:47,5,1,0
BRDA:47,6,0,9
BRDA:47,6,1,9
BRDA:65,7,0,7
BRDA:65,7,1,2
BRDA:65,8,0,9
BRDA:65,8,1,7
BRDA:71,9,0,9
BRDA:71,9,1,0
BRDA:71,10,0,9
BRDA:71,10,1,9
BRDA:85,11,0,7
BRDA:85,11,1,2
BRDA:85,12,0,9
BRDA:85,12,1,7
BRF:26
BRH:22
end_of_record
TN:
SF:src\modules\products\products.controller.ts
FN:22,(anonymous_4)
FN:34,(anonymous_5)
FN:43,(anonymous_6)
FN:52,(anonymous_7)
FN:71,(anonymous_8)
FN:85,(anonymous_9)
FN:111,(anonymous_10)
FN:135,(anonymous_11)
FN:147,(anonymous_12)
FN:159,(anonymous_13)
FN:171,(anonymous_14)
FN:185,(anonymous_15)
FN:196,(anonymous_16)
FN:215,(anonymous_17)
FN:234,(anonymous_18)
FNF:15
FNH:1
FNDA:9,(anonymous_4)
FNDA:0,(anonymous_5)
FNDA:0,(anonymous_6)
FNDA:0,(anonymous_7)
FNDA:0,(anonymous_8)
FNDA:0,(anonymous_9)
FNDA:0,(anonymous_10)
FNDA:0,(anonymous_11)
FNDA:0,(anonymous_12)
FNDA:0,(anonymous_13)
FNDA:0,(anonymous_14)
FNDA:0,(anonymous_15)
FNDA:0,(anonymous_16)
FNDA:0,(anonymous_17)
FNDA:0,(anonymous_18)
DA:1,9
DA:2,9
DA:3,9
DA:4,9
DA:5,9
DA:6,9
DA:7,9
DA:8,9
DA:9,9
DA:10,9
DA:11,9
DA:12,9
DA:13,9
DA:21,9
DA:23,9
DA:26,9
DA:34,9
DA:35,0
DA:43,9
DA:44,0
DA:52,9
DA:56,0
DA:71,9
DA:74,0
DA:75,0
DA:77,0
DA:85,9
DA:90,0
DA:91,0
DA:92,0
DA:94,0
DA:95,0
DA:96,0
DA:98,0
DA:101,0
DA:103,0
DA:111,9
DA:118,0
DA:119,0
DA:121,0
DA:122,0
DA:123,0
DA:125,0
DA:128,0
DA:135,9
DA:140,0
DA:147,9
DA:152,0
DA:159,9
DA:164,0
DA:171,9
DA:178,0
DA:185,9
DA:189,0
DA:196,9
DA:200,0
DA:215,9
DA:216,0
DA:217,0
DA:219,0
DA:234,9
DA:235,0
LF:62
LH:30
BRDA:74,0,0,0
BRDA:74,0,1,0
BRDA:90,1,0,0
BRDA:90,1,1,0
BRDA:94,2,0,0
BRDA:94,2,1,0
BRDA:121,3,0,0
BRDA:121,3,1,0
BRDA:34,4,0,9
BRDA:34,4,1,0
BRDA:34,5,0,9
BRDA:34,5,1,9
BRDA:43,6,0,9
BRDA:43,6,1,0
BRDA:43,7,0,9
BRDA:43,7,1,9
BRDA:215,8,0,9
BRDA:215,8,1,0
BRDA:215,9,0,9
BRDA:215,9,1,9
BRDA:234,10,0,9
BRDA:234,10,1,0
BRDA:234,11,0,9
BRDA:234,11,1,9
BRDA:23,12,0,9
BRDA:23,12,1,0
BRDA:23,13,0,9
BRDA:23,13,1,9
BRDA:23,14,0,9
BRDA:23,14,1,0
BRDA:23,15,0,9
BRDA:23,15,1,9
BRF:32
BRH:18
end_of_record
TN:
SF:src\modules\products\products.module.ts
FNF:0
FNH:0
DA:1,9
DA:2,9
DA:3,9
DA:4,9
DA:5,9
DA:6,9
DA:18,9
LF:7
LH:7
BRF:0
BRH:0
end_of_record
TN:
SF:src\modules\products\products.service.ts
FN:23,(anonymous_4)
FN:33,(anonymous_5)
FN:45,(anonymous_6)
FN:68,(anonymous_7)
FN:76,(anonymous_8)
FN:80,(anonymous_9)
FN:90,(anonymous_10)
FN:98,(anonymous_11)
FN:109,(anonymous_12)
FN:125,(anonymous_13)
FN:139,(anonymous_14)
FN:160,(anonymous_15)
FN:176,(anonymous_16)
FN:197,(anonymous_17)
FN:213,(anonymous_18)
FN:225,(anonymous_19)
FN:234,(anonymous_20)
FN:257,(anonymous_21)
FN:272,(anonymous_22)
FN:285,(anonymous_23)
FN:298,(anonymous_24)
FN:316,(anonymous_25)
FN:324,(anonymous_26)
FN:327,(anonymous_27)
FN:338,(anonymous_28)
FNF:25
FNH:2
FNDA:9,(anonymous_4)
FNDA:0,(anonymous_5)
FNDA:0,(anonymous_6)
FNDA:0,(anonymous_7)
FNDA:0,(anonymous_8)
FNDA:0,(anonymous_9)
FNDA:0,(anonymous_10)
FNDA:8,(anonymous_11)
FNDA:0,(anonymous_12)
FNDA:0,(anonymous_13)
FNDA:0,(anonymous_14)
FNDA:0,(anonymous_15)
FNDA:0,(anonymous_16)
FNDA:0,(anonymous_17)
FNDA:0,(anonymous_18)
FNDA:0,(anonymous_19)
FNDA:0,(anonymous_20)
FNDA:0,(anonymous_21)
FNDA:0,(anonymous_22)
FNDA:0,(anonymous_23)
FNDA:0,(anonymous_24)
FNDA:0,(anonymous_25)
FNDA:0,(anonymous_26)
FNDA:0,(anonymous_27)
FNDA:0,(anonymous_28)
DA:1,9
DA:4,9
DA:7,9
DA:8,9
DA:9,9
DA:10,9
DA:11,9
DA:12,9
DA:13,9
DA:14,9
DA:15,9
DA:16,9
DA:17,9
DA:18,9
DA:19,9
DA:22,9
DA:24,9
DA:27,9
DA:30,9
DA:34,0
DA:35,0
DA:38,0
DA:39,0
DA:40,0
DA:41,0
DA:42,0
DA:44,0
DA:45,0
DA:46,0
DA:47,0
DA:48,0
DA:50,0
DA:53,0
DA:54,0
DA:56,0
DA:58,0
DA:60,0
DA:61,0
DA:62,0
DA:64,0
DA:69,0
DA:70,0
DA:71,0
DA:73,0
DA:77,0
DA:81,0
DA:83,0
DA:84,0
DA:86,0
DA:91,0
DA:99,8
DA:102,8
DA:103,4
DA:105,4
DA:110,0
DA:111,0
DA:117,0
DA:125,0
DA:126,0
DA:127,0
DA:128,0
DA:129,0
DA:130,0
DA:131,0
DA:132,0
DA:134,0
DA:140,0
DA:141,0
DA:149,0
DA:159,0
DA:160,0
DA:161,0
DA:162,0
DA:163,0
DA:164,0
DA:165,0
DA:166,0
DA:167,0
DA:169,0
DA:172,0
DA:177,0
DA:178,0
DA:186,0
DA:196,0
DA:197,0
DA:198,0
DA:199,0
DA:200,0
DA:201,0
DA:202,0
DA:203,0
DA:204,0
DA:206,0
DA:209,0
DA:214,0
DA:226,0
DA:235,0
DA:237,0
DA:245,0
DA:247,0
DA:248,0
DA:249,0
DA:250,0
DA:251,0
DA:252,0
DA:253,0
DA:255,0
DA:257,0
DA:258,0
DA:259,0
DA:260,0
DA:261,0
DA:263,0
DA:266,0
DA:267,0
DA:269,0
DA:273,0
DA:275,0
DA:283,0
DA:285,0
DA:286,0
DA:288,0
DA:289,0
DA:290,0
DA:291,0
DA:292,0
DA:293,0
DA:294,0
DA:296,0
DA:298,0
DA:299,0
DA:300,0
DA:301,0
DA:302,0
DA:304,0
DA:307,0
DA:308,0
DA:310,0
DA:313,0
DA:317,0
DA:319,0
DA:321,0
DA:325,0
DA:327,0
DA:328,0
DA:329,0
DA:330,0
DA:332,0
DA:335,0
DA:339,0
LF:150
LH:23
BRDA:53,0,0,0
BRDA:53,0,1,0
BRDA:83,1,0,0
BRDA:83,1,1,0
BRDA:102,2,0,4
BRDA:102,2,1,4
BRDA:110,3,0,0
BRDA:110,3,1,0
BRDA:140,4,0,0
BRDA:140,4,1,0
BRDA:177,5,0,0
BRDA:177,5,1,0
BRDA:24,6,0,9
BRDA:24,6,1,0
BRDA:24,7,0,9
BRDA:24,7,1,9
BRDA:24,8,0,9
BRDA:24,8,1,0
BRDA:24,9,0,9
BRDA:24,9,1,9
BRDA:27,10,0,9
BRDA:27,10,1,0
BRDA:27,11,0,9
BRDA:27,11,1,9
BRF:24
BRH:11
end_of_record
TN:
SF:src\modules\products\dto\create-product-category.dto.ts
FNF:0
FNH:0
DA:1,9
DA:2,9
DA:4,9
DA:7,9
DA:11,9
LF:5
LH:5
BRF:0
BRH:0
end_of_record
TN:
SF:src\modules\products\dto\create-product.dto.ts
FNF:0
FNH:0
DA:1,9
DA:2,9
DA:4,9
DA:7,9
DA:11,9
DA:15,9
DA:20,9
DA:25,9
LF:8
LH:8
BRF:0
BRH:0
end_of_record
TN:
SF:src\modules\products\dto\delete-product-category.dto.ts
FNF:0
FNH:0
DA:1,9
DA:2,9
DA:4,9
DA:7,9
DA:11,9
LF:5
LH:5
BRF:0
BRH:0
end_of_record
TN:
SF:src\modules\products\dto\get-product-include-batchs.dto.ts
FN:7,(anonymous_2)
FNF:1
FNH:0
FNDA:0,(anonymous_2)
DA:1,9
DA:2,9
DA:3,9
DA:4,9
DA:6,9
DA:7,0
DA:9,9
LF:7
LH:6
BRF:0
BRH:0
end_of_record
TN:
SF:src\modules\products\dto\get-product.dto.ts
FNF:0
FNH:0
DA:1,9
DA:3,9
DA:5,9
DA:8,9
DA:11,9
DA:14,9
DA:17,9
DA:20,9
DA:23,9
LF:9
LH:9
BRF:0
BRH:0
end_of_record
TN:
SF:src\modules\products\dto\update-product-category.dto.ts
FN:12,(anonymous_2)
FNF:1
FNH:0
FNDA:0,(anonymous_2)
DA:1,9
DA:2,9
DA:3,9
DA:4,9
DA:5,9
DA:6,9
DA:8,9
DA:12,0
DA:13,9
LF:9
LH:8
BRF:0
BRH:0
end_of_record
TN:
SF:src\modules\products\entities\product-category.entitiy.ts
FN:19,(anonymous_2)
FN:24,(anonymous_3)
FN:24,(anonymous_4)
FNF:3
FNH:3
FNDA:9,(anonymous_2)
FNDA:9,(anonymous_3)
FNDA:9,(anonymous_4)
DA:1,9
DA:2,9
DA:3,9
DA:4,9
DA:7,9
DA:11,9
DA:16,9
DA:19,9
DA:21,9
DA:24,9
DA:26,9
LF:11
LH:11
BRDA:21,0,0,0
BRDA:21,0,1,9
BRDA:21,1,0,9
BRDA:21,1,1,0
BRDA:26,2,0,9
BRDA:26,2,1,0
BRDA:26,3,0,9
BRDA:26,3,1,9
BRF:8
BRH:5
end_of_record
TN:
SF:src\modules\products\entities\product.entity.ts
FN:39,(anonymous_2)
FN:39,(anonymous_3)
FN:43,(anonymous_4)
FN:43,(anonymous_5)
FN:47,(anonymous_6)
FN:47,(anonymous_7)
FNF:6
FNH:6
FNDA:9,(anonymous_2)
FNDA:9,(anonymous_3)
FNDA:9,(anonymous_4)
FNDA:9,(anonymous_5)
FNDA:9,(anonymous_6)
FNDA:9,(anonymous_7)
DA:1,9
DA:2,9
DA:3,9
DA:4,9
DA:5,9
DA:8,9
DA:11,9
DA:16,9
DA:20,9
DA:24,9
DA:28,9
DA:32,9
DA:36,9
DA:39,9
DA:40,9
DA:43,9
DA:44,9
DA:47,9
DA:48,9
LF:19
LH:19
BRDA:32,0,0,9
BRDA:32,0,1,0
BRDA:32,1,0,9
BRDA:32,1,1,9
BRDA:36,2,0,9
BRDA:36,2,1,0
BRDA:36,3,0,9
BRDA:36,3,1,9
BRF:8
BRH:6
end_of_record
TN:
SF:src\modules\statistics\statistics.controller.ts
FN:22,(anonymous_4)
FN:31,(anonymous_5)
FN:55,(anonymous_6)
FN:77,(anonymous_7)
FN:97,(anonymous_8)
FN:123,(anonymous_9)
FN:147,(anonymous_10)
FN:171,(anonymous_11)
FN:193,(anonymous_12)
FNF:9
FNH:0
FNDA:0,(anonymous_4)
FNDA:0,(anonymous_5)
FNDA:0,(anonymous_6)
FNDA:0,(anonymous_7)
FNDA:0,(anonymous_8)
FNDA:0,(anonymous_9)
FNDA:0,(anonymous_10)
FNDA:0,(anonymous_11)
FNDA:0,(anonymous_12)
DA:1,0
DA:2,0
DA:3,0
DA:4,0
DA:5,0
DA:6,0
DA:7,0
DA:8,0
DA:9,0
DA:10,0
DA:11,0
DA:12,0
DA:13,0
DA:21,0
DA:23,0
DA:31,0
DA:39,0
DA:40,0
DA:41,0
DA:42,0
DA:43,0
DA:44,0
DA:45,0
DA:47,0
DA:55,0
DA:62,0
DA:63,0
DA:64,0
DA:65,0
DA:66,0
DA:67,0
DA:69,0
DA:77,0
DA:83,0
DA:84,0
DA:85,0
DA:86,0
DA:87,0
DA:89,0
DA:97,0
DA:106,0
DA:107,0
DA:108,0
DA:109,0
DA:110,0
DA:111,0
DA:112,0
DA:113,0
DA:115,0
DA:123,0
DA:131,0
DA:132,0
DA:133,0
DA:134,0
DA:135,0
DA:136,0
DA:137,0
DA:139,0
DA:147,0
DA:155,0
DA:156,0
DA:157,0
DA:158,0
DA:159,0
DA:160,0
DA:161,0
DA:163,0
DA:171,0
DA:178,0
DA:179,0
DA:180,0
DA:181,0
DA:182,0
DA:183,0
DA:185,0
DA:193,0
DA:200,0
DA:201,0
DA:202,0
DA:203,0
DA:204,0
DA:205,0
DA:207,0
LF:83
LH:0
BRDA:32,0,0,0
BRDA:32,0,1,0
BRDA:32,1,0,0
BRDA:32,1,1,0
BRDA:32,2,0,0
BRDA:32,2,1,0
BRDA:32,3,0,0
BRDA:32,3,1,0
BRDA:56,4,0,0
BRDA:56,4,1,0
BRDA:56,5,0,0
BRDA:56,5,1,0
BRDA:98,6,0,0
BRDA:98,6,1,0
BRDA:98,7,0,0
BRDA:98,7,1,0
BRDA:98,8,0,0
BRDA:98,8,1,0
BRDA:98,9,0,0
BRDA:98,9,1,0
BRDA:124,10,0,0
BRDA:124,10,1,0
BRDA:124,11,0,0
BRDA:124,11,1,0
BRDA:124,12,0,0
BRDA:124,12,1,0
BRDA:124,13,0,0
BRDA:124,13,1,0
BRDA:148,14,0,0
BRDA:148,14,1,0
BRDA:148,15,0,0
BRDA:148,15,1,0
BRDA:148,16,0,0
BRDA:148,16,1,0
BRDA:148,17,0,0
BRDA:148,17,1,0
BRDA:172,18,0,0
BRDA:172,18,1,0
BRDA:172,19,0,0
BRDA:172,19,1,0
BRDA:194,20,0,0
BRDA:194,20,1,0
BRDA:194,21,0,0
BRDA:194,21,1,0
BRDA:23,22,0,0
BRDA:23,22,1,0
BRDA:23,23,0,0
BRDA:23,23,1,0
BRF:48
BRH:0
end_of_record
TN:
SF:src\modules\statistics\statistics.module.ts
FNF:0
FNH:0
DA:1,0
DA:2,0
DA:3,0
DA:4,0
DA:5,0
DA:6,0
DA:7,0
DA:8,0
DA:9,0
DA:23,0
LF:10
LH:0
BRF:0
BRH:0
end_of_record
TN:
SF:src\modules\statistics\statistics.service.ts
FN:31,(anonymous_4)
FN:51,(anonymous_5)
FN:67,(anonymous_6)
FN:74,(anonymous_7)
FN:93,(anonymous_8)
FN:109,(anonymous_9)
FN:120,(anonymous_10)
FN:126,(anonymous_11)
FN:135,(anonymous_12)
FN:154,(anonymous_13)
FN:163,(anonymous_14)
FN:169,(anonymous_15)
FN:180,(anonymous_16)
FN:197,(anonymous_17)
FN:216,(anonymous_18)
FN:222,(anonymous_19)
FN:239,(anonymous_20)
FN:274,(anonymous_21)
FN:291,(anonymous_22)
FN:299,(anonymous_23)
FN:313,(anonymous_24)
FN:329,(anonymous_25)
FN:338,(anonymous_26)
FN:352,(anonymous_27)
FN:363,(anonymous_28)
FN:368,(anonymous_29)
FN:384,(anonymous_30)
FN:401,(anonymous_31)
FN:412,(anonymous_32)
FN:417,(anonymous_33)
FN:428,(anonymous_34)
FNF:31
FNH:1
FNDA:1,(anonymous_4)
FNDA:0,(anonymous_5)
FNDA:0,(anonymous_6)
FNDA:0,(anonymous_7)
FNDA:0,(anonymous_8)
FNDA:0,(anonymous_9)
FNDA:0,(anonymous_10)
FNDA:0,(anonymous_11)
FNDA:0,(anonymous_12)
FNDA:0,(anonymous_13)
FNDA:0,(anonymous_14)
FNDA:0,(anonymous_15)
FNDA:0,(anonymous_16)
FNDA:0,(anonymous_17)
FNDA:0,(anonymous_18)
FNDA:0,(anonymous_19)
FNDA:0,(anonymous_20)
FNDA:0,(anonymous_21)
FNDA:0,(anonymous_22)
FNDA:0,(anonymous_23)
FNDA:0,(anonymous_24)
FNDA:0,(anonymous_25)
FNDA:0,(anonymous_26)
FNDA:0,(anonymous_27)
FNDA:0,(anonymous_28)
FNDA:0,(anonymous_29)
FNDA:0,(anonymous_30)
FNDA:0,(anonymous_31)
FNDA:0,(anonymous_32)
FNDA:0,(anonymous_33)
FNDA:0,(anonymous_34)
DA:1,1
DA:2,1
DA:4,1
DA:5,1
DA:6,1
DA:7,1
DA:8,1
DA:9,1
DA:10,1
DA:11,1
DA:12,1
DA:13,1
DA:14,1
DA:15,1
DA:16,1
DA:17,1
DA:18,1
DA:19,1
DA:20,1
DA:21,1
DA:22,1
DA:23,1
DA:24,1
DA:25,1
DA:26,1
DA:27,1
DA:30,1
DA:33,1
DA:36,1
DA:39,1
DA:42,1
DA:45,1
DA:48,1
DA:52,0
DA:53,0
DA:55,0
DA:66,0
DA:67,0
DA:68,0
DA:71,0
DA:72,0
DA:73,0
DA:74,0
DA:75,0
DA:76,0
DA:77,0
DA:78,0
DA:80,0
DA:83,0
DA:85,0
DA:87,0
DA:89,0
DA:90,0
DA:92,0
DA:93,0
DA:94,0
DA:95,0
DA:96,0
DA:98,0
DA:99,0
DA:100,0
DA:102,0
DA:105,0
DA:110,0
DA:111,0
DA:119,0
DA:120,0
DA:121,0
DA:125,0
DA:126,0
DA:127,0
DA:131,0
DA:132,0
DA:133,0
DA:134,0
DA:135,0
DA:136,0
DA:137,0
DA:138,0
DA:139,0
DA:141,0
DA:142,0
DA:145,0
DA:148,0
DA:149,0
DA:151,0
DA:155,0
DA:162,0
DA:163,0
DA:164,0
DA:168,0
DA:169,0
DA:170,0
DA:174,0
DA:176,0
DA:177,0
DA:179,0
DA:180,0
DA:181,0
DA:183,0
DA:184,0
DA:185,0
DA:187,0
DA:189,0
DA:192,0
DA:194,0
DA:198,0
DA:199,0
DA:201,0
DA:215,0
DA:216,0
DA:217,0
DA:221,0
DA:222,0
DA:223,0
DA:227,0
DA:228,0
DA:231,0
DA:233,0
DA:235,0
DA:236,0
DA:237,0
DA:238,0
DA:239,0
DA:240,0
DA:241,0
DA:242,0
DA:243,0
DA:244,0
DA:246,0
DA:247,0
DA:248,0
DA:249,0
DA:251,0
DA:252,0
DA:253,0
DA:254,0
DA:256,0
DA:258,0
DA:259,0
DA:261,0
DA:264,0
DA:265,0
DA:267,0
DA:269,0
DA:271,0
DA:275,0
DA:276,0
DA:278,0
DA:287,0
DA:288,0
DA:290,0
DA:291,0
DA:292,0
DA:296,0
DA:298,0
DA:299,0
DA:300,0
DA:301,0
DA:302,0
DA:303,0
DA:304,0
DA:305,0
DA:307,0
DA:310,0
DA:314,0
DA:315,0
DA:317,0
DA:325,0
DA:326,0
DA:328,0
DA:329,0
DA:330,0
DA:334,0
DA:335,0
DA:337,0
DA:338,0
DA:339,0
DA:340,0
DA:341,0
DA:342,0
DA:343,0
DA:344,0
DA:346,0
DA:349,0
DA:353,0
DA:362,0
DA:363,0
DA:364,0
DA:367,0
DA:368,0
DA:369,0
DA:373,0
DA:375,0
DA:377,0
DA:379,0
DA:380,0
DA:382,0
DA:383,0
DA:384,0
DA:385,0
DA:386,0
DA:387,0
DA:388,0
DA:390,0
DA:391,0
DA:393,0
DA:395,0
DA:396,0
DA:398,0
DA:402,0
DA:411,0
DA:412,0
DA:413,0
DA:416,0
DA:417,0
DA:418,0
DA:422,0
DA:423,0
DA:424,0
DA:426,0
DA:427,0
DA:428,0
DA:429,0
DA:430,0
DA:431,0
DA:432,0
DA:434,0
DA:435,0
DA:437,0
DA:439,0
DA:440,0
DA:442,0
LF:233
LH:33
BRDA:66,0,0,0
BRDA:66,0,1,0
BRDA:68,1,0,0
BRDA:68,1,1,0
BRDA:71,2,0,0
BRDA:71,2,1,0
BRDA:119,3,0,0
BRDA:119,3,1,0
BRDA:121,4,0,0
BRDA:121,4,1,0
BRDA:125,5,0,0
BRDA:125,5,1,0
BRDA:141,6,0,0
BRDA:141,6,1,0
BRDA:162,7,0,0
BRDA:162,7,1,0
BRDA:164,8,0,0
BRDA:164,8,1,0
BRDA:168,9,0,0
BRDA:168,9,1,0
BRDA:215,10,0,0
BRDA:215,10,1,0
BRDA:217,11,0,0
BRDA:217,11,1,0
BRDA:221,12,0,0
BRDA:221,12,1,0
BRDA:227,13,0,0
BRDA:227,13,1,0
BRDA:258,14,0,0
BRDA:258,14,1,0
BRDA:287,15,0,0
BRDA:287,15,1,0
BRDA:290,16,0,0
BRDA:290,16,1,0
BRDA:292,17,0,0
BRDA:292,17,1,0
BRDA:325,18,0,0
BRDA:325,18,1,0
BRDA:328,19,0,0
BRDA:328,19,1,0
BRDA:330,20,0,0
BRDA:330,20,1,0
BRDA:362,21,0,0
BRDA:362,21,1,0
BRDA:367,22,0,0
BRDA:367,22,1,0
BRDA:369,23,0,0
BRDA:369,23,1,0
BRDA:411,24,0,0
BRDA:411,24,1,0
BRDA:416,25,0,0
BRDA:416,25,1,0
BRDA:418,26,0,0
BRDA:418,26,1,0
BRDA:33,27,0,1
BRDA:33,27,1,0
BRDA:33,28,0,1
BRDA:33,28,1,1
BRDA:33,29,0,1
BRDA:33,29,1,0
BRDA:33,30,0,1
BRDA:33,30,1,1
BRDA:36,31,0,1
BRDA:36,31,1,0
BRDA:36,32,0,1
BRDA:36,32,1,1
BRDA:39,33,0,1
BRDA:39,33,1,0
BRDA:39,34,0,1
BRDA:39,34,1,1
BRDA:42,35,0,1
BRDA:42,35,1,0
BRDA:42,36,0,1
BRDA:42,36,1,1
BRDA:45,37,0,1
BRDA:45,37,1,0
BRDA:45,38,0,1
BRDA:45,38,1,1
BRF:78
BRH:18
end_of_record
TN:
SF:src\modules\statistics\dto\agent-statistic.dto.ts
FN:37,(anonymous_2)
FN:40,(anonymous_3)
FNF:2
FNH:0
FNDA:0,(anonymous_2)
FNDA:0,(anonymous_3)
DA:1,1
DA:2,1
DA:3,1
DA:4,1
DA:6,1
DA:8,1
DA:11,1
DA:14,1
DA:17,1
DA:20,1
DA:23,1
DA:26,1
DA:29,1
DA:32,1
DA:35,1
DA:37,0
DA:38,1
DA:40,0
DA:41,1
LF:19
LH:17
BRDA:8,0,0,1
BRDA:8,0,1,0
BRDA:8,1,0,1
BRDA:8,1,1,1
BRDA:11,2,0,1
BRDA:11,2,1,0
BRDA:11,3,0,1
BRDA:11,3,1,1
BRF:8
BRH:6
end_of_record
TN:
SF:src\modules\statistics\dto\daily-export-report.dto.ts
FNF:0
FNH:0
DA:1,1
DA:3,1
DA:5,1
DA:8,1
DA:11,1
LF:5
LH:5
BRDA:5,0,0,1
BRDA:5,0,1,0
BRDA:5,1,0,1
BRDA:5,1,1,1
BRF:4
BRH:3
end_of_record
TN:
SF:src\modules\statistics\dto\daily-import-report.dto.ts
FNF:0
FNH:0
DA:1,1
DA:3,1
DA:5,1
DA:8,1
DA:11,1
LF:5
LH:5
BRDA:5,0,0,1
BRDA:5,0,1,0
BRDA:5,1,0,1
BRDA:5,1,1,1
BRF:4
BRH:3
end_of_record
TN:
SF:src\modules\statistics\dto\export-statistic.dto.ts
FNF:0
FNH:0
DA:1,0
DA:2,0
DA:4,0
DA:6,0
DA:9,0
DA:12,0
DA:15,0
DA:18,0
DA:21,0
DA:24,0
DA:27,0
DA:30,0
DA:33,0
DA:36,0
LF:14
LH:0
BRDA:6,0,0,0
BRDA:6,0,1,0
BRDA:6,1,0,0
BRDA:6,1,1,0
BRDA:9,2,0,0
BRDA:9,2,1,0
BRDA:9,3,0,0
BRDA:9,3,1,0
BRF:8
BRH:0
end_of_record
TN:
SF:src\modules\statistics\dto\import-statistic.dto.ts
FNF:0
FNH:0
DA:1,0
DA:2,0
DA:4,0
DA:6,0
DA:9,0
DA:12,0
DA:15,0
DA:18,0
DA:21,0
DA:24,0
DA:27,0
DA:30,0
DA:33,0
DA:36,0
LF:14
LH:0
BRDA:6,0,0,0
BRDA:6,0,1,0
BRDA:6,1,0,0
BRDA:6,1,1,0
BRDA:9,2,0,0
BRDA:9,2,1,0
BRDA:9,3,0,0
BRDA:9,3,1,0
BRF:8
BRH:0
end_of_record
TN:
SF:src\modules\statistics\dto\inventory-variation-statistic.dto.ts
FNF:0
FNH:0
DA:1,1
DA:4,1
DA:6,1
DA:9,1
DA:12,1
DA:15,1
DA:18,1
DA:21,1
DA:24,1
DA:27,1
DA:30,1
DA:33,1
DA:36,1
LF:13
LH:13
BRDA:6,0,0,1
BRDA:6,0,1,0
BRDA:6,1,0,1
BRDA:6,1,1,1
BRDA:9,2,0,1
BRDA:9,2,1,0
BRDA:9,3,0,1
BRDA:9,3,1,1
BRF:8
BRH:6
end_of_record
TN:
SF:src\modules\statistics\dto\monthly-export-report.dto.ts
FNF:0
FNH:0
DA:1,1
DA:3,1
DA:5,1
DA:7,1
DA:10,1
DA:13,1
DA:16,1
DA:19,1
LF:8
LH:8
BRF:0
BRH:0
end_of_record
TN:
SF:src\modules\statistics\dto\monthly-import-report.dto..ts
FNF:0
FNH:0
DA:1,1
DA:3,1
DA:5,1
DA:7,1
DA:10,1
DA:13,1
DA:16,1
DA:19,1
LF:8
LH:8
BRF:0
BRH:0
end_of_record
TN:
SF:src\modules\statistics\dto\product-statistic.dto.ts
FNF:0
FNH:0
DA:1,1
DA:2,1
DA:4,1
DA:6,1
DA:9,1
DA:12,1
DA:15,1
DA:18,1
DA:21,1
DA:24,1
DA:27,1
DA:30,1
DA:33,1
DA:36,1
LF:14
LH:14
BRDA:6,0,0,1
BRDA:6,0,1,0
BRDA:6,1,0,1
BRDA:6,1,1,1
BRDA:9,2,0,1
BRDA:9,2,1,0
BRDA:9,3,0,1
BRDA:9,3,1,1
BRDA:33,4,0,1
BRDA:33,4,1,0
BRDA:33,5,0,1
BRDA:33,5,1,1
BRF:12
BRH:9
end_of_record
TN:
SF:src\modules\statistics\dto\statistic.dto.ts
FNF:0
FNH:0
DA:1,1
DA:3,1
DA:5,1
DA:8,1
DA:11,1
DA:14,1
DA:17,1
DA:20,1
DA:23,1
DA:26,1
DA:29,1
LF:11
LH:11
BRDA:5,0,0,1
BRDA:5,0,1,0
BRDA:5,1,0,1
BRDA:5,1,1,1
BRDA:8,2,0,1
BRDA:8,2,1,0
BRDA:8,3,0,1
BRDA:8,3,1,1
BRDA:11,4,0,1
BRDA:11,4,1,0
BRDA:11,5,0,1
BRDA:11,5,1,1
BRF:12
BRH:9
end_of_record
TN:
SF:src\modules\statistics\dto\stock-statistic.dto.ts
FNF:0
FNH:0
DA:1,1
DA:4,1
DA:6,1
DA:9,1
LF:4
LH:4
BRF:0
BRH:0
end_of_record
TN:
SF:src\modules\statistics\dto\supplier-statistic.dto.ts
FNF:0
FNH:0
DA:1,1
DA:2,1
DA:6,1
DA:8,1
DA:11,1
DA:14,1
DA:17,1
DA:20,1
DA:23,1
DA:26,1
DA:29,1
DA:32,1
DA:35,1
DA:38,1
DA:41,1
DA:44,1
LF:16
LH:16
BRDA:8,0,0,1
BRDA:8,0,1,0
BRDA:8,1,0,1
BRDA:8,1,1,1
BRDA:11,2,0,1
BRDA:11,2,1,0
BRDA:11,3,0,1
BRDA:11,3,1,1
BRF:8
BRH:6
end_of_record
TN:
SF:src\modules\statistics\dto\warehouse-product-statistic.dto.ts
FNF:0
FNH:0
DA:1,1
DA:2,1
DA:4,1
DA:6,1
DA:9,1
DA:12,1
DA:15,1
DA:18,1
DA:21,1
DA:24,1
DA:27,1
DA:30,1
LF:12
LH:12
BRDA:6,0,0,1
BRDA:6,0,1,0
BRDA:6,1,0,1
BRDA:6,1,1,1
BRDA:9,2,0,1
BRDA:9,2,1,0
BRDA:9,3,0,1
BRDA:9,3,1,1
BRF:8
BRH:6
end_of_record
TN:
SF:src\modules\suppliers\suppliers.controller.ts
FN:18,(anonymous_4)
FN:25,(anonymous_5)
FN:33,(anonymous_6)
FN:52,(anonymous_7)
FN:60,(anonymous_8)
FN:72,(anonymous_9)
FN:93,(anonymous_10)
FNF:7
FNH:1
FNDA:1,(anonymous_4)
FNDA:0,(anonymous_5)
FNDA:0,(anonymous_6)
FNDA:0,(anonymous_7)
FNDA:0,(anonymous_8)
FNDA:0,(anonymous_9)
FNDA:0,(anonymous_10)
DA:1,1
DA:2,1
DA:3,1
DA:4,1
DA:5,1
DA:6,1
DA:7,1
DA:8,1
DA:9,1
DA:17,1
DA:18,1
DA:25,1
DA:26,0
DA:33,1
DA:37,0
DA:52,1
DA:53,0
DA:60,1
DA:65,0
DA:72,1
DA:77,0
DA:93,1
DA:94,0
LF:23
LH:17
BRDA:25,0,0,1
BRDA:25,0,1,0
BRDA:25,1,0,1
BRDA:25,1,1,1
BRDA:93,2,0,1
BRDA:93,2,1,0
BRDA:93,3,0,1
BRDA:93,3,1,1
BRDA:18,4,0,1
BRDA:18,4,1,0
BRDA:18,5,0,1
BRDA:18,5,1,1
BRF:12
BRH:9
end_of_record
TN:
SF:src\modules\suppliers\suppliers.module.ts
FNF:0
FNH:0
DA:1,1
DA:2,1
DA:3,1
DA:4,1
DA:5,1
DA:15,1
LF:6
LH:6
BRF:0
BRH:0
end_of_record
TN:
SF:src\modules\suppliers\suppliers.service.ts
FN:12,(anonymous_4)
FN:17,(anonymous_5)
FN:24,(anonymous_6)
FN:28,(anonymous_7)
FN:36,(anonymous_8)
FN:48,(anonymous_9)
FN:58,(anonymous_10)
FNF:7
FNH:1
FNDA:1,(anonymous_4)
FNDA:0,(anonymous_5)
FNDA:0,(anonymous_6)
FNDA:0,(anonymous_7)
FNDA:0,(anonymous_8)
FNDA:0,(anonymous_9)
FNDA:0,(anonymous_10)
DA:1,1
DA:4,1
DA:5,1
DA:6,1
DA:7,1
DA:8,1
DA:11,1
DA:14,1
DA:18,0
DA:19,0
DA:21,0
DA:25,0
DA:29,0
DA:37,0
DA:49,0
DA:51,0
DA:52,0
DA:54,0
DA:59,0
DA:60,0
DA:62,0
LF:21
LH:8
BRDA:51,0,0,0
BRDA:51,0,1,0
BRDA:14,1,0,1
BRDA:14,1,1,0
BRDA:14,2,0,1
BRDA:14,2,1,1
BRF:6
BRH:3
end_of_record
TN:
SF:src\modules\suppliers\dto\create-supplier.dto.ts
FNF:0
FNH:0
DA:1,1
DA:2,1
DA:4,1
DA:7,1
DA:11,1
DA:15,1
DA:19,1
DA:23,1
LF:8
LH:8
BRF:0
BRH:0
end_of_record
TN:
SF:src\modules\suppliers\dto\update-supplier.dto.ts
FNF:0
FNH:0
DA:1,1
DA:2,1
DA:4,1
LF:3
LH:3
BRF:0
BRH:0
end_of_record
TN:
SF:src\modules\suppliers\entities\supplier.entity.ts
FN:43,(anonymous_2)
FN:43,(anonymous_3)
FNF:2
FNH:2
FNDA:9,(anonymous_2)
FNDA:9,(anonymous_3)
DA:2,9
DA:3,9
DA:4,9
DA:9,9
DA:12,9
DA:16,9
DA:20,9
DA:24,9
DA:28,9
DA:32,9
DA:36,9
DA:40,9
DA:43,9
DA:44,9
LF:14
LH:14
BRDA:36,0,0,9
BRDA:36,0,1,0
BRDA:36,1,0,9
BRDA:36,1,1,9
BRDA:40,2,0,9
BRDA:40,2,1,0
BRDA:40,3,0,9
BRDA:40,3,1,9
BRF:8
BRH:6
end_of_record
TN:
SF:src\modules\users\users.controller.ts
FN:17,(anonymous_4)
FN:26,(anonymous_5)
FN:35,(anonymous_6)
FN:48,(anonymous_7)
FN:67,(anonymous_8)
FN:76,(anonymous_9)
FN:97,(anonymous_10)
FN:118,(anonymous_11)
FNF:8
FNH:1
FNDA:9,(anonymous_4)
FNDA:0,(anonymous_5)
FNDA:0,(anonymous_6)
FNDA:0,(anonymous_7)
FNDA:0,(anonymous_8)
FNDA:0,(anonymous_9)
FNDA:0,(anonymous_10)
FNDA:0,(anonymous_11)
DA:1,9
DA:2,9
DA:3,9
DA:4,9
DA:5,9
DA:6,9
DA:7,9
DA:8,9
DA:16,9
DA:18,9
DA:26,9
DA:27,0
DA:35,9
DA:36,0
DA:37,0
DA:39,0
DA:48,9
DA:52,0
DA:67,9
DA:68,0
DA:76,9
DA:81,0
DA:97,9
DA:98,0
DA:99,0
DA:101,0
DA:118,9
DA:119,0
LF:28
LH:17
BRDA:36,0,0,0
BRDA:36,0,1,0
BRDA:98,1,0,0
BRDA:98,1,1,0
BRDA:26,2,0,9
BRDA:26,2,1,0
BRDA:26,3,0,9
BRDA:26,3,1,9
BRDA:35,4,0,9
BRDA:35,4,1,0
BRDA:35,5,0,9
BRDA:35,5,1,9
BRDA:97,6,0,9
BRDA:97,6,1,0
BRDA:97,7,0,9
BRDA:97,7,1,9
BRDA:118,8,0,9
BRDA:118,8,1,0
BRDA:118,9,0,9
BRDA:118,9,1,9
BRDA:18,10,0,9
BRDA:18,10,1,0
BRDA:18,11,0,9
BRDA:18,11,1,9
BRF:24
BRH:15
end_of_record
TN:
SF:src\modules\users\users.module.ts
FN:16,(anonymous_1)
FN:17,(anonymous_2)
FN:18,(anonymous_3)
FN:19,(anonymous_4)
FNF:4
FNH:4
FNDA:27,(anonymous_1)
FNDA:27,(anonymous_2)
FNDA:27,(anonymous_3)
FNDA:27,(anonymous_4)
DA:1,9
DA:2,9
DA:3,9
DA:4,9
DA:5,9
DA:6,9
DA:7,9
DA:8,9
DA:9,9
DA:16,27
DA:17,27
DA:18,27
DA:19,27
DA:25,9
LF:14
LH:14
BRF:0
BRH:0
end_of_record
TN:
SF:src\modules\users\users.service.ts
FN:13,(anonymous_4)
FN:18,(anonymous_5)
FN:25,(anonymous_6)
FN:29,(anonymous_7)
FN:38,(anonymous_8)
FN:42,(anonymous_9)
FN:50,(anonymous_10)
FN:60,(anonymous_11)
FN:71,(anonymous_12)
FN:79,(anonymous_13)
FN:88,(anonymous_14)
FN:97,(anonymous_15)
FNF:12
FNH:1
FNDA:9,(anonymous_4)
FNDA:0,(anonymous_5)
FNDA:0,(anonymous_6)
FNDA:0,(anonymous_7)
FNDA:0,(anonymous_8)
FNDA:0,(anonymous_9)
FNDA:0,(anonymous_10)
FNDA:0,(anonymous_11)
FNDA:0,(anonymous_12)
FNDA:0,(anonymous_13)
FNDA:0,(anonymous_14)
FNDA:0,(anonymous_15)
DA:1,9
DA:4,9
DA:5,9
DA:6,9
DA:7,9
DA:9,9
DA:12,9
DA:15,9
DA:19,0
DA:20,0
DA:22,0
DA:26,0
DA:30,0
DA:39,0
DA:43,0
DA:51,0
DA:61,0
DA:72,0
DA:80,0
DA:89,0
DA:90,0
DA:91,0
DA:93,0
DA:98,0
DA:99,0
DA:101,0
LF:26
LH:8
BRDA:90,0,0,0
BRDA:90,0,1,0
BRDA:15,1,0,9
BRDA:15,1,1,0
BRDA:15,2,0,9
BRDA:15,2,1,9
BRF:6
BRH:3
end_of_record
TN:
SF:src\modules\users\dto\create-user.dto.ts
FNF:0
FNH:0
DA:1,9
DA:2,9
DA:3,9
DA:5,9
DA:8,9
DA:12,9
DA:16,9
DA:20,9
DA:24,9
LF:9
LH:9
BRDA:24,0,0,0
BRDA:24,0,1,9
BRDA:24,1,0,9
BRDA:24,1,1,9
BRF:4
BRH:3
end_of_record
TN:
SF:src\modules\users\dto\get-user.dto.ts
FNF:0
FNH:0
DA:1,0
DA:2,0
DA:3,0
DA:5,0
DA:8,0
LF:5
LH:0
BRF:0
BRH:0
end_of_record
TN:
SF:src\modules\users\dto\update-user.dto.ts
FNF:0
FNH:0
DA:1,9
DA:2,9
DA:4,9
LF:3
LH:3
BRF:0
BRH:0
end_of_record
TN:
SF:src\modules\users\entities\user.entity.ts
FN:8,(anonymous_2)
FN:52,(anonymous_3)
FN:52,(anonymous_4)
FN:56,(anonymous_5)
FN:56,(anonymous_6)
FN:60,(anonymous_7)
FN:60,(anonymous_8)
FN:64,(anonymous_9)
FN:64,(anonymous_10)
FN:68,(anonymous_11)
FN:68,(anonymous_12)
FN:72,(anonymous_13)
FN:72,(anonymous_14)
FN:76,(anonymous_15)
FN:76,(anonymous_16)
FNF:15
FNH:15
FNDA:9,(anonymous_2)
FNDA:9,(anonymous_3)
FNDA:9,(anonymous_4)
FNDA:9,(anonymous_5)
FNDA:9,(anonymous_6)
FNDA:9,(anonymous_7)
FNDA:9,(anonymous_8)
FNDA:9,(anonymous_9)
FNDA:9,(anonymous_10)
FNDA:9,(anonymous_11)
FNDA:9,(anonymous_12)
FNDA:9,(anonymous_13)
FNDA:9,(anonymous_14)
FNDA:9,(anonymous_15)
FNDA:9,(anonymous_16)
DA:1,9
DA:2,9
DA:3,9
DA:4,9
DA:5,9
DA:6,9
DA:8,9
DA:9,9
DA:10,9
DA:11,9
DA:16,9
DA:19,9
DA:24,9
DA:28,9
DA:32,9
DA:36,9
DA:41,9
DA:45,9
DA:49,9
DA:52,9
DA:53,9
DA:56,9
DA:57,9
DA:60,9
DA:61,9
DA:64,9
DA:65,9
DA:68,9
DA:69,9
DA:72,9
DA:73,9
DA:76,9
DA:77,9
LF:33
LH:33
BRDA:8,0,0,9
BRDA:8,0,1,9
BRDA:45,1,0,9
BRDA:45,1,1,0
BRDA:45,2,0,9
BRDA:45,2,1,9
BRDA:49,3,0,9
BRDA:49,3,1,0
BRDA:49,4,0,9
BRDA:49,4,1,9
BRF:10
BRH:8
end_of_record
TN:
SF:src\modules\warehouses\warehouses.controller.ts
FN:28,(anonymous_4)
FN:41,(anonymous_5)
FN:49,(anonymous_6)
FN:62,(anonymous_7)
FN:70,(anonymous_8)
FN:89,(anonymous_9)
FN:95,(anonymous_10)
FN:103,(anonymous_11)
FN:113,(anonymous_12)
FN:135,(anonymous_13)
FN:160,(anonymous_14)
FN:184,(anonymous_15)
FN:205,(anonymous_16)
FNF:13
FNH:2
FNDA:10,(anonymous_4)
FNDA:0,(anonymous_5)
FNDA:0,(anonymous_6)
FNDA:0,(anonymous_7)
FNDA:0,(anonymous_8)
FNDA:0,(anonymous_9)
FNDA:0,(anonymous_10)
FNDA:0,(anonymous_11)
FNDA:0,(anonymous_12)
FNDA:0,(anonymous_13)
FNDA:5,(anonymous_14)
FNDA:0,(anonymous_15)
FNDA:0,(anonymous_16)
DA:1,9
DA:2,9
DA:3,9
DA:4,9
DA:5,9
DA:6,9
DA:7,9
DA:8,9
DA:9,9
DA:10,9
DA:11,9
DA:12,9
DA:13,9
DA:14,9
DA:15,9
DA:16,9
DA:17,9
DA:18,9
DA:19,9
DA:27,9
DA:29,10
DA:31,10
DA:34,10
DA:41,9
DA:42,0
DA:49,9
DA:50,0
DA:52,0
DA:54,0
DA:62,9
DA:63,0
DA:70,9
DA:74,0
DA:89,9
DA:90,0
DA:95,9
DA:98,0
DA:103,9
DA:108,0
DA:113,9
DA:119,0
DA:135,9
DA:136,0
DA:160,9
DA:165,5
DA:167,2
DA:169,2
DA:184,9
DA:185,0
DA:187,0
DA:189,0
DA:205,9
DA:206,0
LF:53
LH:38
BRDA:41,0,0,9
BRDA:41,0,1,0
BRDA:41,1,0,9
BRDA:41,1,1,9
BRDA:49,2,0,9
BRDA:49,2,1,0
BRDA:49,3,0,9
BRDA:49,3,1,9
BRDA:62,4,0,9
BRDA:62,4,1,0
BRDA:62,5,0,9
BRDA:62,5,1,9
BRDA:135,6,0,9
BRDA:135,6,1,0
BRDA:135,7,0,9
BRDA:135,7,1,9
BRDA:163,8,0,9
BRDA:163,8,1,0
BRDA:163,9,0,9
BRDA:163,9,1,9
BRDA:184,10,0,9
BRDA:184,10,1,0
BRDA:184,11,0,9
BRDA:184,11,1,9
BRDA:205,12,0,9
BRDA:205,12,1,0
BRDA:205,13,0,9
BRDA:205,13,1,9
BRDA:29,14,0,9
BRDA:29,14,1,0
BRDA:29,15,0,9
BRDA:29,15,1,9
BRDA:29,16,0,9
BRDA:29,16,1,0
BRDA:29,17,0,9
BRDA:29,17,1,9
BRDA:31,18,0,9
BRDA:31,18,1,0
BRDA:31,19,0,9
BRDA:31,19,1,9
BRF:40
BRH:30
end_of_record
TN:
SF:src\modules\warehouses\warehouses.module.ts
FN:19,(anonymous_1)
FN:20,(anonymous_2)
FN:21,(anonymous_3)
FN:22,(anonymous_4)
FNF:4
FNH:4
FNDA:27,(anonymous_1)
FNDA:27,(anonymous_2)
FNDA:27,(anonymous_3)
FNDA:27,(anonymous_4)
DA:1,9
DA:2,9
DA:3,9
DA:4,9
DA:5,9
DA:6,9
DA:7,9
DA:8,9
DA:9,9
DA:10,9
DA:11,9
DA:12,9
DA:19,27
DA:20,27
DA:21,27
DA:22,27
DA:28,9
LF:17
LH:17
BRF:0
BRH:0
end_of_record
TN:
SF:src\modules\warehouses\warehouses.service.ts
FN:25,(anonymous_4)
FN:41,(anonymous_5)
FN:48,(anonymous_6)
FN:57,(anonymous_7)
FN:61,(anonymous_8)
FN:68,(anonymous_9)
FN:72,(anonymous_10)
FN:75,(anonymous_11)
FN:86,(anonymous_12)
FN:90,(anonymous_13)
FN:99,(anonymous_14)
FN:103,(anonymous_15)
FN:112,(anonymous_16)
FN:123,(anonymous_17)
FN:130,(anonymous_18)
FN:134,(anonymous_19)
FN:148,(anonymous_20)
FN:160,(anonymous_21)
FN:173,(anonymous_22)
FN:177,(anonymous_23)
FN:187,(anonymous_24)
FN:195,(anonymous_25)
FN:246,(anonymous_26)
FN:250,(anonymous_27)
FN:260,(anonymous_28)
FNF:25
FNH:5
FNDA:11,(anonymous_4)
FNDA:0,(anonymous_5)
FNDA:0,(anonymous_6)
FNDA:0,(anonymous_7)
FNDA:0,(anonymous_8)
FNDA:0,(anonymous_9)
FNDA:0,(anonymous_10)
FNDA:0,(anonymous_11)
FNDA:0,(anonymous_12)
FNDA:0,(anonymous_13)
FNDA:0,(anonymous_14)
FNDA:0,(anonymous_15)
FNDA:0,(anonymous_16)
FNDA:0,(anonymous_17)
FNDA:0,(anonymous_18)
FNDA:7,(anonymous_19)
FNDA:1,(anonymous_20)
FNDA:0,(anonymous_21)
FNDA:0,(anonymous_22)
FNDA:42,(anonymous_23)
FNDA:0,(anonymous_24)
FNDA:10,(anonymous_25)
FNDA:0,(anonymous_26)
FNDA:0,(anonymous_27)
FNDA:0,(anonymous_28)
DA:1,9
DA:4,9
DA:5,9
DA:6,9
DA:8,9
DA:10,9
DA:11,9
DA:12,9
DA:13,9
DA:15,9
DA:18,9
DA:19,9
DA:20,9
DA:21,9
DA:24,9
DA:26,11
DA:29,11
DA:32,11
DA:35,11
DA:38,11
DA:42,0
DA:43,0
DA:45,0
DA:49,0
DA:51,0
DA:52,0
DA:54,0
DA:58,0
DA:62,0
DA:63,0
DA:65,0
DA:69,0
DA:73,0
DA:75,0
DA:76,0
DA:77,0
DA:78,0
DA:80,0
DA:83,0
DA:87,0
DA:91,0
DA:92,0
DA:93,0
DA:95,0
DA:100,0
DA:104,0
DA:105,0
DA:106,0
DA:108,0
DA:113,0
DA:124,0
DA:131,0
DA:135,7
DA:141,7
DA:142,0
DA:145,7
DA:149,1
DA:153,1
DA:154,0
DA:156,1
DA:161,0
DA:168,0
DA:170,0
DA:174,0
DA:178,42
DA:180,42
DA:181,11
DA:183,31
DA:188,0
DA:189,0
DA:191,0
DA:196,10
DA:197,2
DA:198,8
DA:199,0
DA:200,0
DA:202,0
DA:204,8
DA:205,5
DA:207,5
DA:208,1
DA:209,4
DA:210,0
DA:211,4
DA:212,0
DA:214,4
DA:216,4
DA:217,4
DA:218,4
DA:219,4
DA:220,4
DA:222,4
DA:223,4
DA:225,4
DA:226,4
DA:227,4
DA:229,4
DA:230,4
DA:231,4
DA:232,4
DA:234,4
DA:236,0
DA:237,0
DA:238,0
DA:240,4
DA:247,0
DA:251,0
DA:253,0
DA:254,0
DA:256,0
DA:261,0
DA:263,0
DA:264,0
DA:266,0
LF:114
LH:56
BRDA:92,0,0,0
BRDA:92,0,1,0
BRDA:105,1,0,0
BRDA:105,1,1,0
BRDA:139,2,0,7
BRDA:139,2,1,0
BRDA:140,3,0,0
BRDA:140,3,1,7
BRDA:141,4,0,0
BRDA:141,4,1,7
BRDA:153,5,0,0
BRDA:153,5,1,1
BRDA:180,6,0,11
BRDA:180,6,1,31
BRDA:196,7,0,2
BRDA:196,7,1,8
BRDA:198,8,0,0
BRDA:198,8,1,8
BRDA:198,9,0,8
BRDA:198,9,1,8
BRDA:207,10,0,1
BRDA:207,10,1,4
BRDA:209,11,0,0
BRDA:209,11,1,4
BRDA:211,12,0,0
BRDA:211,12,1,4
BRDA:253,13,0,0
BRDA:253,13,1,0
BRDA:263,14,0,0
BRDA:263,14,1,0
BRDA:26,15,0,9
BRDA:26,15,1,0
BRDA:26,16,0,9
BRDA:26,16,1,9
BRDA:26,17,0,9
BRDA:26,17,1,0
BRDA:26,18,0,9
BRDA:26,18,1,9
BRDA:29,19,0,9
BRDA:29,19,1,0
BRDA:29,20,0,9
BRDA:29,20,1,9
BRDA:32,21,0,9
BRDA:32,21,1,0
BRDA:32,22,0,9
BRDA:32,22,1,9
BRDA:35,23,0,9
BRDA:35,23,1,0
BRDA:35,24,0,9
BRDA:35,24,1,9
BRF:50
BRH:30
end_of_record
TN:
SF:src\modules\warehouses\dto\create-warehoue-product-batch.dto.ts
FNF:0
FNH:0
DA:1,9
DA:2,9
DA:4,9
DA:7,9
DA:11,9
DA:15,9
DA:19,9
LF:7
LH:7
BRF:0
BRH:0
end_of_record
TN:
SF:src\modules\warehouses\dto\create-warehouse-employee.dto.ts
FNF:0
FNH:0
DA:1,9
DA:2,9
DA:4,9
DA:7,9
DA:11,9
LF:5
LH:5
BRF:0
BRH:0
end_of_record
TN:
SF:src\modules\warehouses\dto\create-warehouse-product.dto.ts
FNF:0
FNH:0
DA:1,9
DA:2,9
DA:4,9
DA:7,9
DA:11,9
LF:5
LH:5
BRF:0
BRH:0
end_of_record
TN:
SF:src\modules\warehouses\dto\create-warehouse.dto.ts
FNF:0
FNH:0
DA:1,9
DA:2,9
DA:4,9
DA:7,9
DA:11,9
LF:5
LH:5
BRF:0
BRH:0
end_of_record
TN:
SF:src\modules\warehouses\dto\delete-warehouse-employee.dto.ts
FNF:0
FNH:0
DA:1,9
DA:2,9
DA:4,9
DA:7,9
DA:11,9
LF:5
LH:5
BRF:0
BRH:0
end_of_record
TN:
SF:src\modules\warehouses\dto\delete-warehouse-product.dto.ts
FNF:0
FNH:0
DA:1,9
DA:2,9
DA:4,9
DA:7,9
DA:11,9
LF:5
LH:5
BRF:0
BRH:0
end_of_record
TN:
SF:src\modules\warehouses\dto\get-warehouse-product-batch.dto.ts
FNF:0
FNH:0
DA:1,9
DA:3,9
DA:5,9
DA:8,9
DA:11,9
DA:14,9
DA:17,9
DA:20,9
DA:23,9
DA:26,9
DA:29,9
DA:32,9
LF:12
LH:12
BRDA:11,0,0,9
BRDA:11,0,1,0
BRDA:11,1,0,9
BRDA:11,1,1,9
BRDA:23,2,0,9
BRDA:23,2,1,0
BRDA:23,3,0,9
BRDA:23,3,1,9
BRDA:26,4,0,9
BRDA:26,4,1,0
BRDA:26,5,0,9
BRDA:26,5,1,9
BRF:12
BRH:9
end_of_record
TN:
SF:src\modules\warehouses\dto\update-warehouse-product-batch.dto.ts
FNF:0
FNH:0
DA:1,9
DA:2,9
DA:4,9
DA:7,9
DA:12,9
DA:17,9
LF:6
LH:6
BRF:0
BRH:0
end_of_record
TN:
SF:src\modules\warehouses\dto\update-warehouse.dto.ts
FNF:0
FNH:0
DA:1,9
DA:2,9
DA:4,9
DA:8,9
DA:13,9
LF:5
LH:5
BRF:0
BRH:0
end_of_record
TN:
SF:src\modules\warehouses\entities\warehouse-employee.entity.ts
FN:18,(anonymous_2)
FN:19,(anonymous_3)
FN:23,(anonymous_4)
FN:24,(anonymous_5)
FNF:4
FNH:2
FNDA:0,(anonymous_2)
FNDA:9,(anonymous_3)
FNDA:0,(anonymous_4)
FNDA:9,(anonymous_5)
DA:1,9
DA:2,9
DA:3,9
DA:4,9
DA:7,9
DA:11,9
DA:16,9
DA:18,0
DA:19,9
DA:21,9
DA:23,0
DA:24,9
DA:26,9
LF:13
LH:11
BRDA:21,0,0,0
BRDA:21,0,1,9
BRDA:21,1,0,9
BRDA:21,1,1,0
BRDA:26,2,0,2
BRDA:26,2,1,7
BRDA:26,3,0,9
BRDA:26,3,1,2
BRF:8
BRH:6
end_of_record
TN:
SF:src\modules\warehouses\entities\warehouse-product-batch.entity.ts
FN:51,(anonymous_2)
FN:66,(anonymous_3)
FN:66,(anonymous_4)
FN:70,(anonymous_5)
FN:70,(anonymous_6)
FN:74,(anonymous_7)
FN:74,(anonymous_8)
FNF:7
FNH:7
FNDA:9,(anonymous_2)
FNDA:9,(anonymous_3)
FNDA:9,(anonymous_4)
FNDA:9,(anonymous_5)
FNDA:9,(anonymous_6)
FNDA:9,(anonymous_7)
FNDA:9,(anonymous_8)
DA:1,9
DA:2,9
DA:3,9
DA:4,9
DA:5,9
DA:6,9
DA:9,9
DA:12,9
DA:16,9
DA:20,9
DA:24,9
DA:28,9
DA:32,9
DA:36,9
DA:40,9
DA:44,9
DA:48,9
DA:51,9
DA:63,9
DA:66,9
DA:67,9
DA:70,9
DA:71,9
DA:74,9
DA:75,9
LF:25
LH:25
BRDA:20,0,0,9
BRDA:20,0,1,0
BRDA:20,1,0,9
BRDA:20,1,1,9
BRDA:36,2,0,9
BRDA:36,2,1,0
BRDA:36,3,0,9
BRDA:36,3,1,9
BRDA:40,4,0,9
BRDA:40,4,1,0
BRDA:40,5,0,9
BRDA:40,5,1,9
BRDA:63,6,0,2
BRDA:63,6,1,7
BRDA:63,7,0,9
BRDA:63,7,1,2
BRDA:71,8,0,2
BRDA:71,8,1,7
BRDA:71,9,0,9
BRDA:71,9,1,2
BRF:20
BRH:17
end_of_record
TN:
SF:src\modules\warehouses\entities\warehouse-product.entity.ts
FN:22,(anonymous_2)
FN:27,(anonymous_3)
FN:32,(anonymous_4)
FN:32,(anonymous_5)
FN:36,(anonymous_6)
FN:36,(anonymous_7)
FN:40,(anonymous_8)
FN:40,(anonymous_9)
FNF:8
FNH:8
FNDA:9,(anonymous_2)
FNDA:9,(anonymous_3)
FNDA:9,(anonymous_4)
FNDA:9,(anonymous_5)
FNDA:9,(anonymous_6)
FNDA:9,(anonymous_7)
FNDA:9,(anonymous_8)
FNDA:9,(anonymous_9)
DA:1,9
DA:2,9
DA:3,9
DA:4,9
DA:5,9
DA:6,9
DA:7,9
DA:10,9
DA:14,9
DA:19,9
DA:22,9
DA:24,9
DA:27,9
DA:29,9
DA:32,9
DA:33,9
DA:36,9
DA:37,9
DA:40,9
DA:41,9
LF:20
LH:20
BRDA:24,0,0,0
BRDA:24,0,1,9
BRDA:24,1,0,9
BRDA:24,1,1,0
BRDA:29,2,0,6
BRDA:29,2,1,3
BRDA:29,3,0,9
BRDA:29,3,1,6
BRF:8
BRH:6
end_of_record
TN:
SF:src\modules\warehouses\entities\warehouse.entity.ts
FN:33,(anonymous_2)
FN:33,(anonymous_3)
FN:38,(anonymous_4)
FN:38,(anonymous_5)
FN:42,(anonymous_6)
FN:42,(anonymous_7)
FN:46,(anonymous_8)
FN:46,(anonymous_9)
FN:50,(anonymous_10)
FN:50,(anonymous_11)
FN:54,(anonymous_12)
FN:54,(anonymous_13)
FNF:12
FNH:12
FNDA:9,(anonymous_2)
FNDA:9,(anonymous_3)
FNDA:9,(anonymous_4)
FNDA:9,(anonymous_5)
FNDA:9,(anonymous_6)
FNDA:9,(anonymous_7)
FNDA:9,(anonymous_8)
FNDA:9,(anonymous_9)
FNDA:9,(anonymous_10)
FNDA:9,(anonymous_11)
FNDA:9,(anonymous_12)
FNDA:9,(anonymous_13)
DA:1,9
DA:2,9
DA:3,9
DA:4,9
DA:5,9
DA:6,9
DA:7,9
DA:10,9
DA:13,9
DA:18,9
DA:22,9
DA:26,9
DA:30,9
DA:33,9
DA:35,9
DA:38,9
DA:39,9
DA:42,9
DA:43,9
DA:46,9
DA:47,9
DA:50,9
DA:51,9
DA:54,9
DA:55,9
LF:25
LH:25
BRDA:26,0,0,9
BRDA:26,0,1,0
BRDA:26,1,0,9
BRDA:26,1,1,9
BRDA:30,2,0,9
BRDA:30,2,1,0
BRDA:30,3,0,9
BRDA:30,3,1,9
BRF:8
BRH:6
end_of_record
TN:
SF:src\utilities\test.ts
FN:2,(anonymous_0)
FNF:1
FNH:0
FNDA:0,(anonymous_0)
DA:1,0
DA:2,0
DA:3,0
DA:4,0
DA:6,0
DA:8,0
LF:6
LH:0
BRDA:3,0,0,0
BRDA:3,0,1,0
BRF:2
BRH:0
end_of_record
TN:
SF:src\utilities\constants\constants.ts
FN:27,(anonymous_1)
FN:50,(anonymous_2)
FNF:2
FNH:1
FNDA:9,(anonymous_1)
FNDA:0,(anonymous_2)
DA:1,9
DA:2,9
DA:3,9
DA:4,9
DA:5,9
DA:6,9
DA:7,9
DA:8,9
DA:9,9
DA:10,9
DA:11,9
DA:12,9
DA:13,9
DA:14,9
DA:15,9
DA:16,9
DA:17,9
DA:18,9
DA:19,9
DA:20,9
DA:21,9
DA:22,9
DA:23,9
DA:24,9
DA:25,9
DA:27,9
DA:28,9
DA:31,9
DA:51,0
LF:29
LH:28
BRDA:27,0,0,9
BRDA:27,0,1,9
BRF:2
BRH:2
end_of_record
TN:
SF:src\utilities\custom_decorators\public.decorator.ts
FN:4,(anonymous_0)
FNF:1
FNH:0
FNDA:0,(anonymous_0)
DA:1,0
DA:3,0
DA:4,0
LF:3
LH:0
BRF:0
BRH:0
end_of_record
TN:
SF:src\utilities\custom_decorators\roles.decorator.ts
FN:5,(anonymous_0)
FN:7,(anonymous_1)
FNF:2
FNH:2
FNDA:173,(anonymous_0)
FNDA:9,(anonymous_1)
DA:1,9
DA:2,9
DA:4,9
DA:5,173
DA:7,9
LF:5
LH:5
BRF:0
BRH:0
end_of_record
TN:
SF:src\utilities\exception_filters\http-exception.filter.ts
FN:14,(anonymous_1)
FNF:1
FNH:0
FNDA:0,(anonymous_1)
DA:1,0
DA:3,0
DA:13,0
DA:15,0
DA:16,0
DA:18,0
DA:20,0
DA:23,0
DA:24,0
DA:25,0
DA:27,0
DA:30,0
DA:31,0
DA:34,0
LF:14
LH:0
BRDA:23,0,0,0
BRDA:23,0,1,0
BRDA:30,1,0,0
BRDA:30,1,1,0
BRDA:30,2,0,0
BRDA:30,2,1,0
BRF:6
BRH:0
end_of_record
TN:
SF:src\utilities\functions\getDataFromDTO.ts
FN:3,getDataFromDTO
FN:5,(anonymous_1)
FN:11,(anonymous_2)
FN:29,(anonymous_3)
FN:35,(anonymous_4)
FNF:5
FNH:3
FNDA:22,getDataFromDTO
FNDA:250,(anonymous_1)
FNDA:0,(anonymous_2)
FNDA:12,(anonymous_3)
FNDA:0,(anonymous_4)
DA:1,9
DA:3,9
DA:4,22
DA:5,18
DA:6,250
DA:7,18
DA:8,232
DA:9,0
DA:11,0
DA:12,0
DA:13,0
DA:15,0
DA:18,0
DA:19,232
DA:20,0
DA:21,0
DA:23,0
DA:25,232
DA:29,4
DA:30,12
DA:31,0
DA:32,12
DA:33,0
DA:35,0
DA:36,0
DA:37,0
DA:39,0
DA:42,0
DA:43,12
DA:44,0
DA:45,0
DA:47,0
DA:49,12
DA:54,22
LF:34
LH:15
BRDA:4,0,0,18
BRDA:4,0,1,4
BRDA:6,1,0,18
BRDA:6,1,1,232
BRDA:8,2,0,0
BRDA:8,2,1,232
BRDA:19,3,0,0
BRDA:19,3,1,232
BRDA:30,4,0,0
BRDA:30,4,1,12
BRDA:32,5,0,0
BRDA:32,5,1,12
BRDA:43,6,0,0
BRDA:43,6,1,12
BRF:14
BRH:9
end_of_record
TN:
SF:src\utilities\functions\getDataFromEntity.ts
FN:1,getDataFromEntity
FN:2,(anonymous_1)
FNF:2
FNH:0
FNDA:0,getDataFromEntity
FNDA:0,(anonymous_1)
DA:1,9
DA:2,0
DA:3,0
DA:6,0
LF:4
LH:1
BRF:0
BRH:0
end_of_record
TN:
SF:src\utilities\functions\isBigIntInDatabase.ts
FN:1,isBigIntInDatabase
FNF:1
FNH:0
FNDA:0,isBigIntInDatabase
DA:1,9
DA:2,0
DA:3,0
DA:4,0
DA:5,0
DA:8,0
LF:6
LH:1
BRDA:2,0,0,0
BRDA:2,0,1,0
BRDA:4,1,0,0
BRDA:4,1,1,0
BRDA:4,2,0,0
BRDA:4,2,1,0
BRF:6
BRH:0
end_of_record
TN:
SF:src\utilities\functions\parseObjectDataWithoutIdFileld.ts
FN:1,parseObjectDataWithoutIdField
FN:2,(anonymous_1)
FNF:2
FNH:0
FNDA:0,parseObjectDataWithoutIdField
FNDA:0,(anonymous_1)
DA:1,9
DA:2,0
DA:3,0
DA:4,0
DA:8,0
LF:5
LH:1
BRDA:3,0,0,0
BRDA:3,0,1,0
BRDA:3,1,0,0
BRDA:3,1,1,0
BRDA:3,1,2,0
BRF:5
BRH:0
end_of_record
TN:
SF:src\utilities\functions\removeNullAndUndefined.ts
FN:1,removeNullAndUndefined
FNF:1
FNH:0
FNDA:0,removeNullAndUndefined
DA:1,9
DA:2,0
DA:3,0
DA:4,0
DA:5,0
DA:6,0
DA:10,0
LF:7
LH:1
BRDA:3,0,0,0
BRDA:3,0,1,0
BRDA:3,1,0,0
BRDA:3,1,1,0
BRDA:5,2,0,0
BRDA:5,2,1,0
BRF:6
BRH:0
end_of_record
TN:
SF:src\utilities\global_dto\http-exception.dto.ts
FNF:0
FNH:0
DA:1,9
DA:3,9
DA:5,9
DA:8,9
LF:4
LH:4
BRF:0
BRH:0
end_of_record
